#
# There is insufficient memory for the Java Runtime Environment to continue.
# Native memory allocation (mmap) failed to map 223870976 bytes for committing reserved memory.
# Possible reasons:
#   The system is out of physical RAM or swap space
#   In 32 bit mode, the process size limit was hit
# Possible solutions:
#   Reduce memory load on the system
#   Increase physical memory or swap space
#   Check if swap backing store is full
#   Use 64 bit Java on a 64 bit OS
#   Decrease Java heap size (-Xmx/-Xms)
#   Decrease number of Java threads
#   Decrease Java thread stack sizes (-Xss)
#   Set larger code cache with -XX:ReservedCodeCacheSize=
# This output file may be truncated or incomplete.
#
#  Out of Memory Error (os_linux.cpp:2640), pid=48110, tid=0x00007f9e5015b700
#
# JRE version: Java(TM) SE Runtime Environment (8.0_181-b13) (build 1.8.0_181-b13)
# Java VM: Java HotSpot(TM) 64-Bit Server VM (25.181-b13 mixed mode linux-amd64 compressed oops)
# Failed to write core dump. Core dumps have been disabled. To enable core dumping, try "ulimit -c unlimited" before starting Java again
#

---------------  T H R E A D  ---------------

Current thread (0x00007f9e64148800):  VMThread [stack: 0x00007f9e5005b000,0x00007f9e5015c000] [id=48127]

Stack: [0x00007f9e5005b000,0x00007f9e5015c000],  sp=0x00007f9e5015a260,  free space=1020k
Native frames: (J=compiled Java code, j=interpreted, Vv=VM code, C=native code)
V  [libjvm.so+0xad21aa]  VMError::report_and_die()+0x2ba
V  [libjvm.so+0x5022db]  report_vm_out_of_memory(char const*, int, unsigned long, VMErrorType, char const*)+0x8b
V  [libjvm.so+0x92fe33]  os::Linux::commit_memory_impl(char*, unsigned long, bool)+0x123
V  [libjvm.so+0x930059]  os::pd_commit_memory(char*, unsigned long, unsigned long, bool)+0x29
V  [libjvm.so+0x9272ba]  os::commit_memory(char*, unsigned long, unsigned long, bool)+0x2a
V  [libjvm.so+0x99d2e3]  PSVirtualSpace::expand_by(unsigned long)+0x53
V  [libjvm.so+0x98dba0]  PSOldGen::expand(unsigned long)+0x170
V  [libjvm.so+0x98ddab]  PSOldGen::resize(unsigned long)+0x1cb
V  [libjvm.so+0x995ab1]  PSParallelCompact::invoke_no_policy(bool)+0x991
V  [libjvm.so+0x99b40d]  PSScavenge::invoke()+0x1ad
V  [libjvm.so+0x951d70]  ParallelScavengeHeap::failed_mem_allocate(unsigned long)+0x70
V  [libjvm.so+0xad3c27]  VM_ParallelGCFailedAllocation::doit()+0x97
V  [libjvm.so+0xadb745]  VM_Operation::evaluate()+0x55
V  [libjvm.so+0xad9b0a]  VMThread::evaluate_operation(VM_Operation*)+0xba
V  [libjvm.so+0xad9e8e]  VMThread::loop()+0x1ce
V  [libjvm.so+0xada300]  VMThread::run()+0x70
V  [libjvm.so+0x930198]  java_start(Thread*)+0x108

VM_Operation (0x00007f9e4045f310): ParallelGCFailedAllocation, mode: safepoint, requested by thread 0x00007f9e08019800


---------------  P R O C E S S  ---------------

Java Threads: ( => current thread )
  0x00007f9e0802e800 JavaThread "task-result-getter-3" daemon [_thread_blocked, id=48197, stack(0x00007f9dd34f9000,0x00007f9dd35fa000)]
  0x00007f9e08024800 JavaThread "task-result-getter-2" daemon [_thread_blocked, id=48196, stack(0x00007f9dd35fa000,0x00007f9dd36fb000)]
  0x00007f9e08022000 JavaThread "task-result-getter-1" daemon [_thread_blocked, id=48195, stack(0x00007f9dd3afb000,0x00007f9dd3bfc000)]
  0x00007f9e1c9db000 JavaThread "block-manager-slave-async-thread-pool-2" daemon [_thread_blocked, id=48194, stack(0x00007f9dd3bfc000,0x00007f9dd3cfd000)]
  0x00007f9e1d63d000 JavaThread "block-manager-slave-async-thread-pool-1" daemon [_thread_blocked, id=48193, stack(0x00007f9dd3cfd000,0x00007f9dd3dfe000)]
  0x00007f9e0401a000 JavaThread "block-manager-ask-thread-pool-0" daemon [_thread_blocked, id=48192, stack(0x00007f9dd3dfe000,0x00007f9dd3eff000)]
  0x00007f9e08020800 JavaThread "block-manager-slave-async-thread-pool-0" daemon [_thread_blocked, id=48191, stack(0x00007f9dd3eff000,0x00007f9dd4000000)]
  0x00007f9e0801c000 JavaThread "task-result-getter-0" daemon [_thread_blocked, id=48190, stack(0x00007f9e4006a000,0x00007f9e4016b000)]
  0x00007f9e08019800 JavaThread "Executor task launch worker for task 4" daemon [_thread_blocked, id=48189, stack(0x00007f9e4036b000,0x00007f9e4046c000)]
  0x00007f9e65b3b000 JavaThread "org.apache.hadoop.fs.FileSystem$Statistics$StatisticsDataReferenceCleaner" daemon [_thread_blocked, id=48188, stack(0x00007f9e41c79000,0x00007f9e41d7a000)]
  0x00007f9e65ab7800 JavaThread "spark-listener-group-streams" daemon [_thread_blocked, id=48187, stack(0x00007f9e41d7a000,0x00007f9e41e7b000)]
  0x00007f9e65486000 JavaThread "spark-listener-group-shared" daemon [_thread_blocked, id=48186, stack(0x00007f9e424eb000,0x00007f9e425ec000)]
  0x00007f9dfc00c000 JavaThread "element-tracking-store-worker" daemon [_thread_blocked, id=48185, stack(0x00007f9e425ec000,0x00007f9e426ed000)]
  0x00007f9e65391800 JavaThread "spark-listener-group-executorManagement" daemon [_thread_blocked, id=48184, stack(0x00007f9e426ed000,0x00007f9e427ee000)]
  0x00007f9e6538f800 JavaThread "spark-listener-group-appStatus" daemon [_thread_blocked, id=48183, stack(0x00007f9e427ee000,0x00007f9e428ef000)]
  0x00007f9e6538c800 JavaThread "context-cleaner-periodic-gc" daemon [_thread_blocked, id=48182, stack(0x00007f9e428ef000,0x00007f9e429f0000)]
  0x00007f9e6538a800 JavaThread "Spark Context Cleaner" daemon [_thread_blocked, id=48181, stack(0x00007f9e429f0000,0x00007f9e42af1000)]
  0x00007f9e6521e800 JavaThread "shuffle-server-5-1" daemon [_thread_in_native, id=48180, stack(0x00007f9e42cf1000,0x00007f9e42df2000)]
  0x00007f9e65205000 JavaThread "driver-heartbeater" daemon [_thread_blocked, id=48179, stack(0x00007f9e42df2000,0x00007f9e42ef3000)]
  0x00007f9e651fe800 JavaThread "dag-scheduler-event-loop" daemon [_thread_blocked, id=48178, stack(0x00007f9e42ef3000,0x00007f9e42ff4000)]
  0x00007f9ddc003800 JavaThread "netty-rpc-env-timeout" daemon [_thread_blocked, id=48177, stack(0x00007f9e42ff4000,0x00007f9e430f5000)]
  0x00007f9e651dd800 JavaThread "Timer-0" daemon [_thread_blocked, id=48176, stack(0x00007f9e430f5000,0x00007f9e431f6000)]
  0x00007f9e08002000 JavaThread "heartbeat-receiver-event-loop-thread" daemon [_thread_blocked, id=48175, stack(0x00007f9e431f6000,0x00007f9e432f7000)]
  0x00007f9e6518a000 JavaThread "SparkUI-34" daemon [_thread_blocked, id=48174, stack(0x00007f9e434f7000,0x00007f9e435f8000)]
  0x00007f9e65188800 JavaThread "SparkUI-33" daemon [_thread_blocked, id=48173, stack(0x00007f9e435f8000,0x00007f9e436f9000)]
  0x00007f9e65186800 JavaThread "SparkUI-32" daemon [_thread_blocked, id=48172, stack(0x00007f9e436f9000,0x00007f9e437fa000)]
  0x00007f9e65185000 JavaThread "SparkUI-31" daemon [_thread_blocked, id=48171, stack(0x00007f9e437fa000,0x00007f9e438fb000)]
  0x00007f9e65183000 JavaThread "SparkUI-30" daemon [_thread_blocked, id=48170, stack(0x00007f9e438fb000,0x00007f9e439fc000)]
  0x00007f9e65181000 JavaThread "SparkUI-29-acceptor-0@288e932c-ServerConnector@2649784d{HTTP/1.1,[http/1.1]}{0.0.0.0:4040}" daemon [_thread_in_native, id=48169, stack(0x00007f9e439fc000,0x00007f9e43afd000)]
  0x00007f9e6517f800 JavaThread "SparkUI-28" daemon [_thread_in_native, id=48168, stack(0x00007f9e43afd000,0x00007f9e43bfe000)]
  0x00007f9e6517c800 JavaThread "SparkUI-27" daemon [_thread_in_native, id=48167, stack(0x00007f9e43bfe000,0x00007f9e43cff000)]
  0x00007f9e650e4800 JavaThread "RemoteBlock-temp-file-clean-thread" daemon [_thread_blocked, id=48166, stack(0x00007f9e43eff000,0x00007f9e44000000)]
  0x00007f9e65098800 JavaThread "map-output-dispatcher-7" daemon [_thread_blocked, id=48165, stack(0x00007f9e4806f000,0x00007f9e48170000)]
  0x00007f9e65096800 JavaThread "map-output-dispatcher-6" daemon [_thread_blocked, id=48164, stack(0x00007f9e48170000,0x00007f9e48271000)]
  0x00007f9e65095000 JavaThread "map-output-dispatcher-5" daemon [_thread_blocked, id=48163, stack(0x00007f9e48271000,0x00007f9e48372000)]
  0x00007f9e65093000 JavaThread "map-output-dispatcher-4" daemon [_thread_blocked, id=48162, stack(0x00007f9e48372000,0x00007f9e48473000)]
  0x00007f9e65091800 JavaThread "map-output-dispatcher-3" daemon [_thread_blocked, id=48161, stack(0x00007f9e48473000,0x00007f9e48574000)]
  0x00007f9e65090000 JavaThread "map-output-dispatcher-2" daemon [_thread_blocked, id=48160, stack(0x00007f9e48574000,0x00007f9e48675000)]
  0x00007f9e6508f000 JavaThread "map-output-dispatcher-1" daemon [_thread_blocked, id=48159, stack(0x00007f9e48675000,0x00007f9e48776000)]
  0x00007f9e6508b800 JavaThread "map-output-dispatcher-0" daemon [_thread_blocked, id=48158, stack(0x00007f9e48776000,0x00007f9e48877000)]
  0x00007f9e65063800 JavaThread "rpc-server-3-1" daemon [_thread_in_native, id=48157, stack(0x00007f9e48877000,0x00007f9e48978000)]
  0x00007f9e64f37800 JavaThread "dispatcher-event-loop-1" daemon [_thread_blocked, id=48156, stack(0x00007f9e48d89000,0x00007f9e48e8a000)]
  0x00007f9e64f36800 JavaThread "dispatcher-event-loop-0" daemon [_thread_blocked, id=48155, stack(0x00007f9e4928b000,0x00007f9e4938c000)]
  0x00007f9e64e8a800 JavaThread "process reaper" daemon [_thread_blocked, id=48153, stack(0x00007f9e4a572000,0x00007f9e4a5ab000)]
  0x00007f9e64abf800 JavaThread "Service Thread" daemon [_thread_blocked, id=48143, stack(0x00007f9e4a2ba000,0x00007f9e4a3bb000)]
  0x00007f9e64abc800 JavaThread "C1 CompilerThread2" daemon [_thread_blocked, id=48142, stack(0x00007f9e4a3bb000,0x00007f9e4a4bc000)]
  0x00007f9e64ab9800 JavaThread "C2 CompilerThread1" daemon [_thread_blocked, id=48141, stack(0x00007f9e4a7c5000,0x00007f9e4a8c6000)]
  0x00007f9e64ab8000 JavaThread "C2 CompilerThread0" daemon [_thread_blocked, id=48140, stack(0x00007f9e4a8c6000,0x00007f9e4a9c7000)]
  0x00007f9e64ab6000 JavaThread "Monitor Ctrl-Break" daemon [_thread_in_native, id=48139, stack(0x00007f9e4a9c7000,0x00007f9e4aac8000)]
  0x00007f9e64188800 JavaThread "Signal Dispatcher" daemon [_thread_blocked, id=48137, stack(0x00007f9e4b61b000,0x00007f9e4b71c000)]
  0x00007f9e64155000 JavaThread "Finalizer" daemon [_thread_blocked, id=48131, stack(0x00007f9e4bdfe000,0x00007f9e4beff000)]
  0x00007f9e64152800 JavaThread "Reference Handler" daemon [_thread_blocked, id=48129, stack(0x00007f9e4beff000,0x00007f9e4c000000)]
  0x00007f9e64013800 JavaThread "main" [_thread_blocked, id=48115, stack(0x00007f9e6aa02000,0x00007f9e6ab03000)]

Other Threads:
=>0x00007f9e64148800 VMThread [stack: 0x00007f9e5005b000,0x00007f9e5015c000] [id=48127]
  0x00007f9e64ac4800 WatcherThread [stack: 0x00007f9e4a1b9000,0x00007f9e4a2ba000] [id=48144]

VM state:at safepoint (normal execution)

VM Mutex/Monitor currently owned by a thread:  ([mutex/lock_event])
[0x00007f9e6400a110] ExpandHeap_lock - owner thread: 0x00007f9e64148800
[0x00007f9e6400a790] Threads_lock - owner thread: 0x00007f9e64148800
[0x00007f9e64010020] Heap_lock - owner thread: 0x00007f9e08019800

Heap:
 PSYoungGen      total 180224K, used 3241K [0x00000000e9f80000, 0x0000000100000000, 0x0000000100000000)
  eden space 120320K, 0% used [0x00000000e9f80000,0x00000000e9f80000,0x00000000f1500000)
  from space 59904K, 5% used [0x00000000fc580000,0x00000000fc8aa778,0x0000000100000000)
  to   space 120320K, 0% used [0x00000000f1500000,0x00000000f1500000,0x00000000f8a80000)
 ParOldGen       total 426496K, used 426131K [0x00000000bde00000, 0x00000000d7e80000, 0x00000000e9f80000)
  object space 426496K, 99% used [0x00000000bde00000,0x00000000d7e24ef0,0x00000000d7e80000)
 Metaspace       used 70747K, capacity 71554K, committed 71848K, reserved 1110016K
  class space    used 10599K, capacity 10793K, committed 10920K, reserved 1048576K

Card table byte_map: [0x00007f9e541e0000,0x00007f9e543f2000] byte_map_base: 0x00007f9e53bf1000

Marking Bits: (ParMarkBitMap*) 0x00007f9e69ed20a0
 Begin Bits: [0x00007f9e51ccc000, 0x00007f9e52d54000)
 End Bits:   [0x00007f9e52d54000, 0x00007f9e53ddc000)

Polling page: 0x00007f9e6ab1b000

CodeCache: size=245760Kb used=22048Kb max_used=22423Kb free=223711Kb
 bounds [0x00007f9e547b2000, 0x00007f9e55e02000, 0x00007f9e637b2000]
 total_blobs=7850 nmethods=7238 adapters=522
 compilation: enabled

Compilation events (10 events):
Event: 22.714 Thread 0x00007f9e64ab8000 nmethod 8549 0x00007f9e554d31d0 code [0x00007f9e554d3360, 0x00007f9e554d39b8]
Event: 22.714 Thread 0x00007f9e64ab8000 8555       4       java.util.regex.Pattern$Curly::match (86 bytes)
Event: 22.714 Thread 0x00007f9e64abc800 8557       3       java.util.regex.Pattern$CharProperty$1::isSatisfiedBy (17 bytes)
Event: 22.714 Thread 0x00007f9e64abc800 nmethod 8557 0x00007f9e54d610d0 code [0x00007f9e54d61240, 0x00007f9e54d614a8]
Event: 22.724 Thread 0x00007f9e64abc800 8558       1       org.apache.spark.sql.catalyst.expressions.codegen.CodegenContext::classFunctions (5 bytes)
Event: 22.724 Thread 0x00007f9e64abc800 nmethod 8558 0x00007f9e54a75e50 code [0x00007f9e54a75fa0, 0x00007f9e54a760b0]
Event: 22.725 Thread 0x00007f9e64abc800 8559       3       scala.collection.mutable.HashMap$$anon$2$$anonfun$foreach$3::apply (9 bytes)
Event: 22.726 Thread 0x00007f9e64abc800 nmethod 8559 0x00007f9e54c7e950 code [0x00007f9e54c7eae0, 0x00007f9e54c7ef48]
Event: 22.726 Thread 0x00007f9e64abc800 8560       3       scala.collection.mutable.HashMap$$anon$2$$anonfun$foreach$3::apply (14 bytes)
Event: 22.726 Thread 0x00007f9e64abc800 nmethod 8560 0x00007f9e54d60b10 code [0x00007f9e54d60c80, 0x00007f9e54d60f28]

GC Heap History (10 events):
Event: 18.596 GC heap after
Heap after GC invocations=31 (full 3):
 PSYoungGen      total 260608K, used 19449K [0x00000000e9f80000, 0x0000000100000000, 0x0000000100000000)
  eden space 241152K, 0% used [0x00000000e9f80000,0x00000000e9f80000,0x00000000f8b00000)
  from space 19456K, 99% used [0x00000000fed00000,0x00000000ffffe628,0x0000000100000000)
  to   space 59904K, 0% used [0x00000000f8b00000,0x00000000f8b00000,0x00000000fc580000)
 ParOldGen       total 136704K, used 136112K [0x00000000bde00000, 0x00000000c6380000, 0x00000000e9f80000)
  object space 136704K, 99% used [0x00000000bde00000,0x00000000c62ec060,0x00000000c6380000)
 Metaspace       used 70157K, capacity 70942K, committed 71208K, reserved 1110016K
  class space    used 10526K, capacity 10711K, committed 10792K, reserved 1048576K
}
Event: 18.596 GC heap before
{Heap before GC invocations=32 (full 4):
 PSYoungGen      total 260608K, used 19449K [0x00000000e9f80000, 0x0000000100000000, 0x0000000100000000)
  eden space 241152K, 0% used [0x00000000e9f80000,0x00000000e9f80000,0x00000000f8b00000)
  from space 19456K, 99% used [0x00000000fed00000,0x00000000ffffe628,0x0000000100000000)
  to   space 59904K, 0% used [0x00000000f8b00000,0x00000000f8b00000,0x00000000fc580000)
 ParOldGen       total 136704K, used 136112K [0x00000000bde00000, 0x00000000c6380000, 0x00000000e9f80000)
  object space 136704K, 99% used [0x00000000bde00000,0x00000000c62ec060,0x00000000c6380000)
 Metaspace       used 70157K, capacity 70942K, committed 71208K, reserved 1110016K
  class space    used 10526K, capacity 10711K, committed 10792K, reserved 1048576K
Event: 19.430 GC heap after
Heap after GC invocations=32 (full 4):
 PSYoungGen      total 260608K, used 16780K [0x00000000e9f80000, 0x0000000100000000, 0x0000000100000000)
  eden space 241152K, 0% used [0x00000000e9f80000,0x00000000e9f80000,0x00000000f8b00000)
  from space 19456K, 86% used [0x00000000fed00000,0x00000000ffd631e0,0x0000000100000000)
  to   space 59904K, 0% used [0x00000000f8b00000,0x00000000f8b00000,0x00000000fc580000)
 ParOldGen       total 228352K, used 136425K [0x00000000bde00000, 0x00000000cbd00000, 0x00000000e9f80000)
  object space 228352K, 59% used [0x00000000bde00000,0x00000000c633a5f0,0x00000000cbd00000)
 Metaspace       used 70153K, capacity 70936K, committed 71208K, reserved 1110016K
  class space    used 10525K, capacity 10710K, committed 10792K, reserved 1048576K
}
Event: 21.064 GC heap before
{Heap before GC invocations=33 (full 4):
 PSYoungGen      total 260608K, used 256463K [0x00000000e9f80000, 0x0000000100000000, 0x0000000100000000)
  eden space 241152K, 99% used [0x00000000e9f80000,0x00000000f8990a80,0x00000000f8b00000)
  from space 19456K, 86% used [0x00000000fed00000,0x00000000ffd631e0,0x0000000100000000)
  to   space 59904K, 0% used [0x00000000f8b00000,0x00000000f8b00000,0x00000000fc580000)
 ParOldGen       total 228352K, used 136425K [0x00000000bde00000, 0x00000000cbd00000, 0x00000000e9f80000)
  object space 228352K, 59% used [0x00000000bde00000,0x00000000c633a5f0,0x00000000cbd00000)
 Metaspace       used 70631K, capacity 71394K, committed 71464K, reserved 1110016K
  class space    used 10580K, capacity 10760K, committed 10792K, reserved 1048576K
Event: 21.237 GC heap after
Heap after GC invocations=33 (full 4):
 PSYoungGen      total 301056K, used 59889K [0x00000000e9f80000, 0x0000000100000000, 0x0000000100000000)
  eden space 241152K, 0% used [0x00000000e9f80000,0x00000000e9f80000,0x00000000f8b00000)
  from space 59904K, 99% used [0x00000000f8b00000,0x00000000fc57c4f0,0x00000000fc580000)
  to   space 59904K, 0% used [0x00000000fc580000,0x00000000fc580000,0x0000000100000000)
 ParOldGen       total 276992K, used 276734K [0x00000000bde00000, 0x00000000cec80000, 0x00000000e9f80000)
  object space 276992K, 99% used [0x00000000bde00000,0x00000000cec3faf8,0x00000000cec80000)
 Metaspace       used 70631K, capacity 71394K, committed 71464K, reserved 1110016K
  class space    used 10580K, capacity 10760K, committed 10792K, reserved 1048576K
}
Event: 21.237 GC heap before
{Heap before GC invocations=34 (full 5):
 PSYoungGen      total 301056K, used 59889K [0x00000000e9f80000, 0x0000000100000000, 0x0000000100000000)
  eden space 241152K, 0% used [0x00000000e9f80000,0x00000000e9f80000,0x00000000f8b00000)
  from space 59904K, 99% used [0x00000000f8b00000,0x00000000fc57c4f0,0x00000000fc580000)
  to   space 59904K, 0% used [0x00000000fc580000,0x00000000fc580000,0x0000000100000000)
 ParOldGen       total 276992K, used 276734K [0x00000000bde00000, 0x00000000cec80000, 0x00000000e9f80000)
  object space 276992K, 99% used [0x00000000bde00000,0x00000000cec3faf8,0x00000000cec80000)
 Metaspace       used 70631K, capacity 71394K, committed 71464K, reserved 1110016K
  class space    used 10580K, capacity 10760K, committed 10792K, reserved 1048576K
Event: 21.362 GC heap after
Heap after GC invocations=34 (full 5):
 PSYoungGen      total 301056K, used 0K [0x00000000e9f80000, 0x0000000100000000, 0x0000000100000000)
  eden space 241152K, 0% used [0x00000000e9f80000,0x00000000e9f80000,0x00000000f8b00000)
  from space 59904K, 0% used [0x00000000f8b00000,0x00000000f8b00000,0x00000000fc580000)
  to   space 59904K, 0% used [0x00000000fc580000,0x00000000fc580000,0x0000000100000000)
 ParOldGen       total 343040K, used 198301K [0x00000000bde00000, 0x00000000d2d00000, 0x00000000e9f80000)
  object space 343040K, 57% used [0x00000000bde00000,0x00000000c9fa7608,0x00000000d2d00000)
 Metaspace       used 70627K, capacity 71388K, committed 71464K, reserved 1110016K
  class space    used 10579K, capacity 10759K, committed 10792K, reserved 1048576K
}
Event: 22.729 GC heap before
{Heap before GC invocations=35 (full 5):
 PSYoungGen      total 301056K, used 241152K [0x00000000e9f80000, 0x0000000100000000, 0x0000000100000000)
  eden space 241152K, 100% used [0x00000000e9f80000,0x00000000f8b00000,0x00000000f8b00000)
  from space 59904K, 0% used [0x00000000f8b00000,0x00000000f8b00000,0x00000000fc580000)
  to   space 59904K, 0% used [0x00000000fc580000,0x00000000fc580000,0x0000000100000000)
 ParOldGen       total 343040K, used 198301K [0x00000000bde00000, 0x00000000d2d00000, 0x00000000e9f80000)
  object space 343040K, 57% used [0x00000000bde00000,0x00000000c9fa7608,0x00000000d2d00000)
 Metaspace       used 70747K, capacity 71554K, committed 71848K, reserved 1110016K
  class space    used 10599K, capacity 10793K, committed 10920K, reserved 1048576K
Event: 22.941 GC heap after
Heap after GC invocations=35 (full 5):
 PSYoungGen      total 180224K, used 52441K [0x00000000e9f80000, 0x0000000100000000, 0x0000000100000000)
  eden space 120320K, 0% used [0x00000000e9f80000,0x00000000e9f80000,0x00000000f1500000)
  from space 59904K, 87% used [0x00000000fc580000,0x00000000ff8b65a8,0x0000000100000000)
  to   space 120320K, 0% used [0x00000000f1500000,0x00000000f1500000,0x00000000f8a80000)
 ParOldGen       total 426496K, used 411293K [0x00000000bde00000, 0x00000000d7e80000, 0x00000000e9f80000)
  object space 426496K, 96% used [0x00000000bde00000,0x00000000d6fa76b8,0x00000000d7e80000)
 Metaspace       used 70747K, capacity 71554K, committed 71848K, reserved 1110016K
  class space    used 10599K, capacity 10793K, committed 10920K, reserved 1048576K
}
Event: 22.941 GC heap before
{Heap before GC invocations=36 (full 6):
 PSYoungGen      total 180224K, used 52441K [0x00000000e9f80000, 0x0000000100000000, 0x0000000100000000)
  eden space 120320K, 0% used [0x00000000e9f80000,0x00000000e9f80000,0x00000000f1500000)
  from space 59904K, 87% used [0x00000000fc580000,0x00000000ff8b65a8,0x0000000100000000)
  to   space 120320K, 0% used [0x00000000f1500000,0x00000000f1500000,0x00000000f8a80000)
 ParOldGen       total 426496K, used 411293K [0x00000000bde00000, 0x00000000d7e80000, 0x00000000e9f80000)
  object space 426496K, 96% used [0x00000000bde00000,0x00000000d6fa76b8,0x00000000d7e80000)
 Metaspace       used 70747K, capacity 71554K, committed 71848K, reserved 1110016K
  class space    used 10599K, capacity 10793K, committed 10920K, reserved 1048576K

Deoptimization events (10 events):
Event: 22.679 Thread 0x00007f9e08019800 Uncommon trap: reason=class_check action=maybe_recompile pc=0x00007f9e55d17fe0 method=org.codehaus.janino.Java$PrimitiveType.accept(Lorg/codehaus/janino/Visitor$AtomVisitor;)Ljava/lang/Object; @ 2
Event: 22.679 Thread 0x00007f9e08019800 Uncommon trap: reason=class_check action=maybe_recompile pc=0x00007f9e55d1fb44 method=org.codehaus.janino.Java$PrimitiveType.accept(Lorg/codehaus/janino/Visitor$TypeVisitor;)Ljava/lang/Object; @ 2
Event: 22.684 Thread 0x00007f9e08019800 Uncommon trap: reason=unstable_if action=reinterpret pc=0x00007f9e557eb534 method=org.codehaus.janino.UnitCompiler.reclassifyName(Lorg/codehaus/commons/compiler/Location;Lorg/codehaus/janino/Java$Scope;Ljava/lang/String;)Lorg/codehaus/janino/Java$Atom; @ 
Event: 22.689 Thread 0x00007f9e08019800 Uncommon trap: reason=class_check action=maybe_recompile pc=0x00007f9e55d23c60 method=org.codehaus.janino.UnitCompiler.internalCheckAccessible(Lorg/codehaus/janino/IClass;Lorg/codehaus/janino/Java$Scope;)Ljava/lang/String; @ 211
Event: 22.690 Thread 0x00007f9e08019800 Uncommon trap: reason=class_check action=maybe_recompile pc=0x00007f9e55d23c60 method=org.codehaus.janino.UnitCompiler.internalCheckAccessible(Lorg/codehaus/janino/IClass;Lorg/codehaus/janino/Java$Scope;)Ljava/lang/String; @ 211
Event: 22.699 Thread 0x00007f9e08019800 Uncommon trap: reason=bimorphic action=maybe_recompile pc=0x00007f9e55cd5b84 method=java.util.regex.Pattern$Curly.match1(Ljava/util/regex/Matcher;IILjava/lang/CharSequence;)Z @ 8
Event: 22.700 Thread 0x00007f9e08019800 Uncommon trap: reason=bimorphic action=maybe_recompile pc=0x00007f9e55cd5b84 method=java.util.regex.Pattern$Curly.match1(Ljava/util/regex/Matcher;IILjava/lang/CharSequence;)Z @ 8
Event: 22.700 Thread 0x00007f9e08019800 Uncommon trap: reason=bimorphic action=maybe_recompile pc=0x00007f9e55cd5b84 method=java.util.regex.Pattern$Curly.match1(Ljava/util/regex/Matcher;IILjava/lang/CharSequence;)Z @ 8
Event: 22.700 Thread 0x00007f9e08019800 Uncommon trap: reason=bimorphic action=maybe_recompile pc=0x00007f9e55cd5b84 method=java.util.regex.Pattern$Curly.match1(Ljava/util/regex/Matcher;IILjava/lang/CharSequence;)Z @ 8
Event: 22.701 Thread 0x00007f9e08019800 Uncommon trap: reason=bimorphic action=maybe_recompile pc=0x00007f9e55cf1624 method=java.util.regex.Pattern$Curly.match1(Ljava/util/regex/Matcher;IILjava/lang/CharSequence;)Z @ 8

Classes redefined (0 events):
No events

Internal exceptions (10 events):
Event: 17.112 Thread 0x00007f9e64013800 Implicit null exception at 0x00007f9e54c8434b to 0x00007f9e54c84555
Event: 19.829 Thread 0x00007f9e64013800 Exception <a 'java/lang/NoSuchMethodError': <clinit>> (0x00000000ec1399d8) thrown at [/HUDSON/workspace/8-2-build-linux-amd64/jdk8u181/11358/hotspot/src/share/vm/prims/jni.cpp, line 1613]
Event: 19.855 Thread 0x00007f9e64013800 Exception <a 'java/lang/NoSuchMethodError': <clinit>> (0x00000000ec6aac18) thrown at [/HUDSON/workspace/8-2-build-linux-amd64/jdk8u181/11358/hotspot/src/share/vm/prims/jni.cpp, line 1613]
Event: 19.861 Thread 0x00007f9e64013800 Exception <a 'java/lang/NoSuchMethodError': <clinit>> (0x00000000ec6dc9a0) thrown at [/HUDSON/workspace/8-2-build-linux-amd64/jdk8u181/11358/hotspot/src/share/vm/prims/jni.cpp, line 1613]
Event: 19.861 Thread 0x00007f9e64013800 Exception <a 'java/lang/NoSuchMethodError': <clinit>> (0x00000000ec6ea4d8) thrown at [/HUDSON/workspace/8-2-build-linux-amd64/jdk8u181/11358/hotspot/src/share/vm/prims/jni.cpp, line 1613]
Event: 19.878 Thread 0x00007f9e64013800 Exception <a 'java/lang/NoSuchMethodError': <clinit>> (0x00000000ec77f6f0) thrown at [/HUDSON/workspace/8-2-build-linux-amd64/jdk8u181/11358/hotspot/src/share/vm/prims/jni.cpp, line 1613]
Event: 19.880 Thread 0x00007f9e64013800 Exception <a 'java/lang/NoSuchMethodError': <clinit>> (0x00000000ec79d560) thrown at [/HUDSON/workspace/8-2-build-linux-amd64/jdk8u181/11358/hotspot/src/share/vm/prims/jni.cpp, line 1613]
Event: 19.881 Thread 0x00007f9e64013800 Exception <a 'java/lang/NoSuchMethodError': <clinit>> (0x00000000ec7be890) thrown at [/HUDSON/workspace/8-2-build-linux-amd64/jdk8u181/11358/hotspot/src/share/vm/prims/jni.cpp, line 1613]
Event: 19.881 Thread 0x00007f9e64013800 Exception <a 'java/lang/NoSuchMethodError': <clinit>> (0x00000000ec7d8548) thrown at [/HUDSON/workspace/8-2-build-linux-amd64/jdk8u181/11358/hotspot/src/share/vm/prims/jni.cpp, line 1613]
Event: 19.939 Thread 0x00007f9e651fe800 Exception <a 'java/lang/NoSuchMethodError': <clinit>> (0x00000000ecdf1d00) thrown at [/HUDSON/workspace/8-2-build-linux-amd64/jdk8u181/11358/hotspot/src/share/vm/prims/jni.cpp, line 1613]

Events (10 events):
Event: 22.701 Thread 0x00007f9e08019800 Uncommon trap: trap_request=0xffffffc6 fr.pc=0x00007f9e55cf1624
Event: 22.701 Thread 0x00007f9e08019800 DEOPT PACKING pc=0x00007f9e55cf1624 sp=0x00007f9e4045ee50
Event: 22.701 Thread 0x00007f9e08019800 DEOPT UNPACKING pc=0x00007f9e547f773a sp=0x00007f9e4045ee50 mode 2
Event: 22.705 Thread 0x00007f9e08019800 DEOPT PACKING pc=0x00007f9e549faf0f sp=0x00007f9e4045f110
Event: 22.705 Thread 0x00007f9e08019800 DEOPT UNPACKING pc=0x00007f9e547f9784 sp=0x00007f9e4045ee58 mode 0
Event: 22.705 Executing VM operation: ForceSafepoint
Event: 22.705 Executing VM operation: ForceSafepoint done
Event: 22.724 loading class org/apache/spark/sql/catalyst/expressions/codegen/GenerateOrdering$$anonfun$5$$anonfun$apply$1
Event: 22.724 loading class org/apache/spark/sql/catalyst/expressions/codegen/GenerateOrdering$$anonfun$5$$anonfun$apply$1 done
Event: 22.728 Executing VM operation: ParallelGCFailedAllocation


Dynamic libraries:
00400000-00401000 r-xp 00000000 08:01 289879                             /home/eissa/java/jdk1.8.0_181/bin/java
00600000-00601000 rw-p 00000000 08:01 289879                             /home/eissa/java/jdk1.8.0_181/bin/java
025d8000-025f9000 rw-p 00000000 00:00 0                                  [heap]
bde00000-d7e80000 rw-p 00000000 00:00 0 
e5400000-e9f80000 ---p 00000000 00:00 0 
e9f80000-100000000 rw-p 00000000 00:00 0 
100000000-100aaa000 rw-p 00000000 00:00 0 
100aaa000-140000000 ---p 00000000 00:00 0 
7f9dcc000000-7f9dcc021000 rw-p 00000000 00:00 0 
7f9dcc021000-7f9dd0000000 ---p 00000000 00:00 0 
7f9dd32f9000-7f9dd3479000 rw-p 00000000 00:00 0 
7f9dd3479000-7f9dd34f9000 ---p 00000000 00:00 0 
7f9dd34f9000-7f9dd34fc000 ---p 00000000 00:00 0 
7f9dd34fc000-7f9dd35fa000 rw-p 00000000 00:00 0                          [stack:48197]
7f9dd35fa000-7f9dd35fd000 ---p 00000000 00:00 0 
7f9dd35fd000-7f9dd38fb000 rw-p 00000000 00:00 0                          [stack:48196]
7f9dd38fb000-7f9dd3afb000 rw-p 00000000 00:00 0 
7f9dd3afb000-7f9dd3afe000 ---p 00000000 00:00 0 
7f9dd3afe000-7f9dd3bfc000 rw-p 00000000 00:00 0                          [stack:48195]
7f9dd3bfc000-7f9dd3bff000 ---p 00000000 00:00 0 
7f9dd3bff000-7f9dd3cfd000 rw-p 00000000 00:00 0                          [stack:48194]
7f9dd3cfd000-7f9dd3d00000 ---p 00000000 00:00 0 
7f9dd3d00000-7f9dd3dfe000 rw-p 00000000 00:00 0                          [stack:48193]
7f9dd3dfe000-7f9dd3e01000 ---p 00000000 00:00 0 
7f9dd3e01000-7f9dd3eff000 rw-p 00000000 00:00 0                          [stack:48192]
7f9dd3eff000-7f9dd3f02000 ---p 00000000 00:00 0 
7f9dd3f02000-7f9dd4000000 rw-p 00000000 00:00 0                          [stack:48191]
7f9dd4000000-7f9dd4021000 rw-p 00000000 00:00 0 
7f9dd4021000-7f9dd8000000 ---p 00000000 00:00 0 
7f9dd8000000-7f9dd8021000 rw-p 00000000 00:00 0 
7f9dd8021000-7f9ddc000000 ---p 00000000 00:00 0 
7f9ddc000000-7f9ddc021000 rw-p 00000000 00:00 0 
7f9ddc021000-7f9de0000000 ---p 00000000 00:00 0 
7f9de0000000-7f9de0021000 rw-p 00000000 00:00 0 
7f9de0021000-7f9de4000000 ---p 00000000 00:00 0 
7f9de4000000-7f9de4021000 rw-p 00000000 00:00 0 
7f9de4021000-7f9de8000000 ---p 00000000 00:00 0 
7f9de8000000-7f9de8021000 rw-p 00000000 00:00 0 
7f9de8021000-7f9dec000000 ---p 00000000 00:00 0 
7f9dec000000-7f9dec021000 rw-p 00000000 00:00 0 
7f9dec021000-7f9df0000000 ---p 00000000 00:00 0 
7f9df0000000-7f9df0074000 rw-p 00000000 00:00 0 
7f9df0074000-7f9df4000000 ---p 00000000 00:00 0 
7f9df4000000-7f9df4021000 rw-p 00000000 00:00 0 
7f9df4021000-7f9df8000000 ---p 00000000 00:00 0 
7f9df8000000-7f9df8021000 rw-p 00000000 00:00 0 
7f9df8021000-7f9dfc000000 ---p 00000000 00:00 0 
7f9dfc000000-7f9dfc054000 rw-p 00000000 00:00 0 
7f9dfc054000-7f9e00000000 ---p 00000000 00:00 0 
7f9e00000000-7f9e00021000 rw-p 00000000 00:00 0 
7f9e00021000-7f9e04000000 ---p 00000000 00:00 0 
7f9e04000000-7f9e0402d000 rw-p 00000000 00:00 0 
7f9e0402d000-7f9e08000000 ---p 00000000 00:00 0 
7f9e08000000-7f9e08031000 rw-p 00000000 00:00 0 
7f9e08031000-7f9e0c000000 ---p 00000000 00:00 0 
7f9e0c000000-7f9e0c021000 rw-p 00000000 00:00 0 
7f9e0c021000-7f9e10000000 ---p 00000000 00:00 0 
7f9e10000000-7f9e10021000 rw-p 00000000 00:00 0 
7f9e10021000-7f9e14000000 ---p 00000000 00:00 0 
7f9e14000000-7f9e1656f000 rw-p 00000000 00:00 0 
7f9e1656f000-7f9e18000000 ---p 00000000 00:00 0 
7f9e18000000-7f9e18021000 rw-p 00000000 00:00 0 
7f9e18021000-7f9e1c000000 ---p 00000000 00:00 0 
7f9e1c000000-7f9e1e0ae000 rw-p 00000000 00:00 0 
7f9e1e0ae000-7f9e20000000 ---p 00000000 00:00 0 
7f9e20000000-7f9e21883000 rw-p 00000000 00:00 0 
7f9e21883000-7f9e24000000 ---p 00000000 00:00 0 
7f9e24000000-7f9e24021000 rw-p 00000000 00:00 0 
7f9e24021000-7f9e28000000 ---p 00000000 00:00 0 
7f9e28000000-7f9e282c8000 rw-p 00000000 00:00 0 
7f9e282c8000-7f9e2c000000 ---p 00000000 00:00 0 
7f9e2c000000-7f9e2c021000 rw-p 00000000 00:00 0 
7f9e2c021000-7f9e30000000 ---p 00000000 00:00 0 
7f9e30000000-7f9e30021000 rw-p 00000000 00:00 0 
7f9e30021000-7f9e34000000 ---p 00000000 00:00 0 
7f9e34000000-7f9e34021000 rw-p 00000000 00:00 0 
7f9e34021000-7f9e38000000 ---p 00000000 00:00 0 
7f9e38000000-7f9e383ed000 rw-p 00000000 00:00 0 
7f9e383ed000-7f9e3c000000 ---p 00000000 00:00 0 
7f9e3c000000-7f9e3c02b000 rw-p 00000000 00:00 0 
7f9e3c02b000-7f9e40000000 ---p 00000000 00:00 0 
7f9e4006a000-7f9e4006d000 ---p 00000000 00:00 0 
7f9e4006d000-7f9e4036b000 rw-p 00000000 00:00 0                          [stack:48190]
7f9e4036b000-7f9e4036e000 ---p 00000000 00:00 0 
7f9e4036e000-7f9e4066c000 rw-p 00000000 00:00 0                          [stack:48189]
7f9e4066c000-7f9e40679000 r-xp 00000000 08:01 297090                     /tmp/liblz4-java685084898284331861.so
7f9e40679000-7f9e40878000 ---p 0000d000 08:01 297090                     /tmp/liblz4-java685084898284331861.so
7f9e40878000-7f9e40879000 rw-p 0000c000 08:01 297090                     /tmp/liblz4-java685084898284331861.so
7f9e40879000-7f9e40a79000 rw-p 00000000 00:00 0 
7f9e40a79000-7f9e40c79000 rw-p 00000000 00:00 0 
7f9e40c79000-7f9e40e79000 rw-p 00000000 00:00 0 
7f9e40e79000-7f9e41079000 rw-p 00000000 00:00 0 
7f9e41079000-7f9e41279000 rw-p 00000000 00:00 0 
7f9e41279000-7f9e41479000 rw-p 00000000 00:00 0 
7f9e41479000-7f9e41679000 rw-p 00000000 00:00 0 
7f9e41679000-7f9e41879000 rw-p 00000000 00:00 0 
7f9e41879000-7f9e41a79000 rw-p 00000000 00:00 0 
7f9e41a79000-7f9e41c79000 rw-p 00000000 00:00 0 
7f9e41c79000-7f9e41c7c000 ---p 00000000 00:00 0 
7f9e41c7c000-7f9e41d7a000 rw-p 00000000 00:00 0                          [stack:48188]
7f9e41d7a000-7f9e41d7d000 ---p 00000000 00:00 0 
7f9e41d7d000-7f9e4207b000 rw-p 00000000 00:00 0                          [stack:48187]
7f9e420eb000-7f9e422eb000 rw-p 00000000 00:00 0 
7f9e422eb000-7f9e424eb000 rw-p 00000000 00:00 0 
7f9e424eb000-7f9e424ee000 ---p 00000000 00:00 0 
7f9e424ee000-7f9e425ec000 rw-p 00000000 00:00 0                          [stack:48186]
7f9e425ec000-7f9e425ef000 ---p 00000000 00:00 0 
7f9e425ef000-7f9e426ed000 rw-p 00000000 00:00 0                          [stack:48185]
7f9e426ed000-7f9e426f0000 ---p 00000000 00:00 0 
7f9e426f0000-7f9e427ee000 rw-p 00000000 00:00 0                          [stack:48184]
7f9e427ee000-7f9e427f1000 ---p 00000000 00:00 0 
7f9e427f1000-7f9e428ef000 rw-p 00000000 00:00 0                          [stack:48183]
7f9e428ef000-7f9e428f2000 ---p 00000000 00:00 0 
7f9e428f2000-7f9e429f0000 rw-p 00000000 00:00 0                          [stack:48182]
7f9e429f0000-7f9e429f3000 ---p 00000000 00:00 0 
7f9e429f3000-7f9e42cf1000 rw-p 00000000 00:00 0                          [stack:48181]
7f9e42cf1000-7f9e42cf4000 ---p 00000000 00:00 0 
7f9e42cf4000-7f9e42df2000 rw-p 00000000 00:00 0                          [stack:48180]
7f9e42df2000-7f9e42df5000 ---p 00000000 00:00 0 
7f9e42df5000-7f9e42ef3000 rw-p 00000000 00:00 0                          [stack:48179]
7f9e42ef3000-7f9e42ef6000 ---p 00000000 00:00 0 
7f9e42ef6000-7f9e42ff4000 rw-p 00000000 00:00 0                          [stack:48178]
7f9e42ff4000-7f9e42ff7000 ---p 00000000 00:00 0 
7f9e42ff7000-7f9e430f5000 rw-p 00000000 00:00 0                          [stack:48177]
7f9e430f5000-7f9e430f8000 ---p 00000000 00:00 0 
7f9e430f8000-7f9e431f6000 rw-p 00000000 00:00 0                          [stack:48176]
7f9e431f6000-7f9e431f9000 ---p 00000000 00:00 0 
7f9e431f9000-7f9e434f7000 rw-p 00000000 00:00 0                          [stack:48175]
7f9e434f7000-7f9e434fa000 ---p 00000000 00:00 0 
7f9e434fa000-7f9e435f8000 rw-p 00000000 00:00 0                          [stack:48174]
7f9e435f8000-7f9e435fb000 ---p 00000000 00:00 0 
7f9e435fb000-7f9e436f9000 rw-p 00000000 00:00 0                          [stack:48173]
7f9e436f9000-7f9e436fc000 ---p 00000000 00:00 0 
7f9e436fc000-7f9e437fa000 rw-p 00000000 00:00 0                          [stack:48172]
7f9e437fa000-7f9e437fd000 ---p 00000000 00:00 0 
7f9e437fd000-7f9e438fb000 rw-p 00000000 00:00 0                          [stack:48171]
7f9e438fb000-7f9e438fe000 ---p 00000000 00:00 0 
7f9e438fe000-7f9e439fc000 rw-p 00000000 00:00 0                          [stack:48170]
7f9e439fc000-7f9e439ff000 ---p 00000000 00:00 0 
7f9e439ff000-7f9e43afd000 rw-p 00000000 00:00 0                          [stack:48169]
7f9e43afd000-7f9e43b00000 ---p 00000000 00:00 0 
7f9e43b00000-7f9e43bfe000 rw-p 00000000 00:00 0                          [stack:48168]
7f9e43bfe000-7f9e43c01000 ---p 00000000 00:00 0 
7f9e43c01000-7f9e43eff000 rw-p 00000000 00:00 0                          [stack:48167]
7f9e43eff000-7f9e43f02000 ---p 00000000 00:00 0 
7f9e43f02000-7f9e44000000 rw-p 00000000 00:00 0                          [stack:48166]
7f9e44000000-7f9e44023000 rw-p 00000000 00:00 0 
7f9e44023000-7f9e48000000 ---p 00000000 00:00 0 
7f9e4806f000-7f9e48072000 ---p 00000000 00:00 0 
7f9e48072000-7f9e48170000 rw-p 00000000 00:00 0                          [stack:48165]
7f9e48170000-7f9e48173000 ---p 00000000 00:00 0 
7f9e48173000-7f9e48271000 rw-p 00000000 00:00 0                          [stack:48164]
7f9e48271000-7f9e48274000 ---p 00000000 00:00 0 
7f9e48274000-7f9e48372000 rw-p 00000000 00:00 0                          [stack:48163]
7f9e48372000-7f9e48375000 ---p 00000000 00:00 0 
7f9e48375000-7f9e48473000 rw-p 00000000 00:00 0                          [stack:48162]
7f9e48473000-7f9e48476000 ---p 00000000 00:00 0 
7f9e48476000-7f9e48574000 rw-p 00000000 00:00 0                          [stack:48161]
7f9e48574000-7f9e48577000 ---p 00000000 00:00 0 
7f9e48577000-7f9e48675000 rw-p 00000000 00:00 0                          [stack:48160]
7f9e48675000-7f9e48678000 ---p 00000000 00:00 0 
7f9e48678000-7f9e48776000 rw-p 00000000 00:00 0                          [stack:48159]
7f9e48776000-7f9e48779000 ---p 00000000 00:00 0 
7f9e48779000-7f9e48877000 rw-p 00000000 00:00 0                          [stack:48158]
7f9e48877000-7f9e4887a000 ---p 00000000 00:00 0 
7f9e4887a000-7f9e48b78000 rw-p 00000000 00:00 0                          [stack:48157]
7f9e48b78000-7f9e48b89000 r-xp 00000000 08:01 291598                     /home/eissa/java/jdk1.8.0_181/jre/lib/amd64/libnio.so
7f9e48b89000-7f9e48d88000 ---p 00011000 08:01 291598                     /home/eissa/java/jdk1.8.0_181/jre/lib/amd64/libnio.so
7f9e48d88000-7f9e48d89000 rw-p 00010000 08:01 291598                     /home/eissa/java/jdk1.8.0_181/jre/lib/amd64/libnio.so
7f9e48d89000-7f9e48d8c000 ---p 00000000 00:00 0 
7f9e48d8c000-7f9e4908a000 rw-p 00000000 00:00 0                          [stack:48156]
7f9e4908a000-7f9e4908b000 r-xp 00000000 08:01 291580                     /home/eissa/java/jdk1.8.0_181/jre/lib/amd64/libjaas_unix.so
7f9e4908b000-7f9e4928a000 ---p 00001000 08:01 291580                     /home/eissa/java/jdk1.8.0_181/jre/lib/amd64/libjaas_unix.so
7f9e4928a000-7f9e4928b000 rw-p 00000000 08:01 291580                     /home/eissa/java/jdk1.8.0_181/jre/lib/amd64/libjaas_unix.so
7f9e4928b000-7f9e4928e000 ---p 00000000 00:00 0 
7f9e4928e000-7f9e4958c000 rw-p 00000000 00:00 0                          [stack:48155]
7f9e4958c000-7f9e4978c000 rw-p 00000000 00:00 0 
7f9e4978c000-7f9e49795000 r-xp 00000000 08:01 291603                     /home/eissa/java/jdk1.8.0_181/jre/lib/amd64/libmanagement.so
7f9e49795000-7f9e49994000 ---p 00009000 08:01 291603                     /home/eissa/java/jdk1.8.0_181/jre/lib/amd64/libmanagement.so
7f9e49994000-7f9e49995000 rw-p 00008000 08:01 291603                     /home/eissa/java/jdk1.8.0_181/jre/lib/amd64/libmanagement.so
7f9e49995000-7f9e499ac000 r-xp 00000000 08:01 790139                     /lib/x86_64-linux-gnu/libresolv-2.19.so
7f9e499ac000-7f9e49bac000 ---p 00017000 08:01 790139                     /lib/x86_64-linux-gnu/libresolv-2.19.so
7f9e49bac000-7f9e49bad000 r--p 00017000 08:01 790139                     /lib/x86_64-linux-gnu/libresolv-2.19.so
7f9e49bad000-7f9e49bae000 rw-p 00018000 08:01 790139                     /lib/x86_64-linux-gnu/libresolv-2.19.so
7f9e49bae000-7f9e49bb0000 rw-p 00000000 00:00 0 
7f9e49bb0000-7f9e49bb5000 r-xp 00000000 08:01 790084                     /lib/x86_64-linux-gnu/libnss_dns-2.19.so
7f9e49bb5000-7f9e49db4000 ---p 00005000 08:01 790084                     /lib/x86_64-linux-gnu/libnss_dns-2.19.so
7f9e49db4000-7f9e49db5000 r--p 00004000 08:01 790084                     /lib/x86_64-linux-gnu/libnss_dns-2.19.so
7f9e49db5000-7f9e49db6000 rw-p 00005000 08:01 790084                     /lib/x86_64-linux-gnu/libnss_dns-2.19.so
7f9e49db6000-7f9e49db8000 r-xp 00000000 08:01 790092                     /lib/x86_64-linux-gnu/libnss_mdns4_minimal.so.2
7f9e49db8000-7f9e49fb7000 ---p 00002000 08:01 790092                     /lib/x86_64-linux-gnu/libnss_mdns4_minimal.so.2
7f9e49fb7000-7f9e49fb8000 r--p 00001000 08:01 790092                     /lib/x86_64-linux-gnu/libnss_mdns4_minimal.so.2
7f9e49fb8000-7f9e49fb9000 rw-p 00002000 08:01 790092                     /lib/x86_64-linux-gnu/libnss_mdns4_minimal.so.2
7f9e49fb9000-7f9e4a1b9000 rw-p 00000000 00:00 0 
7f9e4a1b9000-7f9e4a1ba000 ---p 00000000 00:00 0 
7f9e4a1ba000-7f9e4a2ba000 rw-p 00000000 00:00 0                          [stack:48144]
7f9e4a2ba000-7f9e4a2bd000 ---p 00000000 00:00 0 
7f9e4a2bd000-7f9e4a3bb000 rw-p 00000000 00:00 0                          [stack:48143]
7f9e4a3bb000-7f9e4a3be000 ---p 00000000 00:00 0 
7f9e4a3be000-7f9e4a4bc000 rw-p 00000000 00:00 0                          [stack:48142]
7f9e4a56c000-7f9e4a56d000 rw-p 00000000 00:00 0 
7f9e4a56d000-7f9e4a572000 r--s 0009d000 08:01 291436                     /home/eissa/java/jdk1.8.0_181/jre/lib/jsse.jar
7f9e4a572000-7f9e4a575000 ---p 00000000 00:00 0 
7f9e4a575000-7f9e4a5ab000 rw-p 00000000 00:00 0                          [stack:48153]
7f9e4a5ab000-7f9e4a5ae000 r--s 0001a000 08:01 291611                     /home/eissa/java/jdk1.8.0_181/jre/lib/jce.jar
7f9e4a5ae000-7f9e4a5c4000 r-xp 00000000 08:01 291595                     /home/eissa/java/jdk1.8.0_181/jre/lib/amd64/libnet.so
7f9e4a5c4000-7f9e4a7c4000 ---p 00016000 08:01 291595                     /home/eissa/java/jdk1.8.0_181/jre/lib/amd64/libnet.so
7f9e4a7c4000-7f9e4a7c5000 rw-p 00016000 08:01 291595                     /home/eissa/java/jdk1.8.0_181/jre/lib/amd64/libnet.so
7f9e4a7c5000-7f9e4a7c8000 ---p 00000000 00:00 0 
7f9e4a7c8000-7f9e4a8c6000 rw-p 00000000 00:00 0                          [stack:48141]
7f9e4a8c6000-7f9e4a8c9000 ---p 00000000 00:00 0 
7f9e4a8c9000-7f9e4a9c7000 rw-p 00000000 00:00 0                          [stack:48140]
7f9e4a9c7000-7f9e4a9ca000 ---p 00000000 00:00 0 
7f9e4a9ca000-7f9e4aac8000 rw-p 00000000 00:00 0                          [stack:48139]
7f9e4aac8000-7f9e4aaca000 r--s 0001a000 08:01 291909                     /home/eissa/Intellij/lib/idea_rt.jar
7f9e4aaca000-7f9e4aacb000 r--s 00003000 08:01 295794                     /home/eissa/.ivy2/cache/xmlenc/xmlenc/jars/xmlenc-0.52.jar
7f9e4aacb000-7f9e4aad3000 r--s 00028000 08:01 295882                     /home/eissa/.ivy2/cache/xml-apis/xml-apis/jars/xml-apis-1.3.04.jar
7f9e4aad3000-7f9e4aaeb000 r--s 00115000 08:01 295857                     /home/eissa/.ivy2/cache/xerces/xercesImpl/jars/xercesImpl-2.9.1.jar
7f9e4aaeb000-7f9e4aaed000 r--s 0000e000 08:01 295867                     /home/eissa/.ivy2/cache/oro/oro/jars/oro-2.0.8.jar
7f9e4aaed000-7f9e4aaef000 r--s 00100000 08:01 295877                     /home/eissa/.ivy2/cache/org.xerial.snappy/snappy-java/bundles/snappy-java-1.1.2.6.jar
7f9e4aaef000-7f9e4aaf0000 r--s 00000000 08:01 295728                     /home/eissa/.ivy2/cache/org.typelevel/macro-compat_2.11/jars/macro-compat_2.11-1.1.1.jar
7f9e4aaf0000-7f9e4aaf1000 r--s 00008000 08:01 295804                     /home/eissa/.ivy2/cache/org.typelevel/machinist_2.11/jars/machinist_2.11-0.6.1.jar
7f9e4aaf1000-7f9e4aaf5000 r--s 00014000 08:01 295894                     /home/eissa/.ivy2/cache/org.tukaani/xz/jars/xz-1.0.jar
7f9e4aaf5000-7f9e4ab60000 r--s 0093d000 08:01 295795                     /home/eissa/.ivy2/cache/org.spire-math/spire_2.11/jars/spire_2.11-0.13.0.jar
7f9e4ab60000-7f9e4ab62000 r--s 00014000 08:01 295812                     /home/eissa/.ivy2/cache/org.spire-math/spire-macros_2.11/jars/spire-macros_2.11-0.13.0.jar
7f9e4ab62000-7f9e4ab63000 r--s 00000000 08:01 295912                     /home/eissa/.ivy2/cache/org.spark-project.spark/unused/jars/unused-1.0.0.jar
7f9e4ab63000-7f9e4ab6a000 r--s 0003e000 08:01 295856                     /home/eissa/.ivy2/cache/org.sonatype.sisu.inject/cglib/jars/cglib-2.2.1-v20090111.jar
7f9e4ab6a000-7f9e4ab6b000 r--s 00002000 08:01 295773                     /home/eissa/.ivy2/cache/org.slf4j/slf4j-log4j12/jars/slf4j-log4j12-1.7.16.jar
7f9e4ab6b000-7f9e4ab6d000 r--s 00009000 08:01 293313                     /home/eissa/.ivy2/cache/org.slf4j/slf4j-api/jars/slf4j-api-1.7.25.jar
7f9e4ab6d000-7f9e4ab6f000 r--s 00000000 08:01 295791                     /home/eissa/.ivy2/cache/org.slf4j/jul-to-slf4j/jars/jul-to-slf4j-1.7.16.jar
7f9e4ab6f000-7f9e4ab71000 r--s 00003000 08:01 295896                     /home/eissa/.ivy2/cache/org.slf4j/jcl-over-slf4j/jars/jcl-over-slf4j-1.7.16.jar
7f9e4ab71000-7f9e4ac49000 r--s 00d92000 08:01 295810                     /home/eissa/.ivy2/cache/org.scalanlp/breeze_2.11/jars/breeze_2.11-0.13.2.jar
7f9e4ac49000-7f9e4ac4d000 r--s 0002a000 08:01 295789                     /home/eissa/.ivy2/cache/org.scalanlp/breeze-macros_2.11/jars/breeze-macros_2.11-0.13.2.jar
7f9e4ac4d000-7f9e4ac58000 r--s 00094000 08:01 295937                     /home/eissa/.ivy2/cache/org.scala-lang.modules/scala-xml_2.11/bundles/scala-xml_2.11-1.0.4.jar
7f9e4ac58000-7f9e4ac63000 r--s 0005d000 08:01 295735                     /home/eissa/.ivy2/cache/org.scala-lang.modules/scala-parser-combinators_2.11/bundles/scala-parser-combinators_2.11-1.0.4.jar
7f9e4ac63000-7f9e4ac75000 r--s 000b3000 08:01 300700                     /home/eissa/.ivy2/cache/org.scala-lang/scalap/jars/scalap-2.11.8.jar
7f9e4ac75000-7f9e4acc1000 r--s 00411000 08:01 298560                     /home/eissa/.ivy2/cache/org.scala-lang/scala-reflect/jars/scala-reflect-2.11.8.jar
7f9e4acc1000-7f9e4adcd000 r--s 00dba000 08:01 298559                     /home/eissa/.ivy2/cache/org.scala-lang/scala-compiler/jars/scala-compiler-2.11.8.jar
7f9e4adcd000-7f9e4add0000 r--s 0002f000 08:01 295745                     /home/eissa/.ivy2/cache/org.roaringbitmap/RoaringBitmap/bundles/RoaringBitmap-0.5.11.jar
7f9e4add0000-7f9e4add2000 r--s 00009000 08:01 295907                     /home/eissa/.ivy2/cache/org.objenesis/objenesis/jars/objenesis-2.1.jar
7f9e4add2000-7f9e4add6000 r--s 00028000 08:01 295879                     /home/eissa/.ivy2/cache/org.mortbay.jetty/jetty-util/jars/jetty-util-6.1.26.jar
7f9e4add6000-7f9e4add9000 r--s 00058000 08:01 295785                     /home/eissa/.ivy2/cache/org.lz4/lz4-java/jars/lz4-java-1.4.0.jar
7f9e4add9000-7f9e4adda000 r--s 00009000 08:01 295895                     /home/eissa/.ivy2/cache/org.json4s/json4s-jackson_2.11/jars/json4s-jackson_2.11-3.2.11.jar
7f9e4adda000-7f9e4ade4000 r--s 00086000 08:01 295801                     /home/eissa/.ivy2/cache/org.json4s/json4s-core_2.11/jars/json4s-core_2.11-3.2.11.jar
7f9e4ade4000-7f9e4ade7000 r--s 00012000 08:01 295770                     /home/eissa/.ivy2/cache/org.json4s/json4s-ast_2.11/jars/json4s-ast_2.11-3.2.11.jar
7f9e4ade7000-7f9e4adf1000 r--s 000a5000 08:01 295722                     /home/eissa/.ivy2/cache/org.javassist/javassist/bundles/javassist-3.18.1-GA.jar
7f9e4adf1000-7f9e4adf3000 r--s 00006000 08:01 295761                     /home/eissa/.ivy2/cache/org.htrace/htrace-core/jars/htrace-core-3.0.4.jar
7f9e4adf3000-7f9e4adf5000 r--s 00010000 08:01 295818                     /home/eissa/.ivy2/cache/org.glassfish.jersey.media/jersey-media-jaxb/jars/jersey-media-jaxb-2.22.2.jar
7f9e4adf5000-7f9e4ae0b000 r--s 000d3000 08:01 295746                     /home/eissa/.ivy2/cache/org.glassfish.jersey.core/jersey-server/jars/jersey-server-2.22.2.jar
7f9e4ae0b000-7f9e4ae19000 r--s 0009d000 08:01 295726                     /home/eissa/.ivy2/cache/org.glassfish.jersey.core/jersey-common/jars/jersey-common-2.22.2.jar
7f9e4ae19000-7f9e4ae1d000 r--s 00025000 08:01 295763                     /home/eissa/.ivy2/cache/org.glassfish.jersey.core/jersey-client/jars/jersey-client-2.22.2.jar
7f9e4ae1d000-7f9e4ae20000 r--s 0000e000 08:01 295837                     /home/eissa/.ivy2/cache/org.glassfish.jersey.containers/jersey-container-servlet-core/jars/jersey-container-servlet-core-2.22.2.jar
7f9e4ae20000-7f9e4ae22000 r--s 00003000 08:01 295739                     /home/eissa/.ivy2/cache/org.glassfish.jersey.containers/jersey-container-servlet/jars/jersey-container-servlet-2.22.2.jar
7f9e4ae22000-7f9e4ae3a000 r--s 000d6000 08:01 295883                     /home/eissa/.ivy2/cache/org.glassfish.jersey.bundles.repackaged/jersey-guava/bundles/jersey-guava-2.22.2.jar
7f9e4ae3a000-7f9e4ae3b000 r--s 00001000 08:01 295776                     /home/eissa/.ivy2/cache/org.glassfish.hk2.external/javax.inject/jars/javax.inject-2.4.0-b34.jar
7f9e4ae3b000-7f9e4ae3d000 r--s 00002000 08:01 295751                     /home/eissa/.ivy2/cache/org.glassfish.hk2.external/aopalliance-repackaged/jars/aopalliance-repackaged-2.4.0-b34.jar
7f9e4ae3d000-7f9e4ae3e000 r--s 00004000 08:01 295866                     /home/eissa/.ivy2/cache/org.glassfish.hk2/osgi-resource-locator/jars/osgi-resource-locator-1.0.1.jar
7f9e4ae3e000-7f9e4ae42000 r--s 0001a000 08:01 295850                     /home/eissa/.ivy2/cache/org.glassfish.hk2/hk2-utils/jars/hk2-utils-2.4.0-b34.jar
7f9e4ae42000-7f9e4ae46000 r--s 00029000 08:01 295819                     /home/eissa/.ivy2/cache/org.glassfish.hk2/hk2-locator/jars/hk2-locator-2.4.0-b34.jar
7f9e4ae46000-7f9e4ae4b000 r--s 00027000 08:01 295874                     /home/eissa/.ivy2/cache/org.glassfish.hk2/hk2-api/jars/hk2-api-2.4.0-b34.jar
7f9e4ae4b000-7f9e4ae4e000 r--s 000fd000 08:01 295758                     /home/eissa/.ivy2/cache/org.fusesource.leveldbjni/leveldbjni-all/bundles/leveldbjni-all-1.8.jar
7f9e4ae4e000-7f9e4ae50000 r--s 0000f000 08:01 295774                     /home/eissa/.ivy2/cache/org.codehaus.jettison/jettison/bundles/jettison-1.1.jar
7f9e4ae50000-7f9e4ae5c000 r--s 000b7000 08:01 295828                     /home/eissa/.ivy2/cache/org.codehaus.janino/janino/jars/janino-3.0.8.jar
7f9e4ae5c000-7f9e4ae5e000 r--s 00008000 08:01 295855                     /home/eissa/.ivy2/cache/org.codehaus.janino/commons-compiler/jars/commons-compiler-3.0.8.jar
7f9e4ae5e000-7f9e4ae5f000 r--s 00006000 08:01 295786                     /home/eissa/.ivy2/cache/org.codehaus.jackson/jackson-xc/jars/jackson-xc-1.9.13.jar
7f9e4ae5f000-7f9e4ae6d000 r--s 000b1000 08:01 295778                     /home/eissa/.ivy2/cache/org.codehaus.jackson/jackson-mapper-asl/jars/jackson-mapper-asl-1.9.13.jar
7f9e4ae6d000-7f9e4ae6e000 r--s 00004000 08:01 295885                     /home/eissa/.ivy2/cache/org.codehaus.jackson/jackson-jaxrs/jars/jackson-jaxrs-1.9.13.jar
7f9e4ae6e000-7f9e4ae72000 r--s 00035000 08:01 295904                     /home/eissa/.ivy2/cache/org.codehaus.jackson/jackson-core-asl/jars/jackson-core-asl-1.9.13.jar
7f9e4ae72000-7f9e4aeb2000 r--s 00285000 08:01 295853                     /home/eissa/.ivy2/cache/org.bouncycastle/bcprov-jdk15on/jars/bcprov-jdk15on-1.52.jar
7f9e4aeb2000-7f9e4aebe000 r--s 000b6000 08:01 295792                     /home/eissa/.ivy2/cache/org.apache.zookeeper/zookeeper/jars/zookeeper-3.4.6.jar
7f9e4aebe000-7f9e4aec1000 r--s 00021000 08:01 295733                     /home/eissa/.ivy2/cache/org.apache.xbean/xbean-asm5-shaded/bundles/xbean-asm5-shaded-4.4.jar
7f9e4aec1000-7f9e4aec3000 r--s 0000a000 08:01 298628                     /home/eissa/.ivy2/cache/org.apache.spark/spark-unsafe_2.11/jars/spark-unsafe_2.11-2.3.0.jar
7f9e4aec3000-7f9e4aec4000 r--s 00003000 08:01 298621                     /home/eissa/.ivy2/cache/org.apache.spark/spark-tags_2.11/jars/spark-tags_2.11-2.3.0.jar
7f9e4aec4000-7f9e4aef3000 r--s 001e3000 08:01 298622                     /home/eissa/.ivy2/cache/org.apache.spark/spark-streaming_2.11/jars/spark-streaming_2.11-2.3.0.jar
7f9e4aef3000-7f9e4af9e000 r--s 00799000 08:01 298620                     /home/eissa/.ivy2/cache/org.apache.spark/spark-sql_2.11/jars/spark-sql_2.11-2.3.0.jar
7f9e4af9e000-7f9e4afa0000 r--s 00006000 08:01 298607                     /home/eissa/.ivy2/cache/org.apache.spark/spark-sketch_2.11/jars/spark-sketch_2.11-2.3.0.jar
7f9e4afa0000-7f9e4afa2000 r--s 0000e000 08:01 298625                     /home/eissa/.ivy2/cache/org.apache.spark/spark-network-shuffle_2.11/jars/spark-network-shuffle_2.11-2.3.0.jar
7f9e4afa2000-7f9e4afd0000 r--s 00218000 08:01 298608                     /home/eissa/.ivy2/cache/org.apache.spark/spark-network-common_2.11/jars/spark-network-common_2.11-2.3.0.jar
7f9e4afd0000-7f9e4b05d000 r--s 006d5000 08:01 298626                     /home/eissa/.ivy2/cache/org.apache.spark/spark-mllib_2.11/jars/spark-mllib_2.11-2.3.0.jar
7f9e4b05d000-7f9e4b061000 r--s 00029000 08:01 298606                     /home/eissa/.ivy2/cache/org.apache.spark/spark-mllib-local_2.11/jars/spark-mllib-local_2.11-2.3.0.jar
7f9e4b061000-7f9e4b063000 r--s 00011000 08:01 298613                     /home/eissa/.ivy2/cache/org.apache.spark/spark-launcher_2.11/jars/spark-launcher_2.11-2.3.0.jar
7f9e4b063000-7f9e4b065000 r--s 0000b000 08:01 298619                     /home/eissa/.ivy2/cache/org.apache.spark/spark-kvstore_2.11/jars/spark-kvstore_2.11-2.3.0.jar
7f9e4b065000-7f9e4b073000 r--s 000a0000 08:01 298609                     /home/eissa/.ivy2/cache/org.apache.spark/spark-graphx_2.11/jars/spark-graphx_2.11-2.3.0.jar
7f9e4b073000-7f9e4b15e000 r--s 00b77000 08:01 298610                     /home/eissa/.ivy2/cache/org.apache.spark/spark-core_2.11/jars/spark-core_2.11-2.3.0.jar
7f9e4b15e000-7f9e4b206000 r--s 007ea000 08:01 298617                     /home/eissa/.ivy2/cache/org.apache.spark/spark-catalyst_2.11/jars/spark-catalyst_2.11-2.3.0.jar
7f9e4b206000-7f9e4b21a000 r--s 000ec000 08:01 298614                     /home/eissa/.ivy2/cache/org.apache.parquet/parquet-jackson/jars/parquet-jackson-1.8.2.jar
7f9e4b21a000-7f9e4b220000 r--s 00038000 08:01 298627                     /home/eissa/.ivy2/cache/org.apache.parquet/parquet-hadoop/jars/parquet-hadoop-1.8.2.jar
7f9e4b220000-7f9e4b228000 r--s 00058000 08:01 295716                     /home/eissa/.ivy2/cache/org.apache.parquet/parquet-format/jars/parquet-format-2.3.1.jar
7f9e4b228000-7f9e4b22e000 r--s 00040000 08:01 298618                     /home/eissa/.ivy2/cache/org.apache.parquet/parquet-encoding/jars/parquet-encoding-1.8.2.jar
7f9e4b22e000-7f9e4b230000 r--s 00009000 08:01 298615                     /home/eissa/.ivy2/cache/org.apache.parquet/parquet-common/jars/parquet-common-1.8.2.jar
7f9e4b230000-7f9e4b247000 r--s 000d3000 08:01 298624                     /home/eissa/.ivy2/cache/org.apache.parquet/parquet-column/jars/parquet-column-1.8.2.jar
7f9e4b247000-7f9e4b251000 r--s 000af000 08:01 298623                     /home/eissa/.ivy2/cache/org.apache.orc/orc-mapreduce/jars/orc-mapreduce-1.4.1-nohive.jar
7f9e4b251000-7f9e4b264000 r--s 0014e000 08:01 298616                     /home/eissa/.ivy2/cache/org.apache.orc/orc-core/jars/orc-core-1.4.1-nohive.jar
7f9e4b264000-7f9e4b27a000 r--s 00124000 08:01 295784                     /home/eissa/.ivy2/cache/org.apache.ivy/ivy/jars/ivy-2.4.0.jar
7f9e4b27a000-7f9e4b281000 r--s 00048000 08:01 294020                     /home/eissa/.ivy2/cache/org.apache.httpcomponents/httpcore/jars/httpcore-4.4.1.jar
7f9e4b281000-7f9e4b28e000 r--s 000a5000 08:01 294022                     /home/eissa/.ivy2/cache/org.apache.httpcomponents/httpclient/jars/httpclient-4.5.jar
7f9e4b28e000-7f9e4b294000 r--s 00049000 08:01 295893                     /home/eissa/.ivy2/cache/org.apache.hadoop/hadoop-yarn-server-common/jars/hadoop-yarn-server-common-2.6.5.jar
7f9e4b294000-7f9e4b2ab000 r--s 00177000 08:01 295817                     /home/eissa/.ivy2/cache/org.apache.hadoop/hadoop-yarn-common/jars/hadoop-yarn-common-2.6.5.jar
7f9e4b2ab000-7f9e4b2ae000 r--s 00023000 08:01 295753                     /home/eissa/.ivy2/cache/org.apache.hadoop/hadoop-yarn-client/jars/hadoop-yarn-client-2.6.5.jar
7f9e4b2ae000-7f9e4b2c8000 r--s 001b5000 08:01 295878                     /home/eissa/.ivy2/cache/org.apache.hadoop/hadoop-yarn-api/jars/hadoop-yarn-api-2.6.5.jar
7f9e4b2c8000-7f9e4b2ca000 r--s 0000f000 08:01 295889                     /home/eissa/.ivy2/cache/org.apache.hadoop/hadoop-mapreduce-client-shuffle/jars/hadoop-mapreduce-client-shuffle-2.6.5.jar
7f9e4b2ca000-7f9e4b2cb000 r--s 0000e000 08:01 295814                     /home/eissa/.ivy2/cache/org.apache.hadoop/hadoop-mapreduce-client-jobclient/jars/hadoop-mapreduce-client-jobclient-2.6.5.jar
7f9e4b2cb000-7f9e4b2e4000 r--s 0015f000 08:01 295730                     /home/eissa/.ivy2/cache/org.apache.hadoop/hadoop-mapreduce-client-core/jars/hadoop-mapreduce-client-core-2.6.5.jar
7f9e4b2e4000-7f9e4b2f0000 r--s 0009d000 08:01 295841                     /home/eissa/.ivy2/cache/org.apache.hadoop/hadoop-mapreduce-client-common/jars/hadoop-mapreduce-client-common-2.6.5.jar
7f9e4b2f0000-7f9e4b2fa000 r--s 00078000 08:01 295835                     /home/eissa/.ivy2/cache/org.apache.hadoop/hadoop-mapreduce-client-app/jars/hadoop-mapreduce-client-app-2.6.5.jar
7f9e4b2fa000-7f9e4b361000 r--s 0072d000 08:01 295846                     /home/eissa/.ivy2/cache/org.apache.hadoop/hadoop-hdfs/jars/hadoop-hdfs-2.6.5.jar
7f9e4b361000-7f9e4b397000 r--s 002fe000 08:01 295798                     /home/eissa/.ivy2/cache/org.apache.hadoop/hadoop-common/jars/hadoop-common-2.6.5.jar
7f9e4b397000-7f9e4b398000 r--s 00006000 08:01 295736                     /home/eissa/.ivy2/cache/org.apache.hadoop/hadoop-client/jars/hadoop-client-2.6.5.jar
7f9e4b398000-7f9e4b39b000 r--s 00014000 08:01 295902                     /home/eissa/.ivy2/cache/org.apache.hadoop/hadoop-auth/jars/hadoop-auth-2.6.5.jar
7f9e4b39b000-7f9e4b39c000 r--s 00009000 08:01 295754                     /home/eissa/.ivy2/cache/org.apache.hadoop/hadoop-annotations/jars/hadoop-annotations-2.6.5.jar
7f9e4b39c000-7f9e4b3ae000 r--s 00097000 08:01 295888                     /home/eissa/.ivy2/cache/org.apache.directory.server/apacheds-kerberos-codec/bundles/apacheds-kerberos-codec-2.0.0-M15.jar
7f9e4b3ae000-7f9e4b3af000 r--s 0000a000 08:01 295864                     /home/eissa/.ivy2/cache/org.apache.directory.server/apacheds-i18n/bundles/apacheds-i18n-2.0.0-M15.jar
7f9e4b3af000-7f9e4b3b1000 r--s 00012000 08:01 295779                     /home/eissa/.ivy2/cache/org.apache.directory.api/api-util/bundles/api-util-1.0.0-M20.jar
7f9e4b3b1000-7f9e4b3b3000 r--s 00003000 08:01 295737                     /home/eissa/.ivy2/cache/org.apache.directory.api/api-asn1-api/bundles/api-asn1-api-1.0.0-M20.jar
7f9e4b3b3000-7f9e4b3ba000 r--s 00036000 08:01 295848                     /home/eissa/.ivy2/cache/org.apache.curator/curator-recipes/bundles/curator-recipes-2.6.0.jar
7f9e4b3ba000-7f9e4b3c0000 r--s 00028000 08:01 295822                     /home/eissa/.ivy2/cache/org.apache.curator/curator-framework/bundles/curator-framework-2.6.0.jar
7f9e4b3c0000-7f9e4b3c2000 r--s 0000f000 08:01 295852                     /home/eissa/.ivy2/cache/org.apache.curator/curator-client/bundles/curator-client-2.6.0.jar
7f9e4b3c2000-7f9e4b3e6000 r--s 001cd000 08:01 295832                     /home/eissa/.ivy2/cache/org.apache.commons/commons-math3/jars/commons-math3-3.4.1.jar
7f9e4b3e6000-7f9e4b3ee000 r--s 0006e000 08:01 295825                     /home/eissa/.ivy2/cache/org.apache.commons/commons-lang3/jars/commons-lang3-3.5.jar
7f9e4b3ee000-7f9e4b3f0000 r--s 0001f000 08:01 295744                     /home/eissa/.ivy2/cache/org.apache.commons/commons-crypto/jars/commons-crypto-1.0.0.jar
7f9e4b3f0000-7f9e4b3f5000 r--s 00036000 08:01 295777                     /home/eissa/.ivy2/cache/org.apache.commons/commons-compress/jars/commons-compress-1.4.1.jar
7f9e4b3f5000-7f9e4b3fa000 r--s 00028000 08:01 295903                     /home/eissa/.ivy2/cache/org.apache.avro/avro-mapred/jars/avro-mapred-1.7.7-hadoop2.jar
7f9e4b3fa000-7f9e4b401000 r--s 0004e000 08:01 295714                     /home/eissa/.ivy2/cache/org.apache.avro/avro-ipc/jars/avro-ipc-1.7.7-tests.jar
7f9e4b401000-7f9e4b405000 r--s 0002c000 08:01 295908                     /home/eissa/.ivy2/cache/org.apache.avro/avro-ipc/jars/avro-ipc-1.7.7.jar
7f9e4b405000-7f9e4b40e000 r--s 00062000 08:01 294021                     /home/eissa/.ivy2/cache/org.apache.avro/avro/jars/avro-1.7.7.jar
7f9e4b40e000-7f9e4b41e000 r--s 00127000 08:01 295834                     /home/eissa/.ivy2/cache/org.apache.arrow/arrow-vector/jars/arrow-vector-0.8.0.jar
7f9e4b41e000-7f9e4b420000 r--s 00012000 08:01 295820                     /home/eissa/.ivy2/cache/org.apache.arrow/arrow-memory/jars/arrow-memory-0.8.0.jar
7f9e4b420000-7f9e4b422000 r--s 0000b000 08:01 295707                     /home/eissa/.ivy2/cache/org.apache.arrow/arrow-format/jars/arrow-format-0.8.0.jar
7f9e4b422000-7f9e4b428000 r--s 0004c000 08:01 295742                     /home/eissa/.ivy2/cache/org.antlr/antlr4-runtime/jars/antlr4-runtime-4.7.jar
7f9e4b428000-7f9e4b43a000 r--s 00112000 08:01 295862                     /home/eissa/.ivy2/cache/net.sourceforge.f2j/arpack_combined_all/jars/arpack_combined_all-0.1.jar
7f9e4b43a000-7f9e4b43c000 r--s 0001b000 08:01 298611                     /home/eissa/.ivy2/cache/net.sf.py4j/py4j/jars/py4j-0.10.6.jar
7f9e4b43c000-7f9e4b43d000 r--s 00004000 08:01 295880                     /home/eissa/.ivy2/cache/net.sf.opencsv/opencsv/jars/opencsv-2.3.jar
7f9e4b43d000-7f9e4b440000 r--s 00015000 08:01 295830                     /home/eissa/.ivy2/cache/net.razorvine/pyrolite/jars/pyrolite-4.13.jar
7f9e4b440000-7f9e4b45b000 r--s 001d9000 08:01 295771                     /home/eissa/.ivy2/cache/net.java.dev.jets3t/jets3t/jars/jets3t-0.9.4.jar
7f9e4b45b000-7f9e4b45d000 r--s 00003000 08:01 295845                     /home/eissa/.ivy2/cache/net.iharder/base64/jars/base64-2.3.8.jar
7f9e4b45d000-7f9e4b466000 r--s 0006f000 08:01 295767                     /home/eissa/.ivy2/cache/log4j/log4j/bundles/log4j-1.2.17.jar
7f9e4b466000-7f9e4b477000 r--s 0008a000 08:01 295898                     /home/eissa/.ivy2/cache/joda-time/joda-time/jars/joda-time-2.9.9.jar
7f9e4b477000-7f9e4b479000 r--s 00014000 08:01 295870                     /home/eissa/.ivy2/cache/jline/jline/jars/jline-0.9.94.jar
7f9e4b479000-7f9e4b47b000 r--s 00004000 08:01 295764                     /home/eissa/.ivy2/cache/javax.xml.stream/stax-api/jars/stax-api-1.0-2.jar
7f9e4b47b000-7f9e4b47e000 r--s 00017000 08:01 295906                     /home/eissa/.ivy2/cache/javax.xml.bind/jaxb-api/jars/jaxb-api-2.2.2.jar
7f9e4b47e000-7f9e4b482000 r--s 00019000 08:01 295836                     /home/eissa/.ivy2/cache/javax.ws.rs/javax.ws.rs-api/jars/javax.ws.rs-api-2.0.1.jar
7f9e4b482000-7f9e4b486000 r--s 0000c000 08:01 295790                     /home/eissa/.ivy2/cache/javax.validation/validation-api/jars/validation-api-1.1.0.Final.jar
7f9e4b486000-7f9e4b489000 r--s 00015000 08:01 295807                     /home/eissa/.ivy2/cache/javax.servlet/javax.servlet-api/jars/javax.servlet-api-3.1.0.jar
7f9e4b489000-7f9e4b48a000 r--s 00000000 08:01 295839                     /home/eissa/.ivy2/cache/javax.inject/javax.inject/jars/javax.inject-1.jar
7f9e4b48a000-7f9e4b48c000 r--s 00005000 08:01 295782                     /home/eissa/.ivy2/cache/javax.annotation/javax.annotation-api/jars/javax.annotation-api-1.2.jar
7f9e4b48c000-7f9e4b48e000 r--s 0000f000 08:01 295787                     /home/eissa/.ivy2/cache/javax.activation/activation/jars/activation-1.1.1.jar
7f9e4b48e000-7f9e4b4cf000 r--s 0035a000 08:01 295849                     /home/eissa/.ivy2/cache/io.netty/netty-all/jars/netty-all-4.1.17.Final.jar
7f9e4b4cf000-7f9e4b4e8000 r--s 0012c000 08:01 295768                     /home/eissa/.ivy2/cache/io.netty/netty/bundles/netty-3.9.9.Final.jar
7f9e4b4e8000-7f9e4b4ea000 r--s 00008000 08:01 295875                     /home/eissa/.ivy2/cache/io.dropwizard.metrics/metrics-jvm/bundles/metrics-jvm-3.1.5.jar
7f9e4b4ea000-7f9e4b4eb000 r--s 00003000 08:01 295752                     /home/eissa/.ivy2/cache/io.dropwizard.metrics/metrics-json/bundles/metrics-json-3.1.5.jar
7f9e4b4eb000-7f9e4b4ed000 r--s 00004000 08:01 295803                     /home/eissa/.ivy2/cache/io.dropwizard.metrics/metrics-graphite/bundles/metrics-graphite-3.1.5.jar
7f9e4b4ed000-7f9e4b4f1000 r--s 0001a000 08:01 295796                     /home/eissa/.ivy2/cache/io.dropwizard.metrics/metrics-core/bundles/metrics-core-3.1.5.jar
7f9e4b4f1000-7f9e4b4f3000 r--s 0001e000 08:01 295829                     /home/eissa/.ivy2/cache/io.airlift/aircompressor/jars/aircompressor-0.8.jar
7f9e4b4f3000-7f9e4b4f7000 r--s 00030000 08:01 295892                     /home/eissa/.ivy2/cache/commons-net/commons-net/jars/commons-net-2.2.jar
7f9e4b4f7000-7f9e4b4fc000 r--s 00041000 08:01 295842                     /home/eissa/.ivy2/cache/commons-lang/commons-lang/jars/commons-lang-2.6.jar
7f9e4b4fc000-7f9e4b500000 r--s 0002a000 08:01 295899                     /home/eissa/.ivy2/cache/commons-io/commons-io/jars/commons-io-2.4.jar
7f9e4b500000-7f9e4b506000 r--s 00045000 08:01 295743                     /home/eissa/.ivy2/cache/commons-httpclient/commons-httpclient/jars/commons-httpclient-3.1.jar
7f9e4b506000-7f9e4b50a000 r--s 00020000 08:01 295897                     /home/eissa/.ivy2/cache/commons-digester/commons-digester/jars/commons-digester-1.8.jar
7f9e4b50a000-7f9e4b510000 r--s 00043000 08:01 295748                     /home/eissa/.ivy2/cache/commons-configuration/commons-configuration/jars/commons-configuration-1.6.jar
7f9e4b510000-7f9e4b51d000 r--s 00083000 08:01 295905                     /home/eissa/.ivy2/cache/commons-collections/commons-collections/jars/commons-collections-3.2.2.jar
7f9e4b51d000-7f9e4b524000 r--s 0004e000 08:01 288534                     /home/eissa/.ivy2/cache/commons-codec/commons-codec/jars/commons-codec-1.13.jar
7f9e4b524000-7f9e4b526000 r--s 00009000 08:01 295891                     /home/eissa/.ivy2/cache/commons-cli/commons-cli/jars/commons-cli-1.2.jar
7f9e4b526000-7f9e4b52a000 r--s 0002f000 08:01 295843                     /home/eissa/.ivy2/cache/commons-beanutils/commons-beanutils-core/jars/commons-beanutils-core-1.8.0.jar
7f9e4b52a000-7f9e4b52f000 r--s 0002a000 08:01 295766                     /home/eissa/.ivy2/cache/commons-beanutils/commons-beanutils/jars/commons-beanutils-1.7.0.jar
7f9e4b52f000-7f9e4b530000 r--s 00002000 08:01 295799                     /home/eissa/.ivy2/cache/com.vlkan/flatbuffers/jars/flatbuffers-1.2.0-3f79e055.jar
7f9e4b530000-7f9e4b538000 r--s 00056000 08:01 295838                     /home/eissa/.ivy2/cache/com.univocity/univocity-parsers/jars/univocity-parsers-2.5.9.jar
7f9e4b538000-7f9e4b53c000 r--s 00033000 08:01 295901                     /home/eissa/.ivy2/cache/com.twitter/chill_2.11/jars/chill_2.11-0.8.4.jar
7f9e4b53c000-7f9e4b53e000 r--s 0000d000 08:01 295802                     /home/eissa/.ivy2/cache/com.twitter/chill-java/jars/chill-java-0.8.4.jar
7f9e4b53e000-7f9e4b540000 r--s 00007000 08:01 295724                     /home/eissa/.ivy2/cache/com.thoughtworks.paranamer/paranamer/bundles/paranamer-2.8.jar
7f9e4b540000-7f9e4b542000 r--s 00012000 08:01 295749                     /home/eissa/.ivy2/cache/com.ning/compress-lzf/bundles/compress-lzf-1.0.3.jar
7f9e4b542000-7f9e4b544000 r--s 00003000 08:01 295859                     /home/eissa/.ivy2/cache/com.jamesmurty.utils/java-xmlbuilder/jars/java-xmlbuilder-1.1.jar
7f9e4b544000-7f9e4b54c000 r--s 0007b000 08:01 295811                     /home/eissa/.ivy2/cache/com.google.protobuf/protobuf-java/bundles/protobuf-java-2.5.0.jar
7f9e4b54c000-7f9e4b55b000 r--s 0009f000 08:01 295738                     /home/eissa/.ivy2/cache/com.google.inject/guice/jars/guice-3.0.jar
7f9e4b55b000-7f9e4b57c000 r--s 00172000 08:01 295831                     /home/eissa/.ivy2/cache/com.google.guava/guava/jars/guava-11.0.2.jar
7f9e4b57c000-7f9e4b581000 r--s 0002a000 08:01 295861                     /home/eissa/.ivy2/cache/com.google.code.gson/gson/jars/gson-2.2.4.jar
7f9e4b581000-7f9e4b583000 r--s 00003000 08:01 295759                     /home/eissa/.ivy2/cache/com.google.code.findbugs/jsr305/jars/jsr305-3.0.2.jar
7f9e4b583000-7f9e4b58e000 r--s 000b0000 08:01 295711                     /home/eissa/.ivy2/cache/com.github.rwl/jtransforms/jars/jtransforms-2.4.0.jar
7f9e4b58e000-7f9e4b590000 r--s 00238000 08:01 295756                     /home/eissa/.ivy2/cache/com.github.luben/zstd-jni/bundles/zstd-jni-1.3.2-2.jar
7f9e4b590000-7f9e4b59d000 r--s 00071000 08:01 295869                     /home/eissa/.ivy2/cache/com.fasterxml.jackson.module/jackson-module-scala_2.11/bundles/jackson-module-scala_2.11-2.6.7.1.jar
7f9e4b59d000-7f9e4b5ae000 r--s 0010c000 08:01 295840                     /home/eissa/.ivy2/cache/com.fasterxml.jackson.core/jackson-databind/bundles/jackson-databind-2.6.7.1.jar
7f9e4b5ae000-7f9e4b5b1000 r--s 0003b000 08:01 295755                     /home/eissa/.ivy2/cache/com.fasterxml.jackson.core/jackson-core/bundles/jackson-core-2.7.9.jar
7f9e4b5b1000-7f9e4b5b4000 r--s 00009000 08:01 295844                     /home/eissa/.ivy2/cache/com.fasterxml.jackson.core/jackson-annotations/bundles/jackson-annotations-2.6.7.jar
7f9e4b5b4000-7f9e4b5fa000 r--s 00317000 08:01 295884                     /home/eissa/.ivy2/cache/com.chuusai/shapeless_2.11/bundles/shapeless_2.11-2.3.2.jar
7f9e4b5fa000-7f9e4b61b000 r--s 00177000 08:01 295816                     /home/eissa/.ivy2/cache/com.carrotsearch/hppc/bundles/hppc-0.7.2.jar
7f9e4b61b000-7f9e4b61e000 ---p 00000000 00:00 0 
7f9e4b61e000-7f9e4b71c000 rw-p 00000000 00:00 0                          [stack:48137]
7f9e4b71c000-7f9e4bdfe000 r--p 00000000 08:01 9198                       /usr/lib/locale/locale-archive
7f9e4bdfe000-7f9e4be01000 ---p 00000000 00:00 0 
7f9e4be01000-7f9e4beff000 rw-p 00000000 00:00 0                          [stack:48131]
7f9e4beff000-7f9e4bf02000 ---p 00000000 00:00 0 
7f9e4bf02000-7f9e4c000000 rw-p 00000000 00:00 0                          [stack:48129]
7f9e4c000000-7f9e4c135000 rw-p 00000000 00:00 0 
7f9e4c135000-7f9e50000000 ---p 00000000 00:00 0 
7f9e50000000-7f9e50002000 r--s 00027000 08:01 295781                     /home/eissa/.ivy2/cache/com.github.fommil.netlib/core/jars/core-1.1.2.jar
7f9e50002000-7f9e5005b000 r--s 00522000 08:01 298558                     /home/eissa/.ivy2/cache/org.scala-lang/scala-library/jars/scala-library-2.11.8.jar
7f9e5005b000-7f9e5005c000 ---p 00000000 00:00 0 
7f9e5005c000-7f9e5106b000 rw-p 00000000 00:00 0                          [stack:48127]
7f9e5106b000-7f9e51245000 r--s 03d6b000 08:01 291379                     /home/eissa/java/jdk1.8.0_181/jre/lib/rt.jar
7f9e51245000-7f9e53ddc000 rw-p 00000000 00:00 0 
7f9e53ddc000-7f9e53ddd000 ---p 00000000 00:00 0 
7f9e53ddd000-7f9e53edd000 rw-p 00000000 00:00 0                          [stack:48125]
7f9e53edd000-7f9e53ede000 ---p 00000000 00:00 0 
7f9e53ede000-7f9e53fde000 rw-p 00000000 00:00 0                          [stack:48124]
7f9e53fde000-7f9e53fdf000 ---p 00000000 00:00 0 
7f9e53fdf000-7f9e540df000 rw-p 00000000 00:00 0                          [stack:48123]
7f9e540df000-7f9e540e0000 ---p 00000000 00:00 0 
7f9e540e0000-7f9e542b1000 rw-p 00000000 00:00 0                          [stack:48122]
7f9e542b1000-7f9e54340000 ---p 00000000 00:00 0 
7f9e54340000-7f9e543f1000 rw-p 00000000 00:00 0 
7f9e543f1000-7f9e5444c000 rw-p 00000000 00:00 0 
7f9e5444c000-7f9e547b2000 ---p 00000000 00:00 0 
7f9e547b2000-7f9e55e02000 rwxp 00000000 00:00 0 
7f9e55e02000-7f9e637b2000 ---p 00000000 00:00 0 
7f9e637b2000-7f9e637cd000 r-xp 00000000 08:01 291591                     /home/eissa/java/jdk1.8.0_181/jre/lib/amd64/libzip.so
7f9e637cd000-7f9e639cd000 ---p 0001b000 08:01 291591                     /home/eissa/java/jdk1.8.0_181/jre/lib/amd64/libzip.so
7f9e639cd000-7f9e639ce000 rw-p 0001b000 08:01 291591                     /home/eissa/java/jdk1.8.0_181/jre/lib/amd64/libzip.so
7f9e639ce000-7f9e639d9000 r-xp 00000000 08:01 790086                     /lib/x86_64-linux-gnu/libnss_files-2.19.so
7f9e639d9000-7f9e63bd8000 ---p 0000b000 08:01 790086                     /lib/x86_64-linux-gnu/libnss_files-2.19.so
7f9e63bd8000-7f9e63bd9000 r--p 0000a000 08:01 790086                     /lib/x86_64-linux-gnu/libnss_files-2.19.so
7f9e63bd9000-7f9e63bda000 rw-p 0000b000 08:01 790086                     /lib/x86_64-linux-gnu/libnss_files-2.19.so
7f9e63bda000-7f9e63be5000 r-xp 00000000 08:01 790096                     /lib/x86_64-linux-gnu/libnss_nis-2.19.so
7f9e63be5000-7f9e63de4000 ---p 0000b000 08:01 790096                     /lib/x86_64-linux-gnu/libnss_nis-2.19.so
7f9e63de4000-7f9e63de5000 r--p 0000a000 08:01 790096                     /lib/x86_64-linux-gnu/libnss_nis-2.19.so
7f9e63de5000-7f9e63de6000 rw-p 0000b000 08:01 790096                     /lib/x86_64-linux-gnu/libnss_nis-2.19.so
7f9e63de6000-7f9e63dfd000 r-xp 00000000 08:01 790080                     /lib/x86_64-linux-gnu/libnsl-2.19.so
7f9e63dfd000-7f9e63ffc000 ---p 00017000 08:01 790080                     /lib/x86_64-linux-gnu/libnsl-2.19.so
7f9e63ffc000-7f9e63ffd000 r--p 00016000 08:01 790080                     /lib/x86_64-linux-gnu/libnsl-2.19.so
7f9e63ffd000-7f9e63ffe000 rw-p 00017000 08:01 790080                     /lib/x86_64-linux-gnu/libnsl-2.19.so
7f9e63ffe000-7f9e64000000 rw-p 00000000 00:00 0 
7f9e64000000-7f9e661ee000 rw-p 00000000 00:00 0 
7f9e661ee000-7f9e68000000 ---p 00000000 00:00 0 
7f9e68000000-7f9e68002000 r--s 00009000 08:01 295757                     /home/eissa/.ivy2/cache/com.fasterxml.jackson.module/jackson-module-paranamer/bundles/jackson-module-paranamer-2.7.9.jar
7f9e68002000-7f9e68009000 r--s 00051000 08:01 295760                     /home/eissa/.ivy2/cache/com.esotericsoftware/kryo-shaded/bundles/kryo-shaded-3.0.3.jar
7f9e68009000-7f9e6800c000 r--s 00028000 08:01 295797                     /home/eissa/.ivy2/cache/com.clearspring.analytics/stream/jars/stream-2.7.0.jar
7f9e6800c000-7f9e6801f000 r--s 00345000 08:01 291417                     /home/eissa/java/jdk1.8.0_181/jre/lib/resources.jar
7f9e6801f000-7f9e68032000 r--s 000d6000 08:01 291321                     /home/eissa/java/jdk1.8.0_181/jre/lib/plugin.jar
7f9e68032000-7f9e68037000 r--s 0009d000 08:01 291436                     /home/eissa/java/jdk1.8.0_181/jre/lib/jsse.jar
7f9e68037000-7f9e68040000 r--s 0006d000 08:01 291306                     /home/eissa/java/jdk1.8.0_181/jre/lib/javaws.jar
7f9e68040000-7f9e68111000 rw-p 00000000 00:00 0 
7f9e68111000-7f9e681a1000 ---p 00000000 00:00 0 
7f9e681a1000-7f9e681aa000 r-xp 00000000 08:01 790082                     /lib/x86_64-linux-gnu/libnss_compat-2.19.so
7f9e681aa000-7f9e683a9000 ---p 00009000 08:01 790082                     /lib/x86_64-linux-gnu/libnss_compat-2.19.so
7f9e683a9000-7f9e683aa000 r--p 00008000 08:01 790082                     /lib/x86_64-linux-gnu/libnss_compat-2.19.so
7f9e683aa000-7f9e683ab000 rw-p 00009000 08:01 790082                     /lib/x86_64-linux-gnu/libnss_compat-2.19.so
7f9e683ab000-7f9e683b5000 r-xp 00000000 08:01 291600                     /home/eissa/java/jdk1.8.0_181/jre/lib/amd64/libinstrument.so
7f9e683b5000-7f9e685b4000 ---p 0000a000 08:01 291600                     /home/eissa/java/jdk1.8.0_181/jre/lib/amd64/libinstrument.so
7f9e685b4000-7f9e685b5000 rw-p 00009000 08:01 291600                     /home/eissa/java/jdk1.8.0_181/jre/lib/amd64/libinstrument.so
7f9e685b5000-7f9e685e0000 r-xp 00000000 08:01 291585                     /home/eissa/java/jdk1.8.0_181/jre/lib/amd64/libjava.so
7f9e685e0000-7f9e687df000 ---p 0002b000 08:01 291585                     /home/eissa/java/jdk1.8.0_181/jre/lib/amd64/libjava.so
7f9e687df000-7f9e687e1000 rw-p 0002a000 08:01 291585                     /home/eissa/java/jdk1.8.0_181/jre/lib/amd64/libjava.so
7f9e687e1000-7f9e687ee000 r-xp 00000000 08:01 291590                     /home/eissa/java/jdk1.8.0_181/jre/lib/amd64/libverify.so
7f9e687ee000-7f9e689ee000 ---p 0000d000 08:01 291590                     /home/eissa/java/jdk1.8.0_181/jre/lib/amd64/libverify.so
7f9e689ee000-7f9e689f0000 rw-p 0000d000 08:01 291590                     /home/eissa/java/jdk1.8.0_181/jre/lib/amd64/libverify.so
7f9e689f0000-7f9e689f7000 r-xp 00000000 08:01 790141                     /lib/x86_64-linux-gnu/librt-2.19.so
7f9e689f7000-7f9e68bf6000 ---p 00007000 08:01 790141                     /lib/x86_64-linux-gnu/librt-2.19.so
7f9e68bf6000-7f9e68bf7000 r--p 00006000 08:01 790141                     /lib/x86_64-linux-gnu/librt-2.19.so
7f9e68bf7000-7f9e68bf8000 rw-p 00007000 08:01 790141                     /lib/x86_64-linux-gnu/librt-2.19.so
7f9e68bf8000-7f9e68cfd000 r-xp 00000000 08:01 790059                     /lib/x86_64-linux-gnu/libm-2.19.so
7f9e68cfd000-7f9e68efc000 ---p 00105000 08:01 790059                     /lib/x86_64-linux-gnu/libm-2.19.so
7f9e68efc000-7f9e68efd000 r--p 00104000 08:01 790059                     /lib/x86_64-linux-gnu/libm-2.19.so
7f9e68efd000-7f9e68efe000 rw-p 00105000 08:01 790059                     /lib/x86_64-linux-gnu/libm-2.19.so
7f9e68efe000-7f9e69bda000 r-xp 00000000 08:01 291567                     /home/eissa/java/jdk1.8.0_181/jre/lib/amd64/server/libjvm.so
7f9e69bda000-7f9e69dda000 ---p 00cdc000 08:01 291567                     /home/eissa/java/jdk1.8.0_181/jre/lib/amd64/server/libjvm.so
7f9e69dda000-7f9e69eb4000 rw-p 00cdc000 08:01 291567                     /home/eissa/java/jdk1.8.0_181/jre/lib/amd64/server/libjvm.so
7f9e69eb4000-7f9e69eff000 rw-p 00000000 00:00 0 
7f9e69eff000-7f9e6a0b9000 r-xp 00000000 08:01 790007                     /lib/x86_64-linux-gnu/libc-2.19.so
7f9e6a0b9000-7f9e6a2b9000 ---p 001ba000 08:01 790007                     /lib/x86_64-linux-gnu/libc-2.19.so
7f9e6a2b9000-7f9e6a2bd000 r--p 001ba000 08:01 790007                     /lib/x86_64-linux-gnu/libc-2.19.so
7f9e6a2bd000-7f9e6a2bf000 rw-p 001be000 08:01 790007                     /lib/x86_64-linux-gnu/libc-2.19.so
7f9e6a2bf000-7f9e6a2c4000 rw-p 00000000 00:00 0 
7f9e6a2c4000-7f9e6a2c7000 r-xp 00000000 08:01 790024                     /lib/x86_64-linux-gnu/libdl-2.19.so
7f9e6a2c7000-7f9e6a4c6000 ---p 00003000 08:01 790024                     /lib/x86_64-linux-gnu/libdl-2.19.so
7f9e6a4c6000-7f9e6a4c7000 r--p 00002000 08:01 790024                     /lib/x86_64-linux-gnu/libdl-2.19.so
7f9e6a4c7000-7f9e6a4c8000 rw-p 00003000 08:01 790024                     /lib/x86_64-linux-gnu/libdl-2.19.so
7f9e6a4c8000-7f9e6a4de000 r-xp 00000000 08:01 291241                     /home/eissa/java/jdk1.8.0_181/lib/amd64/jli/libjli.so
7f9e6a4de000-7f9e6a6dd000 ---p 00016000 08:01 291241                     /home/eissa/java/jdk1.8.0_181/lib/amd64/jli/libjli.so
7f9e6a6dd000-7f9e6a6de000 rw-p 00015000 08:01 291241                     /home/eissa/java/jdk1.8.0_181/lib/amd64/jli/libjli.so
7f9e6a6de000-7f9e6a6f6000 r-xp 00000000 08:01 790133                     /lib/x86_64-linux-gnu/libpthread-2.19.so
7f9e6a6f6000-7f9e6a8f6000 ---p 00018000 08:01 790133                     /lib/x86_64-linux-gnu/libpthread-2.19.so
7f9e6a8f6000-7f9e6a8f7000 r--p 00018000 08:01 790133                     /lib/x86_64-linux-gnu/libpthread-2.19.so
7f9e6a8f7000-7f9e6a8f8000 rw-p 00019000 08:01 790133                     /lib/x86_64-linux-gnu/libpthread-2.19.so
7f9e6a8f8000-7f9e6a8fc000 rw-p 00000000 00:00 0 
7f9e6a8fc000-7f9e6a91f000 r-xp 00000000 08:01 789983                     /lib/x86_64-linux-gnu/ld-2.19.so
7f9e6a91f000-7f9e6a920000 r--s 00001000 08:01 295725                     /home/eissa/.ivy2/cache/com.esotericsoftware/minlog/bundles/minlog-1.3.0.jar
7f9e6a920000-7f9e6a922000 r--s 00000000 08:01 295851                     /home/eissa/.ivy2/cache/aopalliance/aopalliance/jars/aopalliance-1.0.jar
7f9e6a922000-7f9e6a927000 r--s 00084000 08:01 291296                     /home/eissa/java/jdk1.8.0_181/jre/lib/jfr.jar
7f9e6a927000-7f9e6a943000 r--s 0020b000 08:01 291297                     /home/eissa/java/jdk1.8.0_181/jre/lib/deploy.jar
7f9e6a943000-7f9e6aa02000 rw-p 00000000 00:00 0 
7f9e6aa02000-7f9e6aa05000 ---p 00000000 00:00 0 
7f9e6aa05000-7f9e6ab07000 rw-p 00000000 00:00 0                          [stack:48115]
7f9e6ab07000-7f9e6ab08000 r--s 00000000 08:01 291303                     /home/eissa/java/jdk1.8.0_181/jre/lib/management-agent.jar
7f9e6ab08000-7f9e6ab0a000 r--s 00007000 08:01 291613                     /home/eissa/java/jdk1.8.0_181/jre/lib/jfxswt.jar
7f9e6ab0a000-7f9e6ab0d000 r--s 0001a000 08:01 291611                     /home/eissa/java/jdk1.8.0_181/jre/lib/jce.jar
7f9e6ab0d000-7f9e6ab12000 r--s 002f9000 08:01 291377                     /home/eissa/java/jdk1.8.0_181/jre/lib/charsets.jar
7f9e6ab12000-7f9e6ab1a000 rw-s 00000000 08:01 572949                     /tmp/hsperfdata_eissa/48110
7f9e6ab1a000-7f9e6ab1b000 rw-p 00000000 00:00 0 
7f9e6ab1b000-7f9e6ab1c000 ---p 00000000 00:00 0 
7f9e6ab1c000-7f9e6ab1e000 rw-p 00000000 00:00 0 
7f9e6ab1e000-7f9e6ab1f000 r--p 00022000 08:01 789983                     /lib/x86_64-linux-gnu/ld-2.19.so
7f9e6ab1f000-7f9e6ab20000 rw-p 00023000 08:01 789983                     /lib/x86_64-linux-gnu/ld-2.19.so
7f9e6ab20000-7f9e6ab21000 rw-p 00000000 00:00 0 
7fff1217d000-7fff121a2000 rw-p 00000000 00:00 0                          [stack]
7fff121fc000-7fff121fe000 r-xp 00000000 00:00 0                          [vdso]
7fff121fe000-7fff12200000 r--p 00000000 00:00 0                          [vvar]
ffffffffff600000-ffffffffff601000 r-xp 00000000 00:00 0                  [vsyscall]

VM Arguments:
jvm_args: -javaagent:/home/eissa/Intellij/lib/idea_rt.jar=58334:/home/eissa/Intellij/bin -Dfile.encoding=UTF-8 
java_command: org.dsmartml.examples.App_GetBestModel 5 1 300
java_class_path (initial): /home/eissa/java/jdk1.8.0_181/jre/lib/charsets.jar:/home/eissa/java/jdk1.8.0_181/jre/lib/deploy.jar:/home/eissa/java/jdk1.8.0_181/jre/lib/ext/cldrdata.jar:/home/eissa/java/jdk1.8.0_181/jre/lib/ext/dnsns.jar:/home/eissa/java/jdk1.8.0_181/jre/lib/ext/jaccess.jar:/home/eissa/java/jdk1.8.0_181/jre/lib/ext/jfxrt.jar:/home/eissa/java/jdk1.8.0_181/jre/lib/ext/localedata.jar:/home/eissa/java/jdk1.8.0_181/jre/lib/ext/nashorn.jar:/home/eissa/java/jdk1.8.0_181/jre/lib/ext/sunec.jar:/home/eissa/java/jdk1.8.0_181/jre/lib/ext/sunjce_provider.jar:/home/eissa/java/jdk1.8.0_181/jre/lib/ext/sunpkcs11.jar:/home/eissa/java/jdk1.8.0_181/jre/lib/ext/zipfs.jar:/home/eissa/java/jdk1.8.0_181/jre/lib/javaws.jar:/home/eissa/java/jdk1.8.0_181/jre/lib/jce.jar:/home/eissa/java/jdk1.8.0_181/jre/lib/jfr.jar:/home/eissa/java/jdk1.8.0_181/jre/lib/jfxswt.jar:/home/eissa/java/jdk1.8.0_181/jre/lib/jsse.jar:/home/eissa/java/jdk1.8.0_181/jre/lib/management-agent.jar:/home/eissa/java/jdk1.8.0_181/jre/lib/plugin.jar:/home/eissa/java/jdk1.8.0_181/jre/lib/resources.jar:/home/eissa/java/jdk1.8.0_181/jre/lib/rt.jar:/home/eissa/mycode/DSmartML/target/scala-2.11/classes:/home/eissa/.ivy2/cache/org.scala-lang/scala-library/jars/scala-library-2.11.8.jar:/home/eissa/.ivy2/cache/aopalliance/aopalliance/jars/aopalliance-1.0.jar:/home/eissa/.ivy2/cache/com.carrotsearch/hppc/bundles/hppc-0.7.2.jar:/home/eissa/.ivy2/cache/com.chuusai/shapeless_2.11/bundles/shapeless_2.11-2.3.2.jar:/home/eissa/.ivy2/cache/com.clearspring.analytics/stream/jars/stream-2.7.0.jar:/home/eissa/.ivy2/cache/com.esotericsoftware/kryo-shaded/bundles/kryo-shaded-3.0.3.jar:/home/eissa/.ivy2/cache/com.esotericsoftware/minlog/bundles/minlog-1.3.0.jar:/home/eissa/.ivy2/cache/com.fasterxml.jackson.core/jackson-annotations/bundles/jackson-annotations-2.6.7.jar:/home/eissa/.ivy2/cache/com.fasterxml.jackson.core/jackson-core/bundles/jackson-core-2.7.9.jar:/home/eissa/.ivy2/cache/com.fasterxml.jackson.core/jackson-databind/bundl
Launcher Type: SUN_STANDARD

Environment Variables:
PATH=/usr/local/sbin:/usr/local/bin:/usr/sbin:/usr/bin:/sbin:/bin:/usr/games:/usr/local/games
SHELL=/bin/bash
DISPLAY=:0

Signal Handlers:
SIGSEGV: [libjvm.so+0xad2a40], sa_mask[0]=11111111011111111101111111111110, sa_flags=SA_RESTART|SA_SIGINFO
SIGBUS: [libjvm.so+0xad2a40], sa_mask[0]=11111111011111111101111111111110, sa_flags=SA_RESTART|SA_SIGINFO
SIGFPE: [libjvm.so+0x92a610], sa_mask[0]=11111111011111111101111111111110, sa_flags=SA_RESTART|SA_SIGINFO
SIGPIPE: [libjvm.so+0x92a610], sa_mask[0]=11111111011111111101111111111110, sa_flags=SA_RESTART|SA_SIGINFO
SIGXFSZ: [libjvm.so+0x92a610], sa_mask[0]=11111111011111111101111111111110, sa_flags=SA_RESTART|SA_SIGINFO
SIGILL: [libjvm.so+0x92a610], sa_mask[0]=11111111011111111101111111111110, sa_flags=SA_RESTART|SA_SIGINFO
SIGUSR1: SIG_DFL, sa_mask[0]=00000000000000000000000000000000, sa_flags=none
SIGUSR2: [libjvm.so+0x92be70], sa_mask[0]=00100000000000000000000000000000, sa_flags=SA_RESTART|SA_SIGINFO
SIGHUP: [libjvm.so+0x92d270], sa_mask[0]=11111111011111111101111111111110, sa_flags=SA_RESTART|SA_SIGINFO
SIGINT: [libjvm.so+0x92d270], sa_mask[0]=11111111011111111101111111111110, sa_flags=SA_RESTART|SA_SIGINFO
SIGTERM: [libjvm.so+0x92d270], sa_mask[0]=11111111011111111101111111111110, sa_flags=SA_RESTART|SA_SIGINFO
SIGQUIT: [libjvm.so+0x92d270], sa_mask[0]=11111111011111111101111111111110, sa_flags=SA_RESTART|SA_SIGINFO


---------------  S Y S T E M  ---------------

OS:DISTRIB_ID=Ubuntu
DISTRIB_RELEASE=14.10
DISTRIB_CODENAME=utopic
DISTRIB_DESCRIPTION="Ubuntu 14.10"

uname:Linux 3.16.0-23-generic #31-Ubuntu SMP Tue Oct 21 17:56:17 UTC 2014 x86_64
libc:glibc 2.19 NPTL 2.19 
rlimit: STACK 8192k, CORE 0k, NPROC 16811, NOFILE 4096, AS infinity
load average:2.27 2.40 2.18

/proc/meminfo:
MemTotal:        4325872 kB
MemFree:          110760 kB
MemAvailable:      66896 kB
Buffers:             448 kB
Cached:            44432 kB
SwapCached:        24288 kB
Active:          1881492 kB
Inactive:         959964 kB
Active(anon):    1860668 kB
Inactive(anon):   936340 kB
Active(file):      20824 kB
Inactive(file):    23624 kB
Unevictable:          48 kB
Mlocked:              48 kB
SwapTotal:       4491260 kB
SwapFree:          76624 kB
Dirty:                68 kB
Writeback:             0 kB
AnonPages:       2772972 kB
Mapped:            40576 kB
Shmem:               240 kB
Slab:              90284 kB
SReclaimable:      36768 kB
SUnreclaim:        53516 kB
KernelStack:       17664 kB
PageTables:        44116 kB
NFS_Unstable:          0 kB
Bounce:                0 kB
WritebackTmp:          0 kB
CommitLimit:     6654196 kB
Committed_AS:    9247296 kB
VmallocTotal:   34359738367 kB
VmallocUsed:      185464 kB
VmallocChunk:   34359468212 kB
HardwareCorrupted:     0 kB
AnonHugePages:    935936 kB
HugePages_Total:       0
HugePages_Free:        0
HugePages_Rsvd:        0
HugePages_Surp:        0
Hugepagesize:       2048 kB
DirectMap4k:       83776 kB
DirectMap2M:     3360768 kB
DirectMap1G:     1048576 kB


CPU:total 4 (initial active 4) (2 cores per cpu, 1 threads per core) family 6 model 78 stepping 3, cmov, cx8, fxsr, mmx, sse, sse2, sse3, ssse3, sse4.1, sse4.2, popcnt, avx, avx2, aes, clmul, erms, rtm, 3dnowpref, lzcnt, tsc, tscinvbit, bmi1, bmi2, adx

/proc/cpuinfo:
processor	: 0
vendor_id	: GenuineIntel
cpu family	: 6
model		: 78
model name	: Intel(R) Core(TM) i7-6600U CPU @ 2.60GHz
stepping	: 3
microcode	: 0x88
cpu MHz		: 2807.999
cache size	: 4096 KB
physical id	: 0
siblings	: 2
core id		: 0
cpu cores	: 2
apicid		: 0
initial apicid	: 0
fpu		: yes
fpu_exception	: yes
cpuid level	: 22
wp		: yes
flags		: fpu vme de pse tsc msr pae mce cx8 apic sep mtrr pge mca cmov pat pse36 clflush dts mmx fxsr sse sse2 ss ht syscall nx pdpe1gb rdtscp lm constant_tsc arch_perfmon pebs bts nopl xtopology tsc_reliable nonstop_tsc aperfmperf eagerfpu pni pclmulqdq ssse3 fma cx16 pcid sse4_1 sse4_2 x2apic movbe popcnt tsc_deadline_timer aes xsave avx f16c rdrand hypervisor lahf_lm abm 3dnowprefetch ida arat epb xsaveopt pln pts dtherm fsgsbase tsc_adjust bmi1 hle avx2 smep bmi2 invpcid rtm rdseed adx smap
bogomips	: 5615.99
clflush size	: 64
cache_alignment	: 64
address sizes	: 42 bits physical, 48 bits virtual
power management:

processor	: 1
vendor_id	: GenuineIntel
cpu family	: 6
model		: 78
model name	: Intel(R) Core(TM) i7-6600U CPU @ 2.60GHz
stepping	: 3
microcode	: 0x88
cpu MHz		: 2807.999
cache size	: 4096 KB
physical id	: 0
siblings	: 2
core id		: 1
cpu cores	: 2
apicid		: 1
initial apicid	: 1
fpu		: yes
fpu_exception	: yes
cpuid level	: 22
wp		: yes
flags		: fpu vme de pse tsc msr pae mce cx8 apic sep mtrr pge mca cmov pat pse36 clflush dts mmx fxsr sse sse2 ss ht syscall nx pdpe1gb rdtscp lm constant_tsc arch_perfmon pebs bts nopl xtopology tsc_reliable nonstop_tsc aperfmperf eagerfpu pni pclmulqdq ssse3 fma cx16 pcid sse4_1 sse4_2 x2apic movbe popcnt tsc_deadline_timer aes xsave avx f16c rdrand hypervisor lahf_lm abm 3dnowprefetch ida arat epb xsaveopt pln pts dtherm fsgsbase tsc_adjust bmi1 hle avx2 smep bmi2 invpcid rtm rdseed adx smap
bogomips	: 5615.99
clflush size	: 64
cache_alignment	: 64
address sizes	: 42 bits physical, 48 bits virtual
power management:

processor	: 2
vendor_id	: GenuineIntel
cpu family	: 6
model		: 78
model name	: Intel(R) Core(TM) i7-6600U CPU @ 2.60GHz
stepping	: 3
microcode	: 0x88
cpu MHz		: 2807.999
cache size	: 4096 KB
physical id	: 1
siblings	: 2
core id		: 0
cpu cores	: 2
apicid		: 2
initial apicid	: 2
fpu		: yes
fpu_exception	: yes
cpuid level	: 22
wp		: yes
flags		: fpu vme de pse tsc msr pae mce cx8 apic sep mtrr pge mca cmov pat pse36 clflush dts mmx fxsr sse sse2 ss ht syscall nx pdpe1gb rdtscp lm constant_tsc arch_perfmon pebs bts nopl xtopology tsc_reliable nonstop_tsc aperfmperf eagerfpu pni pclmulqdq ssse3 fma cx16 pcid sse4_1 sse4_2 x2apic movbe popcnt tsc_deadline_timer aes xsave avx f16c rdrand hypervisor lahf_lm abm 3dnowprefetch ida arat epb xsaveopt pln pts dtherm fsgsbase tsc_adjust bmi1 hle avx2 smep bmi2 invpcid rtm rdseed adx smap
bogomips	: 5615.99
clflush size	: 64
cache_alignment	: 64
address sizes	: 42 bits physical, 48 bits virtual
power management:

processor	: 3
vendor_id	: GenuineIntel
cpu family	: 6
model		: 78
model name	: Intel(R) Core(TM) i7-6600U CPU @ 2.60GHz
stepping	: 3
microcode	: 0x88
cpu MHz		: 2807.999
cache size	: 4096 KB
physical id	: 1
siblings	: 2
core id		: 1
cpu cores	: 2
apicid		: 3
initial apicid	: 3
fpu		: yes
fpu_exception	: yes
cpuid level	: 22
wp		: yes
flags		: fpu vme de pse tsc msr pae mce cx8 apic sep mtrr pge mca cmov pat pse36 clflush dts mmx fxsr sse sse2 ss ht syscall nx pdpe1gb rdtscp lm constant_tsc arch_perfmon pebs bts nopl xtopology tsc_reliable nonstop_tsc aperfmperf eagerfpu pni pclmulqdq ssse3 fma cx16 pcid sse4_1 sse4_2 x2apic movbe popcnt tsc_deadline_timer aes xsave avx f16c rdrand hypervisor lahf_lm abm 3dnowprefetch ida arat epb xsaveopt pln pts dtherm fsgsbase tsc_adjust bmi1 hle avx2 smep bmi2 invpcid rtm rdseed adx smap
bogomips	: 5615.99
clflush size	: 64
cache_alignment	: 64
address sizes	: 42 bits physical, 48 bits virtual
power management:



Memory: 4k page, physical 4325872k(110760k free), swap 4491260k(76624k free)

vm_info: Java HotSpot(TM) 64-Bit Server VM (25.181-b13) for linux-amd64 JRE (1.8.0_181-b13), built on Jul  7 2018 00:56:38 by "java_re" with gcc 4.3.0 20080428 (Red Hat 4.3.0-8)

time: Mon Sep  9 09:45:54 2019
elapsed time: 23 seconds (0d 0h 0m 23s)

