#
# There is insufficient memory for the Java Runtime Environment to continue.
# Native memory allocation (mmap) failed to map 167772160 bytes for committing reserved memory.
# Possible reasons:
#   The system is out of physical RAM or swap space
#   In 32 bit mode, the process size limit was hit
# Possible solutions:
#   Reduce memory load on the system
#   Increase physical memory or swap space
#   Check if swap backing store is full
#   Use 64 bit Java on a 64 bit OS
#   Decrease Java heap size (-Xmx/-Xms)
#   Decrease number of Java threads
#   Decrease Java thread stack sizes (-Xss)
#   Set larger code cache with -XX:ReservedCodeCacheSize=
# This output file may be truncated or incomplete.
#
#  Out of Memory Error (os_linux.cpp:2640), pid=48209, tid=0x00007fbb8410f700
#
# JRE version: Java(TM) SE Runtime Environment (8.0_181-b13) (build 1.8.0_181-b13)
# Java VM: Java HotSpot(TM) 64-Bit Server VM (25.181-b13 mixed mode linux-amd64 compressed oops)
# Failed to write core dump. Core dumps have been disabled. To enable core dumping, try "ulimit -c unlimited" before starting Java again
#

---------------  T H R E A D  ---------------

Current thread (0x00007fbb80148800):  VMThread [stack: 0x00007fbb8400f000,0x00007fbb84110000] [id=48220]

Stack: [0x00007fbb8400f000,0x00007fbb84110000],  sp=0x00007fbb8410e0e0,  free space=1020k
Native frames: (J=compiled Java code, j=interpreted, Vv=VM code, C=native code)
V  [libjvm.so+0xad21aa]  VMError::report_and_die()+0x2ba
V  [libjvm.so+0x5022db]  report_vm_out_of_memory(char const*, int, unsigned long, VMErrorType, char const*)+0x8b
V  [libjvm.so+0x92fe33]  os::Linux::commit_memory_impl(char*, unsigned long, bool)+0x123
V  [libjvm.so+0x930059]  os::pd_commit_memory(char*, unsigned long, unsigned long, bool)+0x29
V  [libjvm.so+0x9272ba]  os::commit_memory(char*, unsigned long, unsigned long, bool)+0x2a
V  [libjvm.so+0x99d2e3]  PSVirtualSpace::expand_by(unsigned long)+0x53
V  [libjvm.so+0x98dba0]  PSOldGen::expand(unsigned long)+0x170
V  [libjvm.so+0x98ddab]  PSOldGen::resize(unsigned long)+0x1cb
V  [libjvm.so+0x995ab1]  PSParallelCompact::invoke_no_policy(bool)+0x991
V  [libjvm.so+0x99b40d]  PSScavenge::invoke()+0x1ad
V  [libjvm.so+0x951d70]  ParallelScavengeHeap::failed_mem_allocate(unsigned long)+0x70
V  [libjvm.so+0xad3c27]  VM_ParallelGCFailedAllocation::doit()+0x97
V  [libjvm.so+0xadb745]  VM_Operation::evaluate()+0x55
V  [libjvm.so+0xad9b0a]  VMThread::evaluate_operation(VM_Operation*)+0xba
V  [libjvm.so+0xad9e8e]  VMThread::loop()+0x1ce
V  [libjvm.so+0xada300]  VMThread::run()+0x70
V  [libjvm.so+0x930198]  java_start(Thread*)+0x108

VM_Operation (0x00007fbb2eee36b0): ParallelGCFailedAllocation, mode: safepoint, requested by thread 0x00007fbb810cc800


---------------  P R O C E S S  ---------------

Java Threads: ( => current thread )
  0x00007fbb28021000 JavaThread "task-result-getter-3" daemon [_thread_blocked, id=48291, stack(0x00007fbaf23eb000,0x00007fbaf24ec000)]
  0x00007fbb2801f000 JavaThread "task-result-getter-2" daemon [_thread_blocked, id=48290, stack(0x00007fbaf24ec000,0x00007fbaf25ed000)]
  0x00007fbb2801c800 JavaThread "task-result-getter-1" daemon [_thread_blocked, id=48289, stack(0x00007fbaf29ed000,0x00007fbaf2aee000)]
  0x00007fbb407a6000 JavaThread "block-manager-slave-async-thread-pool-2" daemon [_thread_blocked, id=48288, stack(0x00007fbaf2aee000,0x00007fbaf2bef000)]
  0x00007fbb40c0d800 JavaThread "block-manager-slave-async-thread-pool-1" daemon [_thread_blocked, id=48287, stack(0x00007fbaf2bef000,0x00007fbaf2cf0000)]
  0x00007fbb2801a800 JavaThread "block-manager-ask-thread-pool-0" daemon [_thread_blocked, id=48286, stack(0x00007fbaf2cf0000,0x00007fbaf2df1000)]
  0x00007fbb2401f000 JavaThread "block-manager-slave-async-thread-pool-0" daemon [_thread_blocked, id=48285, stack(0x00007fbaf2df1000,0x00007fbaf2ef2000)]
  0x00007fbb2401b800 JavaThread "task-result-getter-0" daemon [_thread_blocked, id=48284, stack(0x00007fbaf2ef2000,0x00007fbaf2ff3000)]
  0x00007fbb24019000 JavaThread "Executor task launch worker for task 4" daemon [_thread_blocked, id=48283, stack(0x00007fbb2c0cd000,0x00007fbb2c1ce000)]
  0x00007fbb81bbe000 JavaThread "org.apache.hadoop.fs.FileSystem$Statistics$StatisticsDataReferenceCleaner" daemon [_thread_blocked, id=48282, stack(0x00007fbb2cbce000,0x00007fbb2cccf000)]
  0x00007fbb81b3a800 JavaThread "spark-listener-group-streams" daemon [_thread_blocked, id=48281, stack(0x00007fbb2cccf000,0x00007fbb2cdd0000)]
  0x00007fbb81537000 JavaThread "spark-listener-group-shared" daemon [_thread_blocked, id=48280, stack(0x00007fbb2d3d0000,0x00007fbb2d4d1000)]
  0x00007fbb1c00c800 JavaThread "element-tracking-store-worker" daemon [_thread_blocked, id=48279, stack(0x00007fbb2d4d1000,0x00007fbb2d5d2000)]
  0x00007fbb8136e800 JavaThread "spark-listener-group-executorManagement" daemon [_thread_blocked, id=48278, stack(0x00007fbb2d5d2000,0x00007fbb2d6d3000)]
  0x00007fbb8136c800 JavaThread "spark-listener-group-appStatus" daemon [_thread_blocked, id=48277, stack(0x00007fbb2d6d3000,0x00007fbb2d7d4000)]
  0x00007fbb81369800 JavaThread "context-cleaner-periodic-gc" daemon [_thread_blocked, id=48276, stack(0x00007fbb2d7d4000,0x00007fbb2d8d5000)]
  0x00007fbb81367800 JavaThread "Spark Context Cleaner" daemon [_thread_blocked, id=48275, stack(0x00007fbb2d8d5000,0x00007fbb2d9d6000)]
  0x00007fbb8126a800 JavaThread "shuffle-server-5-1" daemon [_thread_blocked, id=48274, stack(0x00007fbb2dbd6000,0x00007fbb2dcd7000)]
  0x00007fbb81251800 JavaThread "driver-heartbeater" daemon [_thread_blocked, id=48273, stack(0x00007fbb2dcd7000,0x00007fbb2ddd8000)]
  0x00007fbb8124c000 JavaThread "dag-scheduler-event-loop" daemon [_thread_blocked, id=48272, stack(0x00007fbb2ddd8000,0x00007fbb2ded9000)]
  0x00007fbafc00c000 JavaThread "netty-rpc-env-timeout" daemon [_thread_blocked, id=48271, stack(0x00007fbb2ded9000,0x00007fbb2dfda000)]
  0x00007fbb81217000 JavaThread "Timer-0" daemon [_thread_blocked, id=48270, stack(0x00007fbb2dfda000,0x00007fbb2e0db000)]
  0x00007fbb24002000 JavaThread "heartbeat-receiver-event-loop-thread" daemon [_thread_blocked, id=48269, stack(0x00007fbb2e0db000,0x00007fbb2e1dc000)]
  0x00007fbb8119b800 JavaThread "SparkUI-34" daemon [_thread_blocked, id=48268, stack(0x00007fbb2e3dc000,0x00007fbb2e4dd000)]
  0x00007fbb8119a000 JavaThread "SparkUI-33" daemon [_thread_blocked, id=48267, stack(0x00007fbb2e4dd000,0x00007fbb2e5de000)]
  0x00007fbb81198000 JavaThread "SparkUI-32" daemon [_thread_blocked, id=48266, stack(0x00007fbb2e5de000,0x00007fbb2e6df000)]
  0x00007fbb81196800 JavaThread "SparkUI-31" daemon [_thread_blocked, id=48265, stack(0x00007fbb2e6df000,0x00007fbb2e7e0000)]
  0x00007fbb81194800 JavaThread "SparkUI-30" daemon [_thread_blocked, id=48264, stack(0x00007fbb2e7e0000,0x00007fbb2e8e1000)]
  0x00007fbb81192800 JavaThread "SparkUI-29-acceptor-0@13df278c-ServerConnector@1d18db87{HTTP/1.1,[http/1.1]}{0.0.0.0:4040}" daemon [_thread_in_native, id=48263, stack(0x00007fbb2e8e1000,0x00007fbb2e9e2000)]
  0x00007fbb81191000 JavaThread "SparkUI-28" daemon [_thread_in_native, id=48262, stack(0x00007fbb2e9e2000,0x00007fbb2eae3000)]
  0x00007fbb8118e000 JavaThread "SparkUI-27" daemon [_thread_in_native, id=48261, stack(0x00007fbb2eae3000,0x00007fbb2ebe4000)]
  0x00007fbb810cc800 JavaThread "RemoteBlock-temp-file-clean-thread" daemon [_thread_blocked, id=48260, stack(0x00007fbb2ede4000,0x00007fbb2eee5000)]
  0x00007fbb81082800 JavaThread "map-output-dispatcher-7" daemon [_thread_blocked, id=48259, stack(0x00007fbb2eee5000,0x00007fbb2efe6000)]
  0x00007fbb81081000 JavaThread "map-output-dispatcher-6" daemon [_thread_blocked, id=48258, stack(0x00007fbb2efe6000,0x00007fbb2f0e7000)]
  0x00007fbb8107f000 JavaThread "map-output-dispatcher-5" daemon [_thread_blocked, id=48257, stack(0x00007fbb2f0e7000,0x00007fbb2f1e8000)]
  0x00007fbb8107d800 JavaThread "map-output-dispatcher-4" daemon [_thread_blocked, id=48256, stack(0x00007fbb2f1e8000,0x00007fbb2f2e9000)]
  0x00007fbb8107b800 JavaThread "map-output-dispatcher-3" daemon [_thread_blocked, id=48255, stack(0x00007fbb2f2e9000,0x00007fbb2f3ea000)]
  0x00007fbb81075800 JavaThread "map-output-dispatcher-2" daemon [_thread_blocked, id=48254, stack(0x00007fbb2f3ea000,0x00007fbb2f4eb000)]
  0x00007fbb81073000 JavaThread "map-output-dispatcher-1" daemon [_thread_blocked, id=48253, stack(0x00007fbb2f4eb000,0x00007fbb2f5ec000)]
  0x00007fbb81078000 JavaThread "map-output-dispatcher-0" daemon [_thread_blocked, id=48252, stack(0x00007fbb2f5ec000,0x00007fbb2f6ed000)]
  0x00007fbb8104e000 JavaThread "rpc-server-3-1" daemon [_thread_blocked, id=48251, stack(0x00007fbb2f6ed000,0x00007fbb2f7ee000)]
  0x00007fbb80f22000 JavaThread "dispatcher-event-loop-1" daemon [_thread_blocked, id=48250, stack(0x00007fbb6c056000,0x00007fbb6c157000)]
  0x00007fbb80f20800 JavaThread "dispatcher-event-loop-0" daemon [_thread_blocked, id=48249, stack(0x00007fbb6c157000,0x00007fbb6c258000)]
  0x00007fbb80e4c800 JavaThread "process reaper" daemon [_thread_blocked, id=48247, stack(0x00007fbb6d1d4000,0x00007fbb6d20d000)]
  0x00007fbb80ac1800 JavaThread "Service Thread" daemon [_thread_blocked, id=48237, stack(0x00007fbb6d311000,0x00007fbb6d412000)]
  0x00007fbb80abc800 JavaThread "C1 CompilerThread2" daemon [_thread_blocked, id=48236, stack(0x00007fbb6d085000,0x00007fbb6d186000)]
  0x00007fbb80ab9800 JavaThread "C2 CompilerThread1" daemon [_thread_blocked, id=48235, stack(0x00007fbb6d629000,0x00007fbb6d72a000)]
  0x00007fbb80ab8000 JavaThread "C2 CompilerThread0" daemon [_thread_blocked, id=48234, stack(0x00007fbb6d72a000,0x00007fbb6d82b000)]
  0x00007fbb80ab6000 JavaThread "Monitor Ctrl-Break" daemon [_thread_in_native, id=48233, stack(0x00007fbb6d82b000,0x00007fbb6d92c000)]
  0x00007fbb80188800 JavaThread "Signal Dispatcher" daemon [_thread_blocked, id=48228, stack(0x00007fbb6e50b000,0x00007fbb6e60c000)]
  0x00007fbb80155000 JavaThread "Finalizer" daemon [_thread_blocked, id=48224, stack(0x00007fbb6ecee000,0x00007fbb6edef000)]
  0x00007fbb80152800 JavaThread "Reference Handler" daemon [_thread_blocked, id=48223, stack(0x00007fbb6edef000,0x00007fbb6eef0000)]
  0x00007fbb80013800 JavaThread "main" [_thread_blocked, id=48211, stack(0x00007fbb89866000,0x00007fbb89967000)]

Other Threads:
=>0x00007fbb80148800 VMThread [stack: 0x00007fbb8400f000,0x00007fbb84110000] [id=48220]
  0x00007fbb80acf000 WatcherThread [stack: 0x00007fbb6d210000,0x00007fbb6d311000] [id=48238]

VM state:at safepoint (normal execution)

VM Mutex/Monitor currently owned by a thread:  ([mutex/lock_event])
[0x00007fbb8000a110] ExpandHeap_lock - owner thread: 0x00007fbb80148800
[0x00007fbb8000a790] Threads_lock - owner thread: 0x00007fbb80148800
[0x00007fbb80010020] Heap_lock - owner thread: 0x00007fbb810cc800

Heap:
 PSYoungGen      total 138240K, used 0K [0x00000000e9f80000, 0x0000000100000000, 0x0000000100000000)
  eden space 120320K, 0% used [0x00000000e9f80000,0x00000000e9f80000,0x00000000f1500000)
  from space 17920K, 0% used [0x00000000fee80000,0x00000000fee80000,0x0000000100000000)
  to   space 120320K, 0% used [0x00000000f1500000,0x00000000f1500000,0x00000000f8a80000)
 ParOldGen       total 497152K, used 443076K [0x00000000bde00000, 0x00000000dc380000, 0x00000000e9f80000)
  object space 497152K, 89% used [0x00000000bde00000,0x00000000d8eb1140,0x00000000dc380000)
 Metaspace       used 71066K, capacity 71914K, committed 72104K, reserved 1110016K
  class space    used 10623K, capacity 10798K, committed 10920K, reserved 1048576K

Card table byte_map: [0x00007fbb861e5000,0x00007fbb863f7000] byte_map_base: 0x00007fbb85bf6000

Marking Bits: (ParMarkBitMap*) 0x00007fbb88d360a0
 Begin Bits: [0x00007fbb6eef0000, 0x00007fbb6ff78000)
 End Bits:   [0x00007fbb6ff78000, 0x00007fbb71000000)

Polling page: 0x00007fbb8997f000

CodeCache: size=245760Kb used=25358Kb max_used=25544Kb free=220401Kb
 bounds [0x00007fbb71000000, 0x00007fbb72920000, 0x00007fbb80000000]
 total_blobs=8391 nmethods=7774 adapters=527
 compilation: enabled

Compilation events (10 events):
Event: 30.067 Thread 0x00007fbb80ab8000 nmethod 8950 0x00007fbb729062d0 code [0x00007fbb72906420, 0x00007fbb729064c8]
Event: 30.067 Thread 0x00007fbb80ab8000 8941       4       java.lang.StringBuilder::setLength (6 bytes)
Event: 30.070 Thread 0x00007fbb80ab8000 nmethod 8941 0x00007fbb728fd1d0 code [0x00007fbb728fd340, 0x00007fbb728fd698]
Event: 30.081 Thread 0x00007fbb80ab8000 8955       4       org.apache.spark.util.collection.TimSort$SortState::mergeHi (894 bytes)
Event: 30.095 Thread 0x00007fbb80ab9800 nmethod 8949 0x00007fbb7290f9d0 code [0x00007fbb7290fd40, 0x00007fbb72911670]
Event: 30.138 Thread 0x00007fbb80ab8000 nmethod 8955 0x00007fbb729172d0 code [0x00007fbb72917560, 0x00007fbb72919050]
Event: 30.279 Thread 0x00007fbb80abc800 8957       3       java.util.HashMap::isEmpty (13 bytes)
Event: 30.279 Thread 0x00007fbb80abc800 nmethod 8957 0x00007fbb7126e690 code [0x00007fbb7126e800, 0x00007fbb7126e9b0]
Event: 30.280 Thread 0x00007fbb80abc800 8956       3       java.util.HashSet::isEmpty (8 bytes)
Event: 30.280 Thread 0x00007fbb80abc800 nmethod 8956 0x00007fbb71199cd0 code [0x00007fbb71199e40, 0x00007fbb7119a0d0]

GC Heap History (10 events):
Event: 19.095 GC heap after
Heap after GC invocations=26 (full 3):
 PSYoungGen      total 338944K, used 11540K [0x00000000e9f80000, 0x0000000100000000, 0x0000000100000000)
  eden space 327168K, 0% used [0x00000000e9f80000,0x00000000e9f80000,0x00000000fdf00000)
  from space 11776K, 97% used [0x00000000fdf00000,0x00000000fea45168,0x00000000fea80000)
  to   space 17920K, 0% used [0x00000000fee80000,0x00000000fee80000,0x0000000100000000)
 ParOldGen       total 67584K, used 37707K [0x00000000bde00000, 0x00000000c2000000, 0x00000000e9f80000)
  object space 67584K, 55% used [0x00000000bde00000,0x00000000c02d2e58,0x00000000c2000000)
 Metaspace       used 68412K, capacity 69134K, committed 69416K, reserved 1107968K
  class space    used 10340K, capacity 10504K, committed 10536K, reserved 1048576K
}
Event: 20.893 GC heap before
{Heap before GC invocations=27 (full 3):
 PSYoungGen      total 338944K, used 338708K [0x00000000e9f80000, 0x0000000100000000, 0x0000000100000000)
  eden space 327168K, 100% used [0x00000000e9f80000,0x00000000fdf00000,0x00000000fdf00000)
  from space 11776K, 97% used [0x00000000fdf00000,0x00000000fea45168,0x00000000fea80000)
  to   space 17920K, 0% used [0x00000000fee80000,0x00000000fee80000,0x0000000100000000)
 ParOldGen       total 67584K, used 37707K [0x00000000bde00000, 0x00000000c2000000, 0x00000000e9f80000)
  object space 67584K, 55% used [0x00000000bde00000,0x00000000c02d2e58,0x00000000c2000000)
 Metaspace       used 70174K, capacity 70942K, committed 71208K, reserved 1110016K
  class space    used 10528K, capacity 10711K, committed 10792K, reserved 1048576K
Event: 20.927 GC heap after
Heap after GC invocations=27 (full 3):
 PSYoungGen      total 343552K, used 7968K [0x00000000e9f80000, 0x0000000100000000, 0x0000000100000000)
  eden space 325632K, 0% used [0x00000000e9f80000,0x00000000e9f80000,0x00000000fdd80000)
  from space 17920K, 44% used [0x00000000fee80000,0x00000000ff648230,0x0000000100000000)
  to   space 17408K, 0% used [0x00000000fdd80000,0x00000000fdd80000,0x00000000fee80000)
 ParOldGen       total 67584K, used 48569K [0x00000000bde00000, 0x00000000c2000000, 0x00000000e9f80000)
  object space 67584K, 71% used [0x00000000bde00000,0x00000000c0d6e490,0x00000000c2000000)
 Metaspace       used 70174K, capacity 70942K, committed 71208K, reserved 1110016K
  class space    used 10528K, capacity 10711K, committed 10792K, reserved 1048576K
}
Event: 22.713 GC heap before
{Heap before GC invocations=28 (full 3):
 PSYoungGen      total 343552K, used 322379K [0x00000000e9f80000, 0x0000000100000000, 0x0000000100000000)
  eden space 325632K, 96% used [0x00000000e9f80000,0x00000000fd28ab28,0x00000000fdd80000)
  from space 17920K, 44% used [0x00000000fee80000,0x00000000ff648230,0x0000000100000000)
  to   space 17408K, 0% used [0x00000000fdd80000,0x00000000fdd80000,0x00000000fee80000)
 ParOldGen       total 67584K, used 48569K [0x00000000bde00000, 0x00000000c2000000, 0x00000000e9f80000)
  object space 67584K, 71% used [0x00000000bde00000,0x00000000c0d6e490,0x00000000c2000000)
 Metaspace       used 70516K, capacity 71336K, committed 71464K, reserved 1110016K
  class space    used 10557K, capacity 10761K, committed 10792K, reserved 1048576K
Event: 22.813 GC heap after
Heap after GC invocations=28 (full 3):
 PSYoungGen      total 343040K, used 17388K [0x00000000e9f80000, 0x0000000100000000, 0x0000000100000000)
  eden space 325632K, 0% used [0x00000000e9f80000,0x00000000e9f80000,0x00000000fdd80000)
  from space 17408K, 99% used [0x00000000fdd80000,0x00000000fee7b1d0,0x00000000fee80000)
  to   space 17920K, 0% used [0x00000000fee80000,0x00000000fee80000,0x0000000100000000)
 ParOldGen       total 177664K, used 169875K [0x00000000bde00000, 0x00000000c8b80000, 0x00000000e9f80000)
  object space 177664K, 95% used [0x00000000bde00000,0x00000000c83e4e68,0x00000000c8b80000)
 Metaspace       used 70516K, capacity 71336K, committed 71464K, reserved 1110016K
  class space    used 10557K, capacity 10761K, committed 10792K, reserved 1048576K
}
Event: 22.813 GC heap before
{Heap before GC invocations=29 (full 4):
 PSYoungGen      total 343040K, used 17388K [0x00000000e9f80000, 0x0000000100000000, 0x0000000100000000)
  eden space 325632K, 0% used [0x00000000e9f80000,0x00000000e9f80000,0x00000000fdd80000)
  from space 17408K, 99% used [0x00000000fdd80000,0x00000000fee7b1d0,0x00000000fee80000)
  to   space 17920K, 0% used [0x00000000fee80000,0x00000000fee80000,0x0000000100000000)
 ParOldGen       total 177664K, used 169875K [0x00000000bde00000, 0x00000000c8b80000, 0x00000000e9f80000)
  object space 177664K, 95% used [0x00000000bde00000,0x00000000c83e4e68,0x00000000c8b80000)
 Metaspace       used 70516K, capacity 71336K, committed 71464K, reserved 1110016K
  class space    used 10557K, capacity 10761K, committed 10792K, reserved 1048576K
Event: 22.996 GC heap after
Heap after GC invocations=29 (full 4):
 PSYoungGen      total 343040K, used 0K [0x00000000e9f80000, 0x0000000100000000, 0x0000000100000000)
  eden space 325632K, 0% used [0x00000000e9f80000,0x00000000e9f80000,0x00000000fdd80000)
  from space 17408K, 0% used [0x00000000fdd80000,0x00000000fdd80000,0x00000000fee80000)
  to   space 17920K, 0% used [0x00000000fee80000,0x00000000fee80000,0x0000000100000000)
 ParOldGen       total 277504K, used 173652K [0x00000000bde00000, 0x00000000ced00000, 0x00000000e9f80000)
  object space 277504K, 62% used [0x00000000bde00000,0x00000000c8795298,0x00000000ced00000)
 Metaspace       used 70509K, capacity 71324K, committed 71464K, reserved 1110016K
  class space    used 10556K, capacity 10759K, committed 10792K, reserved 1048576K
}
Event: 30.691 GC heap before
{Heap before GC invocations=30 (full 4):
 PSYoungGen      total 343040K, used 325632K [0x00000000e9f80000, 0x0000000100000000, 0x0000000100000000)
  eden space 325632K, 100% used [0x00000000e9f80000,0x00000000fdd80000,0x00000000fdd80000)
  from space 17408K, 0% used [0x00000000fdd80000,0x00000000fdd80000,0x00000000fee80000)
  to   space 17920K, 0% used [0x00000000fee80000,0x00000000fee80000,0x0000000100000000)
 ParOldGen       total 277504K, used 173652K [0x00000000bde00000, 0x00000000ced00000, 0x00000000e9f80000)
  object space 277504K, 62% used [0x00000000bde00000,0x00000000c8795298,0x00000000ced00000)
 Metaspace       used 71066K, capacity 71914K, committed 72104K, reserved 1110016K
  class space    used 10623K, capacity 10798K, committed 10920K, reserved 1048576K
Event: 31.460 GC heap after
Heap after GC invocations=30 (full 4):
 PSYoungGen      total 138240K, used 17915K [0x00000000e9f80000, 0x0000000100000000, 0x0000000100000000)
  eden space 120320K, 0% used [0x00000000e9f80000,0x00000000e9f80000,0x00000000f1500000)
  from space 17920K, 99% used [0x00000000fee80000,0x00000000ffffef48,0x0000000100000000)
  to   space 120320K, 0% used [0x00000000f1500000,0x00000000f1500000,0x00000000f8a80000)
 ParOldGen       total 497152K, used 494098K [0x00000000bde00000, 0x00000000dc380000, 0x00000000e9f80000)
  object space 497152K, 99% used [0x00000000bde00000,0x00000000dc084958,0x00000000dc380000)
 Metaspace       used 71066K, capacity 71914K, committed 72104K, reserved 1110016K
  class space    used 10623K, capacity 10798K, committed 10920K, reserved 1048576K
}
Event: 31.460 GC heap before
{Heap before GC invocations=31 (full 5):
 PSYoungGen      total 138240K, used 17915K [0x00000000e9f80000, 0x0000000100000000, 0x0000000100000000)
  eden space 120320K, 0% used [0x00000000e9f80000,0x00000000e9f80000,0x00000000f1500000)
  from space 17920K, 99% used [0x00000000fee80000,0x00000000ffffef48,0x0000000100000000)
  to   space 120320K, 0% used [0x00000000f1500000,0x00000000f1500000,0x00000000f8a80000)
 ParOldGen       total 497152K, used 494098K [0x00000000bde00000, 0x00000000dc380000, 0x00000000e9f80000)
  object space 497152K, 99% used [0x00000000bde00000,0x00000000dc084958,0x00000000dc380000)
 Metaspace       used 71066K, capacity 71914K, committed 72104K, reserved 1110016K
  class space    used 10623K, capacity 10798K, committed 10920K, reserved 1048576K

Deoptimization events (10 events):
Event: 25.956 Thread 0x00007fbb24019000 Uncommon trap: reason=unstable_if action=reinterpret pc=0x00007fbb7289a5e4 method=org.apache.spark.util.collection.TimSort$SortState.mergeLo(IIII)V @ 503
Event: 26.027 Thread 0x00007fbb24002000 Uncommon trap: reason=null_check action=make_not_entrant pc=0x00007fbb7218b92c method=java.lang.reflect.Array.newInstance(Ljava/lang/Class;I)Ljava/lang/Object; @ 2
Event: 26.896 Thread 0x00007fbb24019000 Uncommon trap: reason=unstable_if action=reinterpret pc=0x00007fbb728af8d4 method=org.apache.spark.util.collection.TimSort$SortState.mergeLo(IIII)V @ 468
Event: 26.983 Thread 0x00007fbb24019000 Uncommon trap: reason=unstable_if action=reinterpret pc=0x00007fbb7286db04 method=org.apache.spark.util.collection.TimSort$SortState.mergeLo(IIII)V @ 503
Event: 27.136 Thread 0x00007fbb24019000 Uncommon trap: reason=unstable_if action=reinterpret pc=0x00007fbb728a7ac4 method=org.apache.spark.util.collection.TimSort$SortState.mergeHi(IIII)V @ 725
Event: 27.565 Thread 0x00007fbb24019000 Uncommon trap: reason=unstable_if action=reinterpret pc=0x00007fbb728c9c64 method=org.apache.spark.storage.DiskBlockObjectWriter.recordWritten()V @ 27
Event: 27.979 Thread 0x00007fbb24019000 Uncommon trap: reason=unstable_if action=reinterpret pc=0x00007fbb728d6b50 method=org.apache.spark.util.collection.unsafe.sort.UnsafeInMemorySorter$SortedIterator.hasNext()Z @ 10
Event: 27.982 Thread 0x00007fbb24019000 Uncommon trap: reason=unstable_if action=reinterpret pc=0x00007fbb7151d0a0 method=org.apache.spark.unsafe.map.BytesToBytesMap$Location.append(Ljava/lang/Object;JILjava/lang/Object;JI)Z @ 137
Event: 27.982 Thread 0x00007fbb24019000 Uncommon trap: reason=unstable_if action=reinterpret pc=0x00007fbb71cacee8 method=java.util.LinkedList.unlinkFirst(Ljava/util/LinkedList$Node;)Ljava/lang/Object; @ 26
Event: 30.054 Thread 0x00007fbb24019000 Uncommon trap: reason=unstable_if action=reinterpret pc=0x00007fbb728d409c method=org.apache.spark.storage.DiskBlockObjectWriter.write([BII)V @ 4

Classes redefined (0 events):
No events

Internal exceptions (10 events):
Event: 21.713 Thread 0x00007fbb80013800 Exception <a 'java/lang/NoSuchMethodError': <clinit>> (0x00000000f2917b78) thrown at [/HUDSON/workspace/8-2-build-linux-amd64/jdk8u181/11358/hotspot/src/share/vm/prims/jni.cpp, line 1613]
Event: 21.746 Thread 0x00007fbb80013800 Exception <a 'java/lang/NoSuchMethodError': <clinit>> (0x00000000f2e88488) thrown at [/HUDSON/workspace/8-2-build-linux-amd64/jdk8u181/11358/hotspot/src/share/vm/prims/jni.cpp, line 1613]
Event: 21.747 Thread 0x00007fbb80013800 Exception <a 'java/lang/NoSuchMethodError': <clinit>> (0x00000000f2eb99d0) thrown at [/HUDSON/workspace/8-2-build-linux-amd64/jdk8u181/11358/hotspot/src/share/vm/prims/jni.cpp, line 1613]
Event: 21.748 Thread 0x00007fbb80013800 Exception <a 'java/lang/NoSuchMethodError': <clinit>> (0x00000000f2ec7508) thrown at [/HUDSON/workspace/8-2-build-linux-amd64/jdk8u181/11358/hotspot/src/share/vm/prims/jni.cpp, line 1613]
Event: 21.752 Thread 0x00007fbb80013800 Exception <a 'java/lang/NoSuchMethodError': <clinit>> (0x00000000f2f5c720) thrown at [/HUDSON/workspace/8-2-build-linux-amd64/jdk8u181/11358/hotspot/src/share/vm/prims/jni.cpp, line 1613]
Event: 21.754 Thread 0x00007fbb80013800 Exception <a 'java/lang/NoSuchMethodError': <clinit>> (0x00000000f2f7a590) thrown at [/HUDSON/workspace/8-2-build-linux-amd64/jdk8u181/11358/hotspot/src/share/vm/prims/jni.cpp, line 1613]
Event: 21.755 Thread 0x00007fbb80013800 Exception <a 'java/lang/NoSuchMethodError': <clinit>> (0x00000000f2f9b8c0) thrown at [/HUDSON/workspace/8-2-build-linux-amd64/jdk8u181/11358/hotspot/src/share/vm/prims/jni.cpp, line 1613]
Event: 21.756 Thread 0x00007fbb80013800 Exception <a 'java/lang/NoSuchMethodError': <clinit>> (0x00000000f2fb5578) thrown at [/HUDSON/workspace/8-2-build-linux-amd64/jdk8u181/11358/hotspot/src/share/vm/prims/jni.cpp, line 1613]
Event: 21.812 Thread 0x00007fbb8124c000 Exception <a 'java/lang/NoSuchMethodError': <clinit>> (0x00000000f376d7f0) thrown at [/HUDSON/workspace/8-2-build-linux-amd64/jdk8u181/11358/hotspot/src/share/vm/prims/jni.cpp, line 1613]
Event: 27.982 Thread 0x00007fbb24019000 Implicit null exception at 0x00007fbb7151c966 to 0x00007fbb7151d089

Events (10 events):
Event: 30.280 Thread 0x00007fbb80abc800 flushing nmethod 0x00007fbb714dc910
Event: 30.280 Thread 0x00007fbb80abc800 flushing nmethod 0x00007fbb714dd950
Event: 30.280 Thread 0x00007fbb80abc800 flushing nmethod 0x00007fbb714de490
Event: 30.280 Thread 0x00007fbb80abc800 flushing nmethod 0x00007fbb714df910
Event: 30.280 Thread 0x00007fbb80abc800 flushing nmethod 0x00007fbb714e3350
Event: 30.280 Thread 0x00007fbb80abc800 flushing nmethod 0x00007fbb714e3690
Event: 30.280 Thread 0x00007fbb80abc800 flushing nmethod 0x00007fbb714ea9d0
Event: 30.281 Thread 0x00007fbb80abc800 flushing nmethod 0x00007fbb714f8990
Event: 30.281 Thread 0x00007fbb80abc800 flushing nmethod 0x00007fbb714fa850
Event: 30.690 Executing VM operation: ParallelGCFailedAllocation


Dynamic libraries:
00400000-00401000 r-xp 00000000 08:01 289879                             /home/eissa/java/jdk1.8.0_181/bin/java
00600000-00601000 rw-p 00000000 08:01 289879                             /home/eissa/java/jdk1.8.0_181/bin/java
00873000-00894000 rw-p 00000000 00:00 0                                  [heap]
bde00000-dc380000 rw-p 00000000 00:00 0 
e6380000-e9f80000 ---p 00000000 00:00 0 
e9f80000-100000000 rw-p 00000000 00:00 0 
100000000-100aaa000 rw-p 00000000 00:00 0 
100aaa000-140000000 ---p 00000000 00:00 0 
7fbaec000000-7fbaec021000 rw-p 00000000 00:00 0 
7fbaec021000-7fbaf0000000 ---p 00000000 00:00 0 
7fbaf21eb000-7fbaf23ab000 rw-p 00000000 00:00 0 
7fbaf23ab000-7fbaf23eb000 ---p 00000000 00:00 0 
7fbaf23eb000-7fbaf23ee000 ---p 00000000 00:00 0 
7fbaf23ee000-7fbaf24ec000 rw-p 00000000 00:00 0                          [stack:48291]
7fbaf24ec000-7fbaf24ef000 ---p 00000000 00:00 0 
7fbaf24ef000-7fbaf27ed000 rw-p 00000000 00:00 0                          [stack:48290]
7fbaf27ed000-7fbaf29ed000 rw-p 00000000 00:00 0 
7fbaf29ed000-7fbaf29f0000 ---p 00000000 00:00 0 
7fbaf29f0000-7fbaf2aee000 rw-p 00000000 00:00 0                          [stack:48289]
7fbaf2aee000-7fbaf2af1000 ---p 00000000 00:00 0 
7fbaf2af1000-7fbaf2bef000 rw-p 00000000 00:00 0                          [stack:48288]
7fbaf2bef000-7fbaf2bf2000 ---p 00000000 00:00 0 
7fbaf2bf2000-7fbaf2cf0000 rw-p 00000000 00:00 0                          [stack:48287]
7fbaf2cf0000-7fbaf2cf3000 ---p 00000000 00:00 0 
7fbaf2cf3000-7fbaf2df1000 rw-p 00000000 00:00 0                          [stack:48286]
7fbaf2df1000-7fbaf2df4000 ---p 00000000 00:00 0 
7fbaf2df4000-7fbaf2ef2000 rw-p 00000000 00:00 0                          [stack:48285]
7fbaf2ef2000-7fbaf2ef5000 ---p 00000000 00:00 0 
7fbaf2ef5000-7fbaf31f3000 rw-p 00000000 00:00 0                          [stack:48284]
7fbaf31f3000-7fbaf33f3000 rw-p 00000000 00:00 0 
7fbaf33f3000-7fbaf3400000 r-xp 00000000 08:01 297220                     /tmp/liblz4-java2291820447368748087.so
7fbaf3400000-7fbaf35ff000 ---p 0000d000 08:01 297220                     /tmp/liblz4-java2291820447368748087.so
7fbaf35ff000-7fbaf3600000 rw-p 0000c000 08:01 297220                     /tmp/liblz4-java2291820447368748087.so
7fbaf3600000-7fbaf3800000 rw-p 00000000 00:00 0 
7fbaf3800000-7fbaf3a00000 rw-p 00000000 00:00 0 
7fbaf3a00000-7fbaf3c00000 rw-p 00000000 00:00 0 
7fbaf3c00000-7fbaf3e00000 rw-p 00000000 00:00 0 
7fbaf3e00000-7fbaf4000000 rw-p 00000000 00:00 0 
7fbaf4000000-7fbaf4021000 rw-p 00000000 00:00 0 
7fbaf4021000-7fbaf8000000 ---p 00000000 00:00 0 
7fbaf8000000-7fbaf8021000 rw-p 00000000 00:00 0 
7fbaf8021000-7fbafc000000 ---p 00000000 00:00 0 
7fbafc000000-7fbafc027000 rw-p 00000000 00:00 0 
7fbafc027000-7fbb00000000 ---p 00000000 00:00 0 
7fbb00000000-7fbb00021000 rw-p 00000000 00:00 0 
7fbb00021000-7fbb04000000 ---p 00000000 00:00 0 
7fbb04000000-7fbb04021000 rw-p 00000000 00:00 0 
7fbb04021000-7fbb08000000 ---p 00000000 00:00 0 
7fbb08000000-7fbb08021000 rw-p 00000000 00:00 0 
7fbb08021000-7fbb0c000000 ---p 00000000 00:00 0 
7fbb0c000000-7fbb0c021000 rw-p 00000000 00:00 0 
7fbb0c021000-7fbb10000000 ---p 00000000 00:00 0 
7fbb10000000-7fbb10081000 rw-p 00000000 00:00 0 
7fbb10081000-7fbb14000000 ---p 00000000 00:00 0 
7fbb14000000-7fbb14021000 rw-p 00000000 00:00 0 
7fbb14021000-7fbb18000000 ---p 00000000 00:00 0 
7fbb18000000-7fbb18021000 rw-p 00000000 00:00 0 
7fbb18021000-7fbb1c000000 ---p 00000000 00:00 0 
7fbb1c000000-7fbb1c077000 rw-p 00000000 00:00 0 
7fbb1c077000-7fbb20000000 ---p 00000000 00:00 0 
7fbb20000000-7fbb20021000 rw-p 00000000 00:00 0 
7fbb20021000-7fbb24000000 ---p 00000000 00:00 0 
7fbb24000000-7fbb2402e000 rw-p 00000000 00:00 0 
7fbb2402e000-7fbb28000000 ---p 00000000 00:00 0 
7fbb28000000-7fbb2802a000 rw-p 00000000 00:00 0 
7fbb2802a000-7fbb2c000000 ---p 00000000 00:00 0 
7fbb2c0cd000-7fbb2c0d0000 ---p 00000000 00:00 0 
7fbb2c0d0000-7fbb2c3ce000 rw-p 00000000 00:00 0                          [stack:48283]
7fbb2c3ce000-7fbb2c5ce000 rw-p 00000000 00:00 0 
7fbb2c5ce000-7fbb2c7ce000 rw-p 00000000 00:00 0 
7fbb2c7ce000-7fbb2c9ce000 rw-p 00000000 00:00 0 
7fbb2c9ce000-7fbb2cbce000 rw-p 00000000 00:00 0 
7fbb2cbce000-7fbb2cbd1000 ---p 00000000 00:00 0 
7fbb2cbd1000-7fbb2cccf000 rw-p 00000000 00:00 0                          [stack:48282]
7fbb2cccf000-7fbb2ccd2000 ---p 00000000 00:00 0 
7fbb2ccd2000-7fbb2cfd0000 rw-p 00000000 00:00 0                          [stack:48281]
7fbb2cfd0000-7fbb2d1d0000 rw-p 00000000 00:00 0 
7fbb2d1d0000-7fbb2d3d0000 rw-p 00000000 00:00 0 
7fbb2d3d0000-7fbb2d3d3000 ---p 00000000 00:00 0 
7fbb2d3d3000-7fbb2d4d1000 rw-p 00000000 00:00 0                          [stack:48280]
7fbb2d4d1000-7fbb2d4d4000 ---p 00000000 00:00 0 
7fbb2d4d4000-7fbb2d5d2000 rw-p 00000000 00:00 0                          [stack:48279]
7fbb2d5d2000-7fbb2d5d5000 ---p 00000000 00:00 0 
7fbb2d5d5000-7fbb2d6d3000 rw-p 00000000 00:00 0                          [stack:48278]
7fbb2d6d3000-7fbb2d6d6000 ---p 00000000 00:00 0 
7fbb2d6d6000-7fbb2d7d4000 rw-p 00000000 00:00 0                          [stack:48277]
7fbb2d7d4000-7fbb2d7d7000 ---p 00000000 00:00 0 
7fbb2d7d7000-7fbb2d8d5000 rw-p 00000000 00:00 0                          [stack:48276]
7fbb2d8d5000-7fbb2d8d8000 ---p 00000000 00:00 0 
7fbb2d8d8000-7fbb2dbd6000 rw-p 00000000 00:00 0                          [stack:48275]
7fbb2dbd6000-7fbb2dbd9000 ---p 00000000 00:00 0 
7fbb2dbd9000-7fbb2dcd7000 rw-p 00000000 00:00 0                          [stack:48274]
7fbb2dcd7000-7fbb2dcda000 ---p 00000000 00:00 0 
7fbb2dcda000-7fbb2ddd8000 rw-p 00000000 00:00 0                          [stack:48273]
7fbb2ddd8000-7fbb2dddb000 ---p 00000000 00:00 0 
7fbb2dddb000-7fbb2ded9000 rw-p 00000000 00:00 0                          [stack:48272]
7fbb2ded9000-7fbb2dedc000 ---p 00000000 00:00 0 
7fbb2dedc000-7fbb2dfda000 rw-p 00000000 00:00 0                          [stack:48271]
7fbb2dfda000-7fbb2dfdd000 ---p 00000000 00:00 0 
7fbb2dfdd000-7fbb2e0db000 rw-p 00000000 00:00 0                          [stack:48270]
7fbb2e0db000-7fbb2e0de000 ---p 00000000 00:00 0 
7fbb2e0de000-7fbb2e3dc000 rw-p 00000000 00:00 0                          [stack:48269]
7fbb2e3dc000-7fbb2e3df000 ---p 00000000 00:00 0 
7fbb2e3df000-7fbb2e4dd000 rw-p 00000000 00:00 0                          [stack:48268]
7fbb2e4dd000-7fbb2e4e0000 ---p 00000000 00:00 0 
7fbb2e4e0000-7fbb2e5de000 rw-p 00000000 00:00 0                          [stack:48267]
7fbb2e5de000-7fbb2e5e1000 ---p 00000000 00:00 0 
7fbb2e5e1000-7fbb2e6df000 rw-p 00000000 00:00 0                          [stack:48266]
7fbb2e6df000-7fbb2e6e2000 ---p 00000000 00:00 0 
7fbb2e6e2000-7fbb2e7e0000 rw-p 00000000 00:00 0                          [stack:48265]
7fbb2e7e0000-7fbb2e7e3000 ---p 00000000 00:00 0 
7fbb2e7e3000-7fbb2e8e1000 rw-p 00000000 00:00 0                          [stack:48264]
7fbb2e8e1000-7fbb2e8e4000 ---p 00000000 00:00 0 
7fbb2e8e4000-7fbb2e9e2000 rw-p 00000000 00:00 0                          [stack:48263]
7fbb2e9e2000-7fbb2e9e5000 ---p 00000000 00:00 0 
7fbb2e9e5000-7fbb2eae3000 rw-p 00000000 00:00 0                          [stack:48262]
7fbb2eae3000-7fbb2eae6000 ---p 00000000 00:00 0 
7fbb2eae6000-7fbb2ede4000 rw-p 00000000 00:00 0                          [stack:48261]
7fbb2ede4000-7fbb2ede7000 ---p 00000000 00:00 0 
7fbb2ede7000-7fbb2eee5000 rw-p 00000000 00:00 0                          [stack:48260]
7fbb2eee5000-7fbb2eee8000 ---p 00000000 00:00 0 
7fbb2eee8000-7fbb2efe6000 rw-p 00000000 00:00 0                          [stack:48259]
7fbb2efe6000-7fbb2efe9000 ---p 00000000 00:00 0 
7fbb2efe9000-7fbb2f0e7000 rw-p 00000000 00:00 0                          [stack:48258]
7fbb2f0e7000-7fbb2f0ea000 ---p 00000000 00:00 0 
7fbb2f0ea000-7fbb2f1e8000 rw-p 00000000 00:00 0                          [stack:48257]
7fbb2f1e8000-7fbb2f1eb000 ---p 00000000 00:00 0 
7fbb2f1eb000-7fbb2f2e9000 rw-p 00000000 00:00 0                          [stack:48256]
7fbb2f2e9000-7fbb2f2ec000 ---p 00000000 00:00 0 
7fbb2f2ec000-7fbb2f3ea000 rw-p 00000000 00:00 0                          [stack:48255]
7fbb2f3ea000-7fbb2f3ed000 ---p 00000000 00:00 0 
7fbb2f3ed000-7fbb2f4eb000 rw-p 00000000 00:00 0                          [stack:48254]
7fbb2f4eb000-7fbb2f4ee000 ---p 00000000 00:00 0 
7fbb2f4ee000-7fbb2f5ec000 rw-p 00000000 00:00 0                          [stack:48253]
7fbb2f5ec000-7fbb2f5ef000 ---p 00000000 00:00 0 
7fbb2f5ef000-7fbb2f6ed000 rw-p 00000000 00:00 0                          [stack:48252]
7fbb2f6ed000-7fbb2f6f0000 ---p 00000000 00:00 0 
7fbb2f6f0000-7fbb2f9ee000 rw-p 00000000 00:00 0                          [stack:48251]
7fbb2f9ee000-7fbb2f9ff000 r-xp 00000000 08:01 291598                     /home/eissa/java/jdk1.8.0_181/jre/lib/amd64/libnio.so
7fbb2f9ff000-7fbb2fbfe000 ---p 00011000 08:01 291598                     /home/eissa/java/jdk1.8.0_181/jre/lib/amd64/libnio.so
7fbb2fbfe000-7fbb2fbff000 rw-p 00010000 08:01 291598                     /home/eissa/java/jdk1.8.0_181/jre/lib/amd64/libnio.so
7fbb2fbff000-7fbb2fdff000 rw-p 00000000 00:00 0 
7fbb2fdff000-7fbb2fe00000 r-xp 00000000 08:01 291580                     /home/eissa/java/jdk1.8.0_181/jre/lib/amd64/libjaas_unix.so
7fbb2fe00000-7fbb2ffff000 ---p 00001000 08:01 291580                     /home/eissa/java/jdk1.8.0_181/jre/lib/amd64/libjaas_unix.so
7fbb2ffff000-7fbb30000000 rw-p 00000000 08:01 291580                     /home/eissa/java/jdk1.8.0_181/jre/lib/amd64/libjaas_unix.so
7fbb30000000-7fbb30021000 rw-p 00000000 00:00 0 
7fbb30021000-7fbb34000000 ---p 00000000 00:00 0 
7fbb34000000-7fbb34021000 rw-p 00000000 00:00 0 
7fbb34021000-7fbb38000000 ---p 00000000 00:00 0 
7fbb38000000-7fbb3abc0000 rw-p 00000000 00:00 0 
7fbb3abc0000-7fbb3c000000 ---p 00000000 00:00 0 
7fbb3c000000-7fbb3c021000 rw-p 00000000 00:00 0 
7fbb3c021000-7fbb40000000 ---p 00000000 00:00 0 
7fbb40000000-7fbb41da1000 rw-p 00000000 00:00 0 
7fbb41da1000-7fbb44000000 ---p 00000000 00:00 0 
7fbb44000000-7fbb45be4000 rw-p 00000000 00:00 0 
7fbb45be4000-7fbb48000000 ---p 00000000 00:00 0 
7fbb48000000-7fbb48021000 rw-p 00000000 00:00 0 
7fbb48021000-7fbb4c000000 ---p 00000000 00:00 0 
7fbb4c000000-7fbb4c2c8000 rw-p 00000000 00:00 0 
7fbb4c2c8000-7fbb50000000 ---p 00000000 00:00 0 
7fbb50000000-7fbb50021000 rw-p 00000000 00:00 0 
7fbb50021000-7fbb54000000 ---p 00000000 00:00 0 
7fbb54000000-7fbb54021000 rw-p 00000000 00:00 0 
7fbb54021000-7fbb58000000 ---p 00000000 00:00 0 
7fbb58000000-7fbb58035000 rw-p 00000000 00:00 0 
7fbb58035000-7fbb5c000000 ---p 00000000 00:00 0 
7fbb5c000000-7fbb5c354000 rw-p 00000000 00:00 0 
7fbb5c354000-7fbb60000000 ---p 00000000 00:00 0 
7fbb60000000-7fbb60113000 rw-p 00000000 00:00 0 
7fbb60113000-7fbb64000000 ---p 00000000 00:00 0 
7fbb64000000-7fbb64021000 rw-p 00000000 00:00 0 
7fbb64021000-7fbb68000000 ---p 00000000 00:00 0 
7fbb68000000-7fbb68021000 rw-p 00000000 00:00 0 
7fbb68021000-7fbb6c000000 ---p 00000000 00:00 0 
7fbb6c056000-7fbb6c059000 ---p 00000000 00:00 0 
7fbb6c059000-7fbb6c157000 rw-p 00000000 00:00 0                          [stack:48250]
7fbb6c157000-7fbb6c15a000 ---p 00000000 00:00 0 
7fbb6c15a000-7fbb6c458000 rw-p 00000000 00:00 0                          [stack:48249]
7fbb6c458000-7fbb6c658000 rw-p 00000000 00:00 0 
7fbb6c658000-7fbb6c661000 r-xp 00000000 08:01 291603                     /home/eissa/java/jdk1.8.0_181/jre/lib/amd64/libmanagement.so
7fbb6c661000-7fbb6c860000 ---p 00009000 08:01 291603                     /home/eissa/java/jdk1.8.0_181/jre/lib/amd64/libmanagement.so
7fbb6c860000-7fbb6c861000 rw-p 00008000 08:01 291603                     /home/eissa/java/jdk1.8.0_181/jre/lib/amd64/libmanagement.so
7fbb6c861000-7fbb6c878000 r-xp 00000000 08:01 790139                     /lib/x86_64-linux-gnu/libresolv-2.19.so
7fbb6c878000-7fbb6ca78000 ---p 00017000 08:01 790139                     /lib/x86_64-linux-gnu/libresolv-2.19.so
7fbb6ca78000-7fbb6ca79000 r--p 00017000 08:01 790139                     /lib/x86_64-linux-gnu/libresolv-2.19.so
7fbb6ca79000-7fbb6ca7a000 rw-p 00018000 08:01 790139                     /lib/x86_64-linux-gnu/libresolv-2.19.so
7fbb6ca7a000-7fbb6ca7c000 rw-p 00000000 00:00 0 
7fbb6ca7c000-7fbb6ca81000 r-xp 00000000 08:01 790084                     /lib/x86_64-linux-gnu/libnss_dns-2.19.so
7fbb6ca81000-7fbb6cc80000 ---p 00005000 08:01 790084                     /lib/x86_64-linux-gnu/libnss_dns-2.19.so
7fbb6cc80000-7fbb6cc81000 r--p 00004000 08:01 790084                     /lib/x86_64-linux-gnu/libnss_dns-2.19.so
7fbb6cc81000-7fbb6cc82000 rw-p 00005000 08:01 790084                     /lib/x86_64-linux-gnu/libnss_dns-2.19.so
7fbb6cc82000-7fbb6cc84000 r-xp 00000000 08:01 790092                     /lib/x86_64-linux-gnu/libnss_mdns4_minimal.so.2
7fbb6cc84000-7fbb6ce83000 ---p 00002000 08:01 790092                     /lib/x86_64-linux-gnu/libnss_mdns4_minimal.so.2
7fbb6ce83000-7fbb6ce84000 r--p 00001000 08:01 790092                     /lib/x86_64-linux-gnu/libnss_mdns4_minimal.so.2
7fbb6ce84000-7fbb6ce85000 rw-p 00002000 08:01 790092                     /lib/x86_64-linux-gnu/libnss_mdns4_minimal.so.2
7fbb6ce85000-7fbb6d085000 rw-p 00000000 00:00 0 
7fbb6d085000-7fbb6d088000 ---p 00000000 00:00 0 
7fbb6d088000-7fbb6d186000 rw-p 00000000 00:00 0                          [stack:48236]
7fbb6d1ce000-7fbb6d1cf000 rw-p 00000000 00:00 0 
7fbb6d1cf000-7fbb6d1d4000 r--s 0009d000 08:01 291436                     /home/eissa/java/jdk1.8.0_181/jre/lib/jsse.jar
7fbb6d1d4000-7fbb6d1d7000 ---p 00000000 00:00 0 
7fbb6d1d7000-7fbb6d20d000 rw-p 00000000 00:00 0                          [stack:48247]
7fbb6d20d000-7fbb6d210000 r--s 0001a000 08:01 291611                     /home/eissa/java/jdk1.8.0_181/jre/lib/jce.jar
7fbb6d210000-7fbb6d211000 ---p 00000000 00:00 0 
7fbb6d211000-7fbb6d311000 rw-p 00000000 00:00 0                          [stack:48238]
7fbb6d311000-7fbb6d314000 ---p 00000000 00:00 0 
7fbb6d314000-7fbb6d412000 rw-p 00000000 00:00 0                          [stack:48237]
7fbb6d412000-7fbb6d428000 r-xp 00000000 08:01 291595                     /home/eissa/java/jdk1.8.0_181/jre/lib/amd64/libnet.so
7fbb6d428000-7fbb6d628000 ---p 00016000 08:01 291595                     /home/eissa/java/jdk1.8.0_181/jre/lib/amd64/libnet.so
7fbb6d628000-7fbb6d629000 rw-p 00016000 08:01 291595                     /home/eissa/java/jdk1.8.0_181/jre/lib/amd64/libnet.so
7fbb6d629000-7fbb6d62c000 ---p 00000000 00:00 0 
7fbb6d62c000-7fbb6d72a000 rw-p 00000000 00:00 0                          [stack:48235]
7fbb6d72a000-7fbb6d72d000 ---p 00000000 00:00 0 
7fbb6d72d000-7fbb6d82b000 rw-p 00000000 00:00 0                          [stack:48234]
7fbb6d82b000-7fbb6d82e000 ---p 00000000 00:00 0 
7fbb6d82e000-7fbb6d92c000 rw-p 00000000 00:00 0                          [stack:48233]
7fbb6d92c000-7fbb6d92e000 r--s 0001a000 08:01 291909                     /home/eissa/Intellij/lib/idea_rt.jar
7fbb6d92e000-7fbb6d92f000 r--s 00003000 08:01 295794                     /home/eissa/.ivy2/cache/xmlenc/xmlenc/jars/xmlenc-0.52.jar
7fbb6d92f000-7fbb6d937000 r--s 00028000 08:01 295882                     /home/eissa/.ivy2/cache/xml-apis/xml-apis/jars/xml-apis-1.3.04.jar
7fbb6d937000-7fbb6d94f000 r--s 00115000 08:01 295857                     /home/eissa/.ivy2/cache/xerces/xercesImpl/jars/xercesImpl-2.9.1.jar
7fbb6d94f000-7fbb6d951000 r--s 0000e000 08:01 295867                     /home/eissa/.ivy2/cache/oro/oro/jars/oro-2.0.8.jar
7fbb6d951000-7fbb6d953000 r--s 00100000 08:01 295877                     /home/eissa/.ivy2/cache/org.xerial.snappy/snappy-java/bundles/snappy-java-1.1.2.6.jar
7fbb6d953000-7fbb6d954000 r--s 00000000 08:01 295728                     /home/eissa/.ivy2/cache/org.typelevel/macro-compat_2.11/jars/macro-compat_2.11-1.1.1.jar
7fbb6d954000-7fbb6d955000 r--s 00008000 08:01 295804                     /home/eissa/.ivy2/cache/org.typelevel/machinist_2.11/jars/machinist_2.11-0.6.1.jar
7fbb6d955000-7fbb6d959000 r--s 00014000 08:01 295894                     /home/eissa/.ivy2/cache/org.tukaani/xz/jars/xz-1.0.jar
7fbb6d959000-7fbb6d9c4000 r--s 0093d000 08:01 295795                     /home/eissa/.ivy2/cache/org.spire-math/spire_2.11/jars/spire_2.11-0.13.0.jar
7fbb6d9c4000-7fbb6d9c6000 r--s 00014000 08:01 295812                     /home/eissa/.ivy2/cache/org.spire-math/spire-macros_2.11/jars/spire-macros_2.11-0.13.0.jar
7fbb6d9c6000-7fbb6d9c7000 r--s 00000000 08:01 295912                     /home/eissa/.ivy2/cache/org.spark-project.spark/unused/jars/unused-1.0.0.jar
7fbb6d9c7000-7fbb6d9ce000 r--s 0003e000 08:01 295856                     /home/eissa/.ivy2/cache/org.sonatype.sisu.inject/cglib/jars/cglib-2.2.1-v20090111.jar
7fbb6d9ce000-7fbb6d9cf000 r--s 00002000 08:01 295773                     /home/eissa/.ivy2/cache/org.slf4j/slf4j-log4j12/jars/slf4j-log4j12-1.7.16.jar
7fbb6d9cf000-7fbb6d9d1000 r--s 00009000 08:01 293313                     /home/eissa/.ivy2/cache/org.slf4j/slf4j-api/jars/slf4j-api-1.7.25.jar
7fbb6d9d1000-7fbb6d9d3000 r--s 00000000 08:01 295791                     /home/eissa/.ivy2/cache/org.slf4j/jul-to-slf4j/jars/jul-to-slf4j-1.7.16.jar
7fbb6d9d3000-7fbb6d9d5000 r--s 00003000 08:01 295896                     /home/eissa/.ivy2/cache/org.slf4j/jcl-over-slf4j/jars/jcl-over-slf4j-1.7.16.jar
7fbb6d9d5000-7fbb6daad000 r--s 00d92000 08:01 295810                     /home/eissa/.ivy2/cache/org.scalanlp/breeze_2.11/jars/breeze_2.11-0.13.2.jar
7fbb6daad000-7fbb6dab1000 r--s 0002a000 08:01 295789                     /home/eissa/.ivy2/cache/org.scalanlp/breeze-macros_2.11/jars/breeze-macros_2.11-0.13.2.jar
7fbb6dab1000-7fbb6dabc000 r--s 00094000 08:01 295937                     /home/eissa/.ivy2/cache/org.scala-lang.modules/scala-xml_2.11/bundles/scala-xml_2.11-1.0.4.jar
7fbb6dabc000-7fbb6dac7000 r--s 0005d000 08:01 295735                     /home/eissa/.ivy2/cache/org.scala-lang.modules/scala-parser-combinators_2.11/bundles/scala-parser-combinators_2.11-1.0.4.jar
7fbb6dac7000-7fbb6dad9000 r--s 000b3000 08:01 300700                     /home/eissa/.ivy2/cache/org.scala-lang/scalap/jars/scalap-2.11.8.jar
7fbb6dad9000-7fbb6db25000 r--s 00411000 08:01 298560                     /home/eissa/.ivy2/cache/org.scala-lang/scala-reflect/jars/scala-reflect-2.11.8.jar
7fbb6db25000-7fbb6dc31000 r--s 00dba000 08:01 298559                     /home/eissa/.ivy2/cache/org.scala-lang/scala-compiler/jars/scala-compiler-2.11.8.jar
7fbb6dc31000-7fbb6dc34000 r--s 0002f000 08:01 295745                     /home/eissa/.ivy2/cache/org.roaringbitmap/RoaringBitmap/bundles/RoaringBitmap-0.5.11.jar
7fbb6dc34000-7fbb6dc36000 r--s 00009000 08:01 295907                     /home/eissa/.ivy2/cache/org.objenesis/objenesis/jars/objenesis-2.1.jar
7fbb6dc36000-7fbb6dc3a000 r--s 00028000 08:01 295879                     /home/eissa/.ivy2/cache/org.mortbay.jetty/jetty-util/jars/jetty-util-6.1.26.jar
7fbb6dc3a000-7fbb6dc3d000 r--s 00058000 08:01 295785                     /home/eissa/.ivy2/cache/org.lz4/lz4-java/jars/lz4-java-1.4.0.jar
7fbb6dc3d000-7fbb6dc3e000 r--s 00009000 08:01 295895                     /home/eissa/.ivy2/cache/org.json4s/json4s-jackson_2.11/jars/json4s-jackson_2.11-3.2.11.jar
7fbb6dc3e000-7fbb6dc48000 r--s 00086000 08:01 295801                     /home/eissa/.ivy2/cache/org.json4s/json4s-core_2.11/jars/json4s-core_2.11-3.2.11.jar
7fbb6dc48000-7fbb6dc4b000 r--s 00012000 08:01 295770                     /home/eissa/.ivy2/cache/org.json4s/json4s-ast_2.11/jars/json4s-ast_2.11-3.2.11.jar
7fbb6dc4b000-7fbb6dc55000 r--s 000a5000 08:01 295722                     /home/eissa/.ivy2/cache/org.javassist/javassist/bundles/javassist-3.18.1-GA.jar
7fbb6dc55000-7fbb6dc57000 r--s 00006000 08:01 295761                     /home/eissa/.ivy2/cache/org.htrace/htrace-core/jars/htrace-core-3.0.4.jar
7fbb6dc57000-7fbb6dc59000 r--s 00010000 08:01 295818                     /home/eissa/.ivy2/cache/org.glassfish.jersey.media/jersey-media-jaxb/jars/jersey-media-jaxb-2.22.2.jar
7fbb6dc59000-7fbb6dc6f000 r--s 000d3000 08:01 295746                     /home/eissa/.ivy2/cache/org.glassfish.jersey.core/jersey-server/jars/jersey-server-2.22.2.jar
7fbb6dc6f000-7fbb6dc7d000 r--s 0009d000 08:01 295726                     /home/eissa/.ivy2/cache/org.glassfish.jersey.core/jersey-common/jars/jersey-common-2.22.2.jar
7fbb6dc7d000-7fbb6dc81000 r--s 00025000 08:01 295763                     /home/eissa/.ivy2/cache/org.glassfish.jersey.core/jersey-client/jars/jersey-client-2.22.2.jar
7fbb6dc81000-7fbb6dc84000 r--s 0000e000 08:01 295837                     /home/eissa/.ivy2/cache/org.glassfish.jersey.containers/jersey-container-servlet-core/jars/jersey-container-servlet-core-2.22.2.jar
7fbb6dc84000-7fbb6dc86000 r--s 00003000 08:01 295739                     /home/eissa/.ivy2/cache/org.glassfish.jersey.containers/jersey-container-servlet/jars/jersey-container-servlet-2.22.2.jar
7fbb6dc86000-7fbb6dc9e000 r--s 000d6000 08:01 295883                     /home/eissa/.ivy2/cache/org.glassfish.jersey.bundles.repackaged/jersey-guava/bundles/jersey-guava-2.22.2.jar
7fbb6dc9e000-7fbb6dc9f000 r--s 00001000 08:01 295776                     /home/eissa/.ivy2/cache/org.glassfish.hk2.external/javax.inject/jars/javax.inject-2.4.0-b34.jar
7fbb6dc9f000-7fbb6dca1000 r--s 00002000 08:01 295751                     /home/eissa/.ivy2/cache/org.glassfish.hk2.external/aopalliance-repackaged/jars/aopalliance-repackaged-2.4.0-b34.jar
7fbb6dca1000-7fbb6dca2000 r--s 00004000 08:01 295866                     /home/eissa/.ivy2/cache/org.glassfish.hk2/osgi-resource-locator/jars/osgi-resource-locator-1.0.1.jar
7fbb6dca2000-7fbb6dca6000 r--s 0001a000 08:01 295850                     /home/eissa/.ivy2/cache/org.glassfish.hk2/hk2-utils/jars/hk2-utils-2.4.0-b34.jar
7fbb6dca6000-7fbb6dcaa000 r--s 00029000 08:01 295819                     /home/eissa/.ivy2/cache/org.glassfish.hk2/hk2-locator/jars/hk2-locator-2.4.0-b34.jar
7fbb6dcaa000-7fbb6dcaf000 r--s 00027000 08:01 295874                     /home/eissa/.ivy2/cache/org.glassfish.hk2/hk2-api/jars/hk2-api-2.4.0-b34.jar
7fbb6dcaf000-7fbb6dcb2000 r--s 000fd000 08:01 295758                     /home/eissa/.ivy2/cache/org.fusesource.leveldbjni/leveldbjni-all/bundles/leveldbjni-all-1.8.jar
7fbb6dcb2000-7fbb6dcb4000 r--s 0000f000 08:01 295774                     /home/eissa/.ivy2/cache/org.codehaus.jettison/jettison/bundles/jettison-1.1.jar
7fbb6dcb4000-7fbb6dcc0000 r--s 000b7000 08:01 295828                     /home/eissa/.ivy2/cache/org.codehaus.janino/janino/jars/janino-3.0.8.jar
7fbb6dcc0000-7fbb6dcc2000 r--s 00008000 08:01 295855                     /home/eissa/.ivy2/cache/org.codehaus.janino/commons-compiler/jars/commons-compiler-3.0.8.jar
7fbb6dcc2000-7fbb6dcc3000 r--s 00006000 08:01 295786                     /home/eissa/.ivy2/cache/org.codehaus.jackson/jackson-xc/jars/jackson-xc-1.9.13.jar
7fbb6dcc3000-7fbb6dcd1000 r--s 000b1000 08:01 295778                     /home/eissa/.ivy2/cache/org.codehaus.jackson/jackson-mapper-asl/jars/jackson-mapper-asl-1.9.13.jar
7fbb6dcd1000-7fbb6dcd2000 r--s 00004000 08:01 295885                     /home/eissa/.ivy2/cache/org.codehaus.jackson/jackson-jaxrs/jars/jackson-jaxrs-1.9.13.jar
7fbb6dcd2000-7fbb6dcd6000 r--s 00035000 08:01 295904                     /home/eissa/.ivy2/cache/org.codehaus.jackson/jackson-core-asl/jars/jackson-core-asl-1.9.13.jar
7fbb6dcd6000-7fbb6dd16000 r--s 00285000 08:01 295853                     /home/eissa/.ivy2/cache/org.bouncycastle/bcprov-jdk15on/jars/bcprov-jdk15on-1.52.jar
7fbb6dd16000-7fbb6dd22000 r--s 000b6000 08:01 295792                     /home/eissa/.ivy2/cache/org.apache.zookeeper/zookeeper/jars/zookeeper-3.4.6.jar
7fbb6dd22000-7fbb6dd25000 r--s 00021000 08:01 295733                     /home/eissa/.ivy2/cache/org.apache.xbean/xbean-asm5-shaded/bundles/xbean-asm5-shaded-4.4.jar
7fbb6dd25000-7fbb6dd27000 r--s 0000a000 08:01 298628                     /home/eissa/.ivy2/cache/org.apache.spark/spark-unsafe_2.11/jars/spark-unsafe_2.11-2.3.0.jar
7fbb6dd27000-7fbb6dd28000 r--s 00003000 08:01 298621                     /home/eissa/.ivy2/cache/org.apache.spark/spark-tags_2.11/jars/spark-tags_2.11-2.3.0.jar
7fbb6dd28000-7fbb6dd57000 r--s 001e3000 08:01 298622                     /home/eissa/.ivy2/cache/org.apache.spark/spark-streaming_2.11/jars/spark-streaming_2.11-2.3.0.jar
7fbb6dd57000-7fbb6de02000 r--s 00799000 08:01 298620                     /home/eissa/.ivy2/cache/org.apache.spark/spark-sql_2.11/jars/spark-sql_2.11-2.3.0.jar
7fbb6de02000-7fbb6de04000 r--s 00006000 08:01 298607                     /home/eissa/.ivy2/cache/org.apache.spark/spark-sketch_2.11/jars/spark-sketch_2.11-2.3.0.jar
7fbb6de04000-7fbb6de06000 r--s 0000e000 08:01 298625                     /home/eissa/.ivy2/cache/org.apache.spark/spark-network-shuffle_2.11/jars/spark-network-shuffle_2.11-2.3.0.jar
7fbb6de06000-7fbb6de34000 r--s 00218000 08:01 298608                     /home/eissa/.ivy2/cache/org.apache.spark/spark-network-common_2.11/jars/spark-network-common_2.11-2.3.0.jar
7fbb6de34000-7fbb6dec1000 r--s 006d5000 08:01 298626                     /home/eissa/.ivy2/cache/org.apache.spark/spark-mllib_2.11/jars/spark-mllib_2.11-2.3.0.jar
7fbb6dec1000-7fbb6dec5000 r--s 00029000 08:01 298606                     /home/eissa/.ivy2/cache/org.apache.spark/spark-mllib-local_2.11/jars/spark-mllib-local_2.11-2.3.0.jar
7fbb6dec5000-7fbb6dec7000 r--s 00011000 08:01 298613                     /home/eissa/.ivy2/cache/org.apache.spark/spark-launcher_2.11/jars/spark-launcher_2.11-2.3.0.jar
7fbb6dec7000-7fbb6dec9000 r--s 0000b000 08:01 298619                     /home/eissa/.ivy2/cache/org.apache.spark/spark-kvstore_2.11/jars/spark-kvstore_2.11-2.3.0.jar
7fbb6dec9000-7fbb6ded7000 r--s 000a0000 08:01 298609                     /home/eissa/.ivy2/cache/org.apache.spark/spark-graphx_2.11/jars/spark-graphx_2.11-2.3.0.jar
7fbb6ded7000-7fbb6dfc2000 r--s 00b77000 08:01 298610                     /home/eissa/.ivy2/cache/org.apache.spark/spark-core_2.11/jars/spark-core_2.11-2.3.0.jar
7fbb6dfc2000-7fbb6e06a000 r--s 007ea000 08:01 298617                     /home/eissa/.ivy2/cache/org.apache.spark/spark-catalyst_2.11/jars/spark-catalyst_2.11-2.3.0.jar
7fbb6e06a000-7fbb6e07e000 r--s 000ec000 08:01 298614                     /home/eissa/.ivy2/cache/org.apache.parquet/parquet-jackson/jars/parquet-jackson-1.8.2.jar
7fbb6e07e000-7fbb6e084000 r--s 00038000 08:01 298627                     /home/eissa/.ivy2/cache/org.apache.parquet/parquet-hadoop/jars/parquet-hadoop-1.8.2.jar
7fbb6e084000-7fbb6e08c000 r--s 00058000 08:01 295716                     /home/eissa/.ivy2/cache/org.apache.parquet/parquet-format/jars/parquet-format-2.3.1.jar
7fbb6e08c000-7fbb6e092000 r--s 00040000 08:01 298618                     /home/eissa/.ivy2/cache/org.apache.parquet/parquet-encoding/jars/parquet-encoding-1.8.2.jar
7fbb6e092000-7fbb6e094000 r--s 00009000 08:01 298615                     /home/eissa/.ivy2/cache/org.apache.parquet/parquet-common/jars/parquet-common-1.8.2.jar
7fbb6e094000-7fbb6e0ab000 r--s 000d3000 08:01 298624                     /home/eissa/.ivy2/cache/org.apache.parquet/parquet-column/jars/parquet-column-1.8.2.jar
7fbb6e0ab000-7fbb6e0b5000 r--s 000af000 08:01 298623                     /home/eissa/.ivy2/cache/org.apache.orc/orc-mapreduce/jars/orc-mapreduce-1.4.1-nohive.jar
7fbb6e0b5000-7fbb6e0c8000 r--s 0014e000 08:01 298616                     /home/eissa/.ivy2/cache/org.apache.orc/orc-core/jars/orc-core-1.4.1-nohive.jar
7fbb6e0c8000-7fbb6e0de000 r--s 00124000 08:01 295784                     /home/eissa/.ivy2/cache/org.apache.ivy/ivy/jars/ivy-2.4.0.jar
7fbb6e0de000-7fbb6e0e5000 r--s 00048000 08:01 294020                     /home/eissa/.ivy2/cache/org.apache.httpcomponents/httpcore/jars/httpcore-4.4.1.jar
7fbb6e0e5000-7fbb6e0f2000 r--s 000a5000 08:01 294022                     /home/eissa/.ivy2/cache/org.apache.httpcomponents/httpclient/jars/httpclient-4.5.jar
7fbb6e0f2000-7fbb6e0f8000 r--s 00049000 08:01 295893                     /home/eissa/.ivy2/cache/org.apache.hadoop/hadoop-yarn-server-common/jars/hadoop-yarn-server-common-2.6.5.jar
7fbb6e0f8000-7fbb6e10f000 r--s 00177000 08:01 295817                     /home/eissa/.ivy2/cache/org.apache.hadoop/hadoop-yarn-common/jars/hadoop-yarn-common-2.6.5.jar
7fbb6e10f000-7fbb6e112000 r--s 00023000 08:01 295753                     /home/eissa/.ivy2/cache/org.apache.hadoop/hadoop-yarn-client/jars/hadoop-yarn-client-2.6.5.jar
7fbb6e112000-7fbb6e12c000 r--s 001b5000 08:01 295878                     /home/eissa/.ivy2/cache/org.apache.hadoop/hadoop-yarn-api/jars/hadoop-yarn-api-2.6.5.jar
7fbb6e12c000-7fbb6e12e000 r--s 0000f000 08:01 295889                     /home/eissa/.ivy2/cache/org.apache.hadoop/hadoop-mapreduce-client-shuffle/jars/hadoop-mapreduce-client-shuffle-2.6.5.jar
7fbb6e12e000-7fbb6e12f000 r--s 0000e000 08:01 295814                     /home/eissa/.ivy2/cache/org.apache.hadoop/hadoop-mapreduce-client-jobclient/jars/hadoop-mapreduce-client-jobclient-2.6.5.jar
7fbb6e12f000-7fbb6e148000 r--s 0015f000 08:01 295730                     /home/eissa/.ivy2/cache/org.apache.hadoop/hadoop-mapreduce-client-core/jars/hadoop-mapreduce-client-core-2.6.5.jar
7fbb6e148000-7fbb6e154000 r--s 0009d000 08:01 295841                     /home/eissa/.ivy2/cache/org.apache.hadoop/hadoop-mapreduce-client-common/jars/hadoop-mapreduce-client-common-2.6.5.jar
7fbb6e154000-7fbb6e15e000 r--s 00078000 08:01 295835                     /home/eissa/.ivy2/cache/org.apache.hadoop/hadoop-mapreduce-client-app/jars/hadoop-mapreduce-client-app-2.6.5.jar
7fbb6e15e000-7fbb6e1c5000 r--s 0072d000 08:01 295846                     /home/eissa/.ivy2/cache/org.apache.hadoop/hadoop-hdfs/jars/hadoop-hdfs-2.6.5.jar
7fbb6e1c5000-7fbb6e1fb000 r--s 002fe000 08:01 295798                     /home/eissa/.ivy2/cache/org.apache.hadoop/hadoop-common/jars/hadoop-common-2.6.5.jar
7fbb6e1fb000-7fbb6e1fc000 r--s 00006000 08:01 295736                     /home/eissa/.ivy2/cache/org.apache.hadoop/hadoop-client/jars/hadoop-client-2.6.5.jar
7fbb6e1fc000-7fbb6e1ff000 r--s 00014000 08:01 295902                     /home/eissa/.ivy2/cache/org.apache.hadoop/hadoop-auth/jars/hadoop-auth-2.6.5.jar
7fbb6e1ff000-7fbb6e200000 r--s 00009000 08:01 295754                     /home/eissa/.ivy2/cache/org.apache.hadoop/hadoop-annotations/jars/hadoop-annotations-2.6.5.jar
7fbb6e200000-7fbb6e212000 r--s 00097000 08:01 295888                     /home/eissa/.ivy2/cache/org.apache.directory.server/apacheds-kerberos-codec/bundles/apacheds-kerberos-codec-2.0.0-M15.jar
7fbb6e212000-7fbb6e213000 r--s 0000a000 08:01 295864                     /home/eissa/.ivy2/cache/org.apache.directory.server/apacheds-i18n/bundles/apacheds-i18n-2.0.0-M15.jar
7fbb6e213000-7fbb6e215000 r--s 00012000 08:01 295779                     /home/eissa/.ivy2/cache/org.apache.directory.api/api-util/bundles/api-util-1.0.0-M20.jar
7fbb6e215000-7fbb6e217000 r--s 00003000 08:01 295737                     /home/eissa/.ivy2/cache/org.apache.directory.api/api-asn1-api/bundles/api-asn1-api-1.0.0-M20.jar
7fbb6e217000-7fbb6e21e000 r--s 00036000 08:01 295848                     /home/eissa/.ivy2/cache/org.apache.curator/curator-recipes/bundles/curator-recipes-2.6.0.jar
7fbb6e21e000-7fbb6e224000 r--s 00028000 08:01 295822                     /home/eissa/.ivy2/cache/org.apache.curator/curator-framework/bundles/curator-framework-2.6.0.jar
7fbb6e224000-7fbb6e226000 r--s 0000f000 08:01 295852                     /home/eissa/.ivy2/cache/org.apache.curator/curator-client/bundles/curator-client-2.6.0.jar
7fbb6e226000-7fbb6e24a000 r--s 001cd000 08:01 295832                     /home/eissa/.ivy2/cache/org.apache.commons/commons-math3/jars/commons-math3-3.4.1.jar
7fbb6e24a000-7fbb6e252000 r--s 0006e000 08:01 295825                     /home/eissa/.ivy2/cache/org.apache.commons/commons-lang3/jars/commons-lang3-3.5.jar
7fbb6e252000-7fbb6e254000 r--s 0001f000 08:01 295744                     /home/eissa/.ivy2/cache/org.apache.commons/commons-crypto/jars/commons-crypto-1.0.0.jar
7fbb6e254000-7fbb6e259000 r--s 00036000 08:01 295777                     /home/eissa/.ivy2/cache/org.apache.commons/commons-compress/jars/commons-compress-1.4.1.jar
7fbb6e259000-7fbb6e25e000 r--s 00028000 08:01 295903                     /home/eissa/.ivy2/cache/org.apache.avro/avro-mapred/jars/avro-mapred-1.7.7-hadoop2.jar
7fbb6e25e000-7fbb6e265000 r--s 0004e000 08:01 295714                     /home/eissa/.ivy2/cache/org.apache.avro/avro-ipc/jars/avro-ipc-1.7.7-tests.jar
7fbb6e265000-7fbb6e269000 r--s 0002c000 08:01 295908                     /home/eissa/.ivy2/cache/org.apache.avro/avro-ipc/jars/avro-ipc-1.7.7.jar
7fbb6e269000-7fbb6e272000 r--s 00062000 08:01 294021                     /home/eissa/.ivy2/cache/org.apache.avro/avro/jars/avro-1.7.7.jar
7fbb6e272000-7fbb6e282000 r--s 00127000 08:01 295834                     /home/eissa/.ivy2/cache/org.apache.arrow/arrow-vector/jars/arrow-vector-0.8.0.jar
7fbb6e282000-7fbb6e284000 r--s 00012000 08:01 295820                     /home/eissa/.ivy2/cache/org.apache.arrow/arrow-memory/jars/arrow-memory-0.8.0.jar
7fbb6e284000-7fbb6e286000 r--s 0000b000 08:01 295707                     /home/eissa/.ivy2/cache/org.apache.arrow/arrow-format/jars/arrow-format-0.8.0.jar
7fbb6e286000-7fbb6e28c000 r--s 0004c000 08:01 295742                     /home/eissa/.ivy2/cache/org.antlr/antlr4-runtime/jars/antlr4-runtime-4.7.jar
7fbb6e28c000-7fbb6e29e000 r--s 00112000 08:01 295862                     /home/eissa/.ivy2/cache/net.sourceforge.f2j/arpack_combined_all/jars/arpack_combined_all-0.1.jar
7fbb6e29e000-7fbb6e2a0000 r--s 0001b000 08:01 298611                     /home/eissa/.ivy2/cache/net.sf.py4j/py4j/jars/py4j-0.10.6.jar
7fbb6e2a0000-7fbb6e2a1000 r--s 00004000 08:01 295880                     /home/eissa/.ivy2/cache/net.sf.opencsv/opencsv/jars/opencsv-2.3.jar
7fbb6e2a1000-7fbb6e2a4000 r--s 00015000 08:01 295830                     /home/eissa/.ivy2/cache/net.razorvine/pyrolite/jars/pyrolite-4.13.jar
7fbb6e2a4000-7fbb6e2bf000 r--s 001d9000 08:01 295771                     /home/eissa/.ivy2/cache/net.java.dev.jets3t/jets3t/jars/jets3t-0.9.4.jar
7fbb6e2bf000-7fbb6e2c1000 r--s 00003000 08:01 295845                     /home/eissa/.ivy2/cache/net.iharder/base64/jars/base64-2.3.8.jar
7fbb6e2c1000-7fbb6e2ca000 r--s 0006f000 08:01 295767                     /home/eissa/.ivy2/cache/log4j/log4j/bundles/log4j-1.2.17.jar
7fbb6e2ca000-7fbb6e2db000 r--s 0008a000 08:01 295898                     /home/eissa/.ivy2/cache/joda-time/joda-time/jars/joda-time-2.9.9.jar
7fbb6e2db000-7fbb6e2dd000 r--s 00014000 08:01 295870                     /home/eissa/.ivy2/cache/jline/jline/jars/jline-0.9.94.jar
7fbb6e2dd000-7fbb6e2df000 r--s 00004000 08:01 295764                     /home/eissa/.ivy2/cache/javax.xml.stream/stax-api/jars/stax-api-1.0-2.jar
7fbb6e2df000-7fbb6e2e2000 r--s 00017000 08:01 295906                     /home/eissa/.ivy2/cache/javax.xml.bind/jaxb-api/jars/jaxb-api-2.2.2.jar
7fbb6e2e2000-7fbb6e2e6000 r--s 00019000 08:01 295836                     /home/eissa/.ivy2/cache/javax.ws.rs/javax.ws.rs-api/jars/javax.ws.rs-api-2.0.1.jar
7fbb6e2e6000-7fbb6e2ea000 r--s 0000c000 08:01 295790                     /home/eissa/.ivy2/cache/javax.validation/validation-api/jars/validation-api-1.1.0.Final.jar
7fbb6e2ea000-7fbb6e2ed000 r--s 00015000 08:01 295807                     /home/eissa/.ivy2/cache/javax.servlet/javax.servlet-api/jars/javax.servlet-api-3.1.0.jar
7fbb6e2ed000-7fbb6e2ee000 r--s 00000000 08:01 295839                     /home/eissa/.ivy2/cache/javax.inject/javax.inject/jars/javax.inject-1.jar
7fbb6e2ee000-7fbb6e2f0000 r--s 00005000 08:01 295782                     /home/eissa/.ivy2/cache/javax.annotation/javax.annotation-api/jars/javax.annotation-api-1.2.jar
7fbb6e2f0000-7fbb6e2f2000 r--s 0000f000 08:01 295787                     /home/eissa/.ivy2/cache/javax.activation/activation/jars/activation-1.1.1.jar
7fbb6e2f2000-7fbb6e333000 r--s 0035a000 08:01 295849                     /home/eissa/.ivy2/cache/io.netty/netty-all/jars/netty-all-4.1.17.Final.jar
7fbb6e333000-7fbb6e34c000 r--s 0012c000 08:01 295768                     /home/eissa/.ivy2/cache/io.netty/netty/bundles/netty-3.9.9.Final.jar
7fbb6e34c000-7fbb6e34e000 r--s 00008000 08:01 295875                     /home/eissa/.ivy2/cache/io.dropwizard.metrics/metrics-jvm/bundles/metrics-jvm-3.1.5.jar
7fbb6e34e000-7fbb6e34f000 r--s 00003000 08:01 295752                     /home/eissa/.ivy2/cache/io.dropwizard.metrics/metrics-json/bundles/metrics-json-3.1.5.jar
7fbb6e34f000-7fbb6e351000 r--s 00004000 08:01 295803                     /home/eissa/.ivy2/cache/io.dropwizard.metrics/metrics-graphite/bundles/metrics-graphite-3.1.5.jar
7fbb6e351000-7fbb6e355000 r--s 0001a000 08:01 295796                     /home/eissa/.ivy2/cache/io.dropwizard.metrics/metrics-core/bundles/metrics-core-3.1.5.jar
7fbb6e355000-7fbb6e357000 r--s 0001e000 08:01 295829                     /home/eissa/.ivy2/cache/io.airlift/aircompressor/jars/aircompressor-0.8.jar
7fbb6e357000-7fbb6e35b000 r--s 00030000 08:01 295892                     /home/eissa/.ivy2/cache/commons-net/commons-net/jars/commons-net-2.2.jar
7fbb6e35b000-7fbb6e360000 r--s 00041000 08:01 295842                     /home/eissa/.ivy2/cache/commons-lang/commons-lang/jars/commons-lang-2.6.jar
7fbb6e360000-7fbb6e364000 r--s 0002a000 08:01 295899                     /home/eissa/.ivy2/cache/commons-io/commons-io/jars/commons-io-2.4.jar
7fbb6e364000-7fbb6e36a000 r--s 00045000 08:01 295743                     /home/eissa/.ivy2/cache/commons-httpclient/commons-httpclient/jars/commons-httpclient-3.1.jar
7fbb6e36a000-7fbb6e36e000 r--s 00020000 08:01 295897                     /home/eissa/.ivy2/cache/commons-digester/commons-digester/jars/commons-digester-1.8.jar
7fbb6e36e000-7fbb6e374000 r--s 00043000 08:01 295748                     /home/eissa/.ivy2/cache/commons-configuration/commons-configuration/jars/commons-configuration-1.6.jar
7fbb6e374000-7fbb6e381000 r--s 00083000 08:01 295905                     /home/eissa/.ivy2/cache/commons-collections/commons-collections/jars/commons-collections-3.2.2.jar
7fbb6e381000-7fbb6e388000 r--s 0004e000 08:01 288534                     /home/eissa/.ivy2/cache/commons-codec/commons-codec/jars/commons-codec-1.13.jar
7fbb6e388000-7fbb6e38a000 r--s 00009000 08:01 295891                     /home/eissa/.ivy2/cache/commons-cli/commons-cli/jars/commons-cli-1.2.jar
7fbb6e38a000-7fbb6e38e000 r--s 0002f000 08:01 295843                     /home/eissa/.ivy2/cache/commons-beanutils/commons-beanutils-core/jars/commons-beanutils-core-1.8.0.jar
7fbb6e38e000-7fbb6e393000 r--s 0002a000 08:01 295766                     /home/eissa/.ivy2/cache/commons-beanutils/commons-beanutils/jars/commons-beanutils-1.7.0.jar
7fbb6e393000-7fbb6e39b000 r--s 00056000 08:01 295838                     /home/eissa/.ivy2/cache/com.univocity/univocity-parsers/jars/univocity-parsers-2.5.9.jar
7fbb6e39b000-7fbb6e39f000 r--s 00033000 08:01 295901                     /home/eissa/.ivy2/cache/com.twitter/chill_2.11/jars/chill_2.11-0.8.4.jar
7fbb6e39f000-7fbb6e3a1000 r--s 0000d000 08:01 295802                     /home/eissa/.ivy2/cache/com.twitter/chill-java/jars/chill-java-0.8.4.jar
7fbb6e3a1000-7fbb6e3a3000 r--s 00007000 08:01 295724                     /home/eissa/.ivy2/cache/com.thoughtworks.paranamer/paranamer/bundles/paranamer-2.8.jar
7fbb6e3a3000-7fbb6e3a5000 r--s 00012000 08:01 295749                     /home/eissa/.ivy2/cache/com.ning/compress-lzf/bundles/compress-lzf-1.0.3.jar
7fbb6e3a5000-7fbb6e3a7000 r--s 00003000 08:01 295859                     /home/eissa/.ivy2/cache/com.jamesmurty.utils/java-xmlbuilder/jars/java-xmlbuilder-1.1.jar
7fbb6e3a7000-7fbb6e3af000 r--s 0007b000 08:01 295811                     /home/eissa/.ivy2/cache/com.google.protobuf/protobuf-java/bundles/protobuf-java-2.5.0.jar
7fbb6e3af000-7fbb6e3be000 r--s 0009f000 08:01 295738                     /home/eissa/.ivy2/cache/com.google.inject/guice/jars/guice-3.0.jar
7fbb6e3be000-7fbb6e3df000 r--s 00172000 08:01 295831                     /home/eissa/.ivy2/cache/com.google.guava/guava/jars/guava-11.0.2.jar
7fbb6e3df000-7fbb6e3e4000 r--s 0002a000 08:01 295861                     /home/eissa/.ivy2/cache/com.google.code.gson/gson/jars/gson-2.2.4.jar
7fbb6e3e4000-7fbb6e3e6000 r--s 00003000 08:01 295759                     /home/eissa/.ivy2/cache/com.google.code.findbugs/jsr305/jars/jsr305-3.0.2.jar
7fbb6e3e6000-7fbb6e3f1000 r--s 000b0000 08:01 295711                     /home/eissa/.ivy2/cache/com.github.rwl/jtransforms/jars/jtransforms-2.4.0.jar
7fbb6e3f1000-7fbb6e3f3000 r--s 00238000 08:01 295756                     /home/eissa/.ivy2/cache/com.github.luben/zstd-jni/bundles/zstd-jni-1.3.2-2.jar
7fbb6e3f3000-7fbb6e3f5000 r--s 00027000 08:01 295781                     /home/eissa/.ivy2/cache/com.github.fommil.netlib/core/jars/core-1.1.2.jar
7fbb6e3f5000-7fbb6e402000 r--s 00071000 08:01 295869                     /home/eissa/.ivy2/cache/com.fasterxml.jackson.module/jackson-module-scala_2.11/bundles/jackson-module-scala_2.11-2.6.7.1.jar
7fbb6e402000-7fbb6e404000 r--s 00009000 08:01 295757                     /home/eissa/.ivy2/cache/com.fasterxml.jackson.module/jackson-module-paranamer/bundles/jackson-module-paranamer-2.7.9.jar
7fbb6e404000-7fbb6e415000 r--s 0010c000 08:01 295840                     /home/eissa/.ivy2/cache/com.fasterxml.jackson.core/jackson-databind/bundles/jackson-databind-2.6.7.1.jar
7fbb6e415000-7fbb6e418000 r--s 0003b000 08:01 295755                     /home/eissa/.ivy2/cache/com.fasterxml.jackson.core/jackson-core/bundles/jackson-core-2.7.9.jar
7fbb6e418000-7fbb6e41b000 r--s 00009000 08:01 295844                     /home/eissa/.ivy2/cache/com.fasterxml.jackson.core/jackson-annotations/bundles/jackson-annotations-2.6.7.jar
7fbb6e41b000-7fbb6e422000 r--s 00051000 08:01 295760                     /home/eissa/.ivy2/cache/com.esotericsoftware/kryo-shaded/bundles/kryo-shaded-3.0.3.jar
7fbb6e422000-7fbb6e425000 r--s 00028000 08:01 295797                     /home/eissa/.ivy2/cache/com.clearspring.analytics/stream/jars/stream-2.7.0.jar
7fbb6e425000-7fbb6e46b000 r--s 00317000 08:01 295884                     /home/eissa/.ivy2/cache/com.chuusai/shapeless_2.11/bundles/shapeless_2.11-2.3.2.jar
7fbb6e46b000-7fbb6e48c000 r--s 00177000 08:01 295816                     /home/eissa/.ivy2/cache/com.carrotsearch/hppc/bundles/hppc-0.7.2.jar
7fbb6e48c000-7fbb6e4e5000 r--s 00522000 08:01 298558                     /home/eissa/.ivy2/cache/org.scala-lang/scala-library/jars/scala-library-2.11.8.jar
7fbb6e4e5000-7fbb6e4f8000 r--s 00345000 08:01 291417                     /home/eissa/java/jdk1.8.0_181/jre/lib/resources.jar
7fbb6e4f8000-7fbb6e50b000 r--s 000d6000 08:01 291321                     /home/eissa/java/jdk1.8.0_181/jre/lib/plugin.jar
7fbb6e50b000-7fbb6e50e000 ---p 00000000 00:00 0 
7fbb6e50e000-7fbb6e60c000 rw-p 00000000 00:00 0                          [stack:48228]
7fbb6e60c000-7fbb6ecee000 r--p 00000000 08:01 9198                       /usr/lib/locale/locale-archive
7fbb6ecee000-7fbb6ecf1000 ---p 00000000 00:00 0 
7fbb6ecf1000-7fbb6edef000 rw-p 00000000 00:00 0                          [stack:48224]
7fbb6edef000-7fbb6edf2000 ---p 00000000 00:00 0 
7fbb6edf2000-7fbb71000000 rw-p 00000000 00:00 0                          [stack:48223]
7fbb71000000-7fbb72920000 rwxp 00000000 00:00 0 
7fbb72920000-7fbb80000000 ---p 00000000 00:00 0 
7fbb80000000-7fbb82001000 rw-p 00000000 00:00 0 
7fbb82001000-7fbb84000000 ---p 00000000 00:00 0 
7fbb84000000-7fbb84001000 r--s 00002000 08:01 295799                     /home/eissa/.ivy2/cache/com.vlkan/flatbuffers/jars/flatbuffers-1.2.0-3f79e055.jar
7fbb84001000-7fbb84006000 r--s 0009d000 08:01 291436                     /home/eissa/java/jdk1.8.0_181/jre/lib/jsse.jar
7fbb84006000-7fbb8400f000 r--s 0006d000 08:01 291306                     /home/eissa/java/jdk1.8.0_181/jre/lib/javaws.jar
7fbb8400f000-7fbb84010000 ---p 00000000 00:00 0 
7fbb84010000-7fbb8501f000 rw-p 00000000 00:00 0                          [stack:48220]
7fbb8501f000-7fbb851f9000 r--s 03d6b000 08:01 291379                     /home/eissa/java/jdk1.8.0_181/jre/lib/rt.jar
7fbb851f9000-7fbb85c80000 rw-p 00000000 00:00 0 
7fbb85c80000-7fbb85c81000 ---p 00000000 00:00 0 
7fbb85c81000-7fbb85d81000 rw-p 00000000 00:00 0                          [stack:48219]
7fbb85d81000-7fbb85d82000 ---p 00000000 00:00 0 
7fbb85d82000-7fbb85e82000 rw-p 00000000 00:00 0                          [stack:48218]
7fbb85e82000-7fbb85e83000 ---p 00000000 00:00 0 
7fbb85e83000-7fbb85f83000 rw-p 00000000 00:00 0                          [stack:48217]
7fbb85f83000-7fbb85f84000 ---p 00000000 00:00 0 
7fbb85f84000-7fbb86177000 rw-p 00000000 00:00 0                          [stack:48214]
7fbb86177000-7fbb861e5000 ---p 00000000 00:00 0 
7fbb861e5000-7fbb862d8000 rw-p 00000000 00:00 0 
7fbb862d8000-7fbb86345000 ---p 00000000 00:00 0 
7fbb86345000-7fbb863f6000 rw-p 00000000 00:00 0 
7fbb863f6000-7fbb8645c000 rw-p 00000000 00:00 0 
7fbb8645c000-7fbb867b7000 ---p 00000000 00:00 0 
7fbb867b7000-7fbb867d2000 r-xp 00000000 08:01 291591                     /home/eissa/java/jdk1.8.0_181/jre/lib/amd64/libzip.so
7fbb867d2000-7fbb869d2000 ---p 0001b000 08:01 291591                     /home/eissa/java/jdk1.8.0_181/jre/lib/amd64/libzip.so
7fbb869d2000-7fbb869d3000 rw-p 0001b000 08:01 291591                     /home/eissa/java/jdk1.8.0_181/jre/lib/amd64/libzip.so
7fbb869d3000-7fbb869de000 r-xp 00000000 08:01 790086                     /lib/x86_64-linux-gnu/libnss_files-2.19.so
7fbb869de000-7fbb86bdd000 ---p 0000b000 08:01 790086                     /lib/x86_64-linux-gnu/libnss_files-2.19.so
7fbb86bdd000-7fbb86bde000 r--p 0000a000 08:01 790086                     /lib/x86_64-linux-gnu/libnss_files-2.19.so
7fbb86bde000-7fbb86bdf000 rw-p 0000b000 08:01 790086                     /lib/x86_64-linux-gnu/libnss_files-2.19.so
7fbb86bdf000-7fbb86bea000 r-xp 00000000 08:01 790096                     /lib/x86_64-linux-gnu/libnss_nis-2.19.so
7fbb86bea000-7fbb86de9000 ---p 0000b000 08:01 790096                     /lib/x86_64-linux-gnu/libnss_nis-2.19.so
7fbb86de9000-7fbb86dea000 r--p 0000a000 08:01 790096                     /lib/x86_64-linux-gnu/libnss_nis-2.19.so
7fbb86dea000-7fbb86deb000 rw-p 0000b000 08:01 790096                     /lib/x86_64-linux-gnu/libnss_nis-2.19.so
7fbb86deb000-7fbb86e02000 r-xp 00000000 08:01 790080                     /lib/x86_64-linux-gnu/libnsl-2.19.so
7fbb86e02000-7fbb87001000 ---p 00017000 08:01 790080                     /lib/x86_64-linux-gnu/libnsl-2.19.so
7fbb87001000-7fbb87002000 r--p 00016000 08:01 790080                     /lib/x86_64-linux-gnu/libnsl-2.19.so
7fbb87002000-7fbb87003000 rw-p 00017000 08:01 790080                     /lib/x86_64-linux-gnu/libnsl-2.19.so
7fbb87003000-7fbb87005000 rw-p 00000000 00:00 0 
7fbb87005000-7fbb8700e000 r-xp 00000000 08:01 790082                     /lib/x86_64-linux-gnu/libnss_compat-2.19.so
7fbb8700e000-7fbb8720d000 ---p 00009000 08:01 790082                     /lib/x86_64-linux-gnu/libnss_compat-2.19.so
7fbb8720d000-7fbb8720e000 r--p 00008000 08:01 790082                     /lib/x86_64-linux-gnu/libnss_compat-2.19.so
7fbb8720e000-7fbb8720f000 rw-p 00009000 08:01 790082                     /lib/x86_64-linux-gnu/libnss_compat-2.19.so
7fbb8720f000-7fbb87219000 r-xp 00000000 08:01 291600                     /home/eissa/java/jdk1.8.0_181/jre/lib/amd64/libinstrument.so
7fbb87219000-7fbb87418000 ---p 0000a000 08:01 291600                     /home/eissa/java/jdk1.8.0_181/jre/lib/amd64/libinstrument.so
7fbb87418000-7fbb87419000 rw-p 00009000 08:01 291600                     /home/eissa/java/jdk1.8.0_181/jre/lib/amd64/libinstrument.so
7fbb87419000-7fbb87444000 r-xp 00000000 08:01 291585                     /home/eissa/java/jdk1.8.0_181/jre/lib/amd64/libjava.so
7fbb87444000-7fbb87643000 ---p 0002b000 08:01 291585                     /home/eissa/java/jdk1.8.0_181/jre/lib/amd64/libjava.so
7fbb87643000-7fbb87645000 rw-p 0002a000 08:01 291585                     /home/eissa/java/jdk1.8.0_181/jre/lib/amd64/libjava.so
7fbb87645000-7fbb87652000 r-xp 00000000 08:01 291590                     /home/eissa/java/jdk1.8.0_181/jre/lib/amd64/libverify.so
7fbb87652000-7fbb87852000 ---p 0000d000 08:01 291590                     /home/eissa/java/jdk1.8.0_181/jre/lib/amd64/libverify.so
7fbb87852000-7fbb87854000 rw-p 0000d000 08:01 291590                     /home/eissa/java/jdk1.8.0_181/jre/lib/amd64/libverify.so
7fbb87854000-7fbb8785b000 r-xp 00000000 08:01 790141                     /lib/x86_64-linux-gnu/librt-2.19.so
7fbb8785b000-7fbb87a5a000 ---p 00007000 08:01 790141                     /lib/x86_64-linux-gnu/librt-2.19.so
7fbb87a5a000-7fbb87a5b000 r--p 00006000 08:01 790141                     /lib/x86_64-linux-gnu/librt-2.19.so
7fbb87a5b000-7fbb87a5c000 rw-p 00007000 08:01 790141                     /lib/x86_64-linux-gnu/librt-2.19.so
7fbb87a5c000-7fbb87b61000 r-xp 00000000 08:01 790059                     /lib/x86_64-linux-gnu/libm-2.19.so
7fbb87b61000-7fbb87d60000 ---p 00105000 08:01 790059                     /lib/x86_64-linux-gnu/libm-2.19.so
7fbb87d60000-7fbb87d61000 r--p 00104000 08:01 790059                     /lib/x86_64-linux-gnu/libm-2.19.so
7fbb87d61000-7fbb87d62000 rw-p 00105000 08:01 790059                     /lib/x86_64-linux-gnu/libm-2.19.so
7fbb87d62000-7fbb88a3e000 r-xp 00000000 08:01 291567                     /home/eissa/java/jdk1.8.0_181/jre/lib/amd64/server/libjvm.so
7fbb88a3e000-7fbb88c3e000 ---p 00cdc000 08:01 291567                     /home/eissa/java/jdk1.8.0_181/jre/lib/amd64/server/libjvm.so
7fbb88c3e000-7fbb88d18000 rw-p 00cdc000 08:01 291567                     /home/eissa/java/jdk1.8.0_181/jre/lib/amd64/server/libjvm.so
7fbb88d18000-7fbb88d63000 rw-p 00000000 00:00 0 
7fbb88d63000-7fbb88f1d000 r-xp 00000000 08:01 790007                     /lib/x86_64-linux-gnu/libc-2.19.so
7fbb88f1d000-7fbb8911d000 ---p 001ba000 08:01 790007                     /lib/x86_64-linux-gnu/libc-2.19.so
7fbb8911d000-7fbb89121000 r--p 001ba000 08:01 790007                     /lib/x86_64-linux-gnu/libc-2.19.so
7fbb89121000-7fbb89123000 rw-p 001be000 08:01 790007                     /lib/x86_64-linux-gnu/libc-2.19.so
7fbb89123000-7fbb89128000 rw-p 00000000 00:00 0 
7fbb89128000-7fbb8912b000 r-xp 00000000 08:01 790024                     /lib/x86_64-linux-gnu/libdl-2.19.so
7fbb8912b000-7fbb8932a000 ---p 00003000 08:01 790024                     /lib/x86_64-linux-gnu/libdl-2.19.so
7fbb8932a000-7fbb8932b000 r--p 00002000 08:01 790024                     /lib/x86_64-linux-gnu/libdl-2.19.so
7fbb8932b000-7fbb8932c000 rw-p 00003000 08:01 790024                     /lib/x86_64-linux-gnu/libdl-2.19.so
7fbb8932c000-7fbb89342000 r-xp 00000000 08:01 291241                     /home/eissa/java/jdk1.8.0_181/lib/amd64/jli/libjli.so
7fbb89342000-7fbb89541000 ---p 00016000 08:01 291241                     /home/eissa/java/jdk1.8.0_181/lib/amd64/jli/libjli.so
7fbb89541000-7fbb89542000 rw-p 00015000 08:01 291241                     /home/eissa/java/jdk1.8.0_181/lib/amd64/jli/libjli.so
7fbb89542000-7fbb8955a000 r-xp 00000000 08:01 790133                     /lib/x86_64-linux-gnu/libpthread-2.19.so
7fbb8955a000-7fbb8975a000 ---p 00018000 08:01 790133                     /lib/x86_64-linux-gnu/libpthread-2.19.so
7fbb8975a000-7fbb8975b000 r--p 00018000 08:01 790133                     /lib/x86_64-linux-gnu/libpthread-2.19.so
7fbb8975b000-7fbb8975c000 rw-p 00019000 08:01 790133                     /lib/x86_64-linux-gnu/libpthread-2.19.so
7fbb8975c000-7fbb89760000 rw-p 00000000 00:00 0 
7fbb89760000-7fbb89783000 r-xp 00000000 08:01 789983                     /lib/x86_64-linux-gnu/ld-2.19.so
7fbb89783000-7fbb89784000 r--s 00001000 08:01 295725                     /home/eissa/.ivy2/cache/com.esotericsoftware/minlog/bundles/minlog-1.3.0.jar
7fbb89784000-7fbb89786000 r--s 00000000 08:01 295851                     /home/eissa/.ivy2/cache/aopalliance/aopalliance/jars/aopalliance-1.0.jar
7fbb89786000-7fbb8978b000 r--s 00084000 08:01 291296                     /home/eissa/java/jdk1.8.0_181/jre/lib/jfr.jar
7fbb8978b000-7fbb897a7000 r--s 0020b000 08:01 291297                     /home/eissa/java/jdk1.8.0_181/jre/lib/deploy.jar
7fbb897a7000-7fbb89866000 rw-p 00000000 00:00 0 
7fbb89866000-7fbb89869000 ---p 00000000 00:00 0 
7fbb89869000-7fbb8996b000 rw-p 00000000 00:00 0                          [stack:48211]
7fbb8996b000-7fbb8996c000 r--s 00000000 08:01 291303                     /home/eissa/java/jdk1.8.0_181/jre/lib/management-agent.jar
7fbb8996c000-7fbb8996e000 r--s 00007000 08:01 291613                     /home/eissa/java/jdk1.8.0_181/jre/lib/jfxswt.jar
7fbb8996e000-7fbb89971000 r--s 0001a000 08:01 291611                     /home/eissa/java/jdk1.8.0_181/jre/lib/jce.jar
7fbb89971000-7fbb89976000 r--s 002f9000 08:01 291377                     /home/eissa/java/jdk1.8.0_181/jre/lib/charsets.jar
7fbb89976000-7fbb8997e000 rw-s 00000000 08:01 572949                     /tmp/hsperfdata_eissa/48209
7fbb8997e000-7fbb8997f000 rw-p 00000000 00:00 0 
7fbb8997f000-7fbb89980000 ---p 00000000 00:00 0 
7fbb89980000-7fbb89982000 rw-p 00000000 00:00 0 
7fbb89982000-7fbb89983000 r--p 00022000 08:01 789983                     /lib/x86_64-linux-gnu/ld-2.19.so
7fbb89983000-7fbb89984000 rw-p 00023000 08:01 789983                     /lib/x86_64-linux-gnu/ld-2.19.so
7fbb89984000-7fbb89985000 rw-p 00000000 00:00 0 
7fffa3951000-7fffa3976000 rw-p 00000000 00:00 0                          [stack]
7fffa39ac000-7fffa39ae000 r-xp 00000000 00:00 0                          [vdso]
7fffa39ae000-7fffa39b0000 r--p 00000000 00:00 0                          [vvar]
ffffffffff600000-ffffffffff601000 r-xp 00000000 00:00 0                  [vsyscall]

VM Arguments:
jvm_args: -javaagent:/home/eissa/Intellij/lib/idea_rt.jar=46698:/home/eissa/Intellij/bin -Dfile.encoding=UTF-8 
java_command: org.dsmartml.examples.App_GetBestModel 5 1 300
java_class_path (initial): /home/eissa/java/jdk1.8.0_181/jre/lib/charsets.jar:/home/eissa/java/jdk1.8.0_181/jre/lib/deploy.jar:/home/eissa/java/jdk1.8.0_181/jre/lib/ext/cldrdata.jar:/home/eissa/java/jdk1.8.0_181/jre/lib/ext/dnsns.jar:/home/eissa/java/jdk1.8.0_181/jre/lib/ext/jaccess.jar:/home/eissa/java/jdk1.8.0_181/jre/lib/ext/jfxrt.jar:/home/eissa/java/jdk1.8.0_181/jre/lib/ext/localedata.jar:/home/eissa/java/jdk1.8.0_181/jre/lib/ext/nashorn.jar:/home/eissa/java/jdk1.8.0_181/jre/lib/ext/sunec.jar:/home/eissa/java/jdk1.8.0_181/jre/lib/ext/sunjce_provider.jar:/home/eissa/java/jdk1.8.0_181/jre/lib/ext/sunpkcs11.jar:/home/eissa/java/jdk1.8.0_181/jre/lib/ext/zipfs.jar:/home/eissa/java/jdk1.8.0_181/jre/lib/javaws.jar:/home/eissa/java/jdk1.8.0_181/jre/lib/jce.jar:/home/eissa/java/jdk1.8.0_181/jre/lib/jfr.jar:/home/eissa/java/jdk1.8.0_181/jre/lib/jfxswt.jar:/home/eissa/java/jdk1.8.0_181/jre/lib/jsse.jar:/home/eissa/java/jdk1.8.0_181/jre/lib/management-agent.jar:/home/eissa/java/jdk1.8.0_181/jre/lib/plugin.jar:/home/eissa/java/jdk1.8.0_181/jre/lib/resources.jar:/home/eissa/java/jdk1.8.0_181/jre/lib/rt.jar:/home/eissa/mycode/DSmartML/target/scala-2.11/classes:/home/eissa/.ivy2/cache/org.scala-lang/scala-library/jars/scala-library-2.11.8.jar:/home/eissa/.ivy2/cache/aopalliance/aopalliance/jars/aopalliance-1.0.jar:/home/eissa/.ivy2/cache/com.carrotsearch/hppc/bundles/hppc-0.7.2.jar:/home/eissa/.ivy2/cache/com.chuusai/shapeless_2.11/bundles/shapeless_2.11-2.3.2.jar:/home/eissa/.ivy2/cache/com.clearspring.analytics/stream/jars/stream-2.7.0.jar:/home/eissa/.ivy2/cache/com.esotericsoftware/kryo-shaded/bundles/kryo-shaded-3.0.3.jar:/home/eissa/.ivy2/cache/com.esotericsoftware/minlog/bundles/minlog-1.3.0.jar:/home/eissa/.ivy2/cache/com.fasterxml.jackson.core/jackson-annotations/bundles/jackson-annotations-2.6.7.jar:/home/eissa/.ivy2/cache/com.fasterxml.jackson.core/jackson-core/bundles/jackson-core-2.7.9.jar:/home/eissa/.ivy2/cache/com.fasterxml.jackson.core/jackson-databind/bundl
Launcher Type: SUN_STANDARD

Environment Variables:
PATH=/usr/local/sbin:/usr/local/bin:/usr/sbin:/usr/bin:/sbin:/bin:/usr/games:/usr/local/games
SHELL=/bin/bash
DISPLAY=:0

Signal Handlers:
SIGSEGV: [libjvm.so+0xad2a40], sa_mask[0]=11111111011111111101111111111110, sa_flags=SA_RESTART|SA_SIGINFO
SIGBUS: [libjvm.so+0xad2a40], sa_mask[0]=11111111011111111101111111111110, sa_flags=SA_RESTART|SA_SIGINFO
SIGFPE: [libjvm.so+0x92a610], sa_mask[0]=11111111011111111101111111111110, sa_flags=SA_RESTART|SA_SIGINFO
SIGPIPE: [libjvm.so+0x92a610], sa_mask[0]=11111111011111111101111111111110, sa_flags=SA_RESTART|SA_SIGINFO
SIGXFSZ: [libjvm.so+0x92a610], sa_mask[0]=11111111011111111101111111111110, sa_flags=SA_RESTART|SA_SIGINFO
SIGILL: [libjvm.so+0x92a610], sa_mask[0]=11111111011111111101111111111110, sa_flags=SA_RESTART|SA_SIGINFO
SIGUSR1: SIG_DFL, sa_mask[0]=00000000000000000000000000000000, sa_flags=none
SIGUSR2: [libjvm.so+0x92be70], sa_mask[0]=00100000000000000000000000000000, sa_flags=SA_RESTART|SA_SIGINFO
SIGHUP: [libjvm.so+0x92d270], sa_mask[0]=11111111011111111101111111111110, sa_flags=SA_RESTART|SA_SIGINFO
SIGINT: [libjvm.so+0x92d270], sa_mask[0]=11111111011111111101111111111110, sa_flags=SA_RESTART|SA_SIGINFO
SIGTERM: [libjvm.so+0x92d270], sa_mask[0]=11111111011111111101111111111110, sa_flags=SA_RESTART|SA_SIGINFO
SIGQUIT: [libjvm.so+0x92d270], sa_mask[0]=11111111011111111101111111111110, sa_flags=SA_RESTART|SA_SIGINFO


---------------  S Y S T E M  ---------------

OS:DISTRIB_ID=Ubuntu
DISTRIB_RELEASE=14.10
DISTRIB_CODENAME=utopic
DISTRIB_DESCRIPTION="Ubuntu 14.10"

uname:Linux 3.16.0-23-generic #31-Ubuntu SMP Tue Oct 21 17:56:17 UTC 2014 x86_64
libc:glibc 2.19 NPTL 2.19 
rlimit: STACK 8192k, CORE 0k, NPROC 16811, NOFILE 4096, AS infinity
load average:2.76 2.54 2.24

/proc/meminfo:
MemTotal:        4325872 kB
MemFree:          114656 kB
MemAvailable:      60872 kB
Buffers:             372 kB
Cached:            25528 kB
SwapCached:         7376 kB
Active:          1885508 kB
Inactive:         948280 kB
Active(anon):    1873428 kB
Inactive(anon):   935204 kB
Active(file):      12080 kB
Inactive(file):    13076 kB
Unevictable:          48 kB
Mlocked:              48 kB
SwapTotal:       4491260 kB
SwapFree:          64556 kB
Dirty:                48 kB
Writeback:           308 kB
AnonPages:       2801036 kB
Mapped:            20596 kB
Shmem:               232 kB
Slab:              89844 kB
SReclaimable:      36216 kB
SUnreclaim:        53628 kB
KernelStack:       17664 kB
PageTables:        44508 kB
NFS_Unstable:          0 kB
Bounce:                0 kB
WritebackTmp:          0 kB
CommitLimit:     6654196 kB
Committed_AS:    9321364 kB
VmallocTotal:   34359738367 kB
VmallocUsed:      185464 kB
VmallocChunk:   34359468212 kB
HardwareCorrupted:     0 kB
AnonHugePages:   1089536 kB
HugePages_Total:       0
HugePages_Free:        0
HugePages_Rsvd:        0
HugePages_Surp:        0
Hugepagesize:       2048 kB
DirectMap4k:       83776 kB
DirectMap2M:     3360768 kB
DirectMap1G:     1048576 kB


CPU:total 4 (initial active 4) (2 cores per cpu, 1 threads per core) family 6 model 78 stepping 3, cmov, cx8, fxsr, mmx, sse, sse2, sse3, ssse3, sse4.1, sse4.2, popcnt, avx, avx2, aes, clmul, erms, rtm, 3dnowpref, lzcnt, tsc, tscinvbit, bmi1, bmi2, adx

/proc/cpuinfo:
processor	: 0
vendor_id	: GenuineIntel
cpu family	: 6
model		: 78
model name	: Intel(R) Core(TM) i7-6600U CPU @ 2.60GHz
stepping	: 3
microcode	: 0x88
cpu MHz		: 2807.999
cache size	: 4096 KB
physical id	: 0
siblings	: 2
core id		: 0
cpu cores	: 2
apicid		: 0
initial apicid	: 0
fpu		: yes
fpu_exception	: yes
cpuid level	: 22
wp		: yes
flags		: fpu vme de pse tsc msr pae mce cx8 apic sep mtrr pge mca cmov pat pse36 clflush dts mmx fxsr sse sse2 ss ht syscall nx pdpe1gb rdtscp lm constant_tsc arch_perfmon pebs bts nopl xtopology tsc_reliable nonstop_tsc aperfmperf eagerfpu pni pclmulqdq ssse3 fma cx16 pcid sse4_1 sse4_2 x2apic movbe popcnt tsc_deadline_timer aes xsave avx f16c rdrand hypervisor lahf_lm abm 3dnowprefetch ida arat epb xsaveopt pln pts dtherm fsgsbase tsc_adjust bmi1 hle avx2 smep bmi2 invpcid rtm rdseed adx smap
bogomips	: 5615.99
clflush size	: 64
cache_alignment	: 64
address sizes	: 42 bits physical, 48 bits virtual
power management:

processor	: 1
vendor_id	: GenuineIntel
cpu family	: 6
model		: 78
model name	: Intel(R) Core(TM) i7-6600U CPU @ 2.60GHz
stepping	: 3
microcode	: 0x88
cpu MHz		: 2807.999
cache size	: 4096 KB
physical id	: 0
siblings	: 2
core id		: 1
cpu cores	: 2
apicid		: 1
initial apicid	: 1
fpu		: yes
fpu_exception	: yes
cpuid level	: 22
wp		: yes
flags		: fpu vme de pse tsc msr pae mce cx8 apic sep mtrr pge mca cmov pat pse36 clflush dts mmx fxsr sse sse2 ss ht syscall nx pdpe1gb rdtscp lm constant_tsc arch_perfmon pebs bts nopl xtopology tsc_reliable nonstop_tsc aperfmperf eagerfpu pni pclmulqdq ssse3 fma cx16 pcid sse4_1 sse4_2 x2apic movbe popcnt tsc_deadline_timer aes xsave avx f16c rdrand hypervisor lahf_lm abm 3dnowprefetch ida arat epb xsaveopt pln pts dtherm fsgsbase tsc_adjust bmi1 hle avx2 smep bmi2 invpcid rtm rdseed adx smap
bogomips	: 5615.99
clflush size	: 64
cache_alignment	: 64
address sizes	: 42 bits physical, 48 bits virtual
power management:

processor	: 2
vendor_id	: GenuineIntel
cpu family	: 6
model		: 78
model name	: Intel(R) Core(TM) i7-6600U CPU @ 2.60GHz
stepping	: 3
microcode	: 0x88
cpu MHz		: 2807.999
cache size	: 4096 KB
physical id	: 1
siblings	: 2
core id		: 0
cpu cores	: 2
apicid		: 2
initial apicid	: 2
fpu		: yes
fpu_exception	: yes
cpuid level	: 22
wp		: yes
flags		: fpu vme de pse tsc msr pae mce cx8 apic sep mtrr pge mca cmov pat pse36 clflush dts mmx fxsr sse sse2 ss ht syscall nx pdpe1gb rdtscp lm constant_tsc arch_perfmon pebs bts nopl xtopology tsc_reliable nonstop_tsc aperfmperf eagerfpu pni pclmulqdq ssse3 fma cx16 pcid sse4_1 sse4_2 x2apic movbe popcnt tsc_deadline_timer aes xsave avx f16c rdrand hypervisor lahf_lm abm 3dnowprefetch ida arat epb xsaveopt pln pts dtherm fsgsbase tsc_adjust bmi1 hle avx2 smep bmi2 invpcid rtm rdseed adx smap
bogomips	: 5615.99
clflush size	: 64
cache_alignment	: 64
address sizes	: 42 bits physical, 48 bits virtual
power management:

processor	: 3
vendor_id	: GenuineIntel
cpu family	: 6
model		: 78
model name	: Intel(R) Core(TM) i7-6600U CPU @ 2.60GHz
stepping	: 3
microcode	: 0x88
cpu MHz		: 2807.999
cache size	: 4096 KB
physical id	: 1
siblings	: 2
core id		: 1
cpu cores	: 2
apicid		: 3
initial apicid	: 3
fpu		: yes
fpu_exception	: yes
cpuid level	: 22
wp		: yes
flags		: fpu vme de pse tsc msr pae mce cx8 apic sep mtrr pge mca cmov pat pse36 clflush dts mmx fxsr sse sse2 ss ht syscall nx pdpe1gb rdtscp lm constant_tsc arch_perfmon pebs bts nopl xtopology tsc_reliable nonstop_tsc aperfmperf eagerfpu pni pclmulqdq ssse3 fma cx16 pcid sse4_1 sse4_2 x2apic movbe popcnt tsc_deadline_timer aes xsave avx f16c rdrand hypervisor lahf_lm abm 3dnowprefetch ida arat epb xsaveopt pln pts dtherm fsgsbase tsc_adjust bmi1 hle avx2 smep bmi2 invpcid rtm rdseed adx smap
bogomips	: 5615.99
clflush size	: 64
cache_alignment	: 64
address sizes	: 42 bits physical, 48 bits virtual
power management:



Memory: 4k page, physical 4325872k(114656k free), swap 4491260k(64556k free)

vm_info: Java HotSpot(TM) 64-Bit Server VM (25.181-b13) for linux-amd64 JRE (1.8.0_181-b13), built on Jul  7 2018 00:56:38 by "java_re" with gcc 4.3.0 20080428 (Red Hat 4.3.0-8)

time: Mon Sep  9 09:46:41 2019
elapsed time: 31 seconds (0d 0h 0m 31s)

